<?xml version="1.0" encoding="UTF-8"?>
<testsuite name="com.example.book.mapper.BookDaoTest" tests="14" skipped="0" failures="0" errors="0" timestamp="2022-11-07T14:05:28" hostname="gimnamhyeon-ui-MacBookAir.local" time="0.209">
  <properties/>
  <testcase name="selectCategory_name 테스트" classname="com.example.book.mapper.BookDaoTest" time="0.089"/>
  <testcase name="selectCategory_name_id 테스트" classname="com.example.book.mapper.BookDaoTest" time="0.009"/>
  <testcase name="insertCategory 성공 테스트" classname="com.example.book.mapper.BookDaoTest" time="0.014"/>
  <testcase name="insertCategory 실패 테스트" classname="com.example.book.mapper.BookDaoTest" time="0.004"/>
  <testcase name="insertBook 테스트" classname="com.example.book.mapper.BookDaoTest" time="0.029"/>
  <testcase name="selectOne 테스트" classname="com.example.book.mapper.BookDaoTest" time="0.008"/>
  <testcase name="dataSource연결 테스트" classname="com.example.book.mapper.BookDaoTest" time="0.003"/>
  <testcase name="bookMapper연결 테스트" classname="com.example.book.mapper.BookDaoTest" time="0.002"/>
  <testcase name="updateBook 테스트" classname="com.example.book.mapper.BookDaoTest" time="0.014"/>
  <testcase name="deleteBook 테스트" classname="com.example.book.mapper.BookDaoTest" time="0.004"/>
  <testcase name="bookCnt 테스트" classname="com.example.book.mapper.BookDaoTest" time="0.005"/>
  <testcase name="selectBooks 테스트" classname="com.example.book.mapper.BookDaoTest" time="0.015"/>
  <testcase name="insertCategoryBook 테스트" classname="com.example.book.mapper.BookDaoTest" time="0.004"/>
  <testcase name="deleteCategory_book 테스트" classname="com.example.book.mapper.BookDaoTest" time="0.005"/>
  <system-out><![CDATA[23:05:27,965 |-INFO in ch.qos.logback.classic.LoggerContext[default] - This is logback-classic version 1.4.4
23:05:27,980 |-INFO in ch.qos.logback.classic.LoggerContext[default] - Found resource [logback-test.xml] at [file:/Users/kimnamhyun/IdeaProjects/bookshop/build/resources/main/logback-test.xml]
23:05:28,022 |-WARN in ch.qos.logback.classic.joran.action.LevelAction - <level> element is deprecated. Near [level] on line 49
23:05:28,022 |-WARN in ch.qos.logback.classic.joran.action.LevelAction - Please use "level" attribute within <logger> or <root> elements instead.
23:05:28,042 |-INFO in ch.qos.logback.classic.model.processor.ConfigurationModelHandler - Registering a new ReconfigureOnChangeTask ReconfigureOnChangeTask(born:1667829928040)
23:05:28,043 |-INFO in ch.qos.logback.classic.model.processor.ConfigurationModelHandler - Will scan for changes in [file:/Users/kimnamhyun/IdeaProjects/bookshop/build/resources/main/logback-test.xml] 
23:05:28,044 |-INFO in ch.qos.logback.classic.model.processor.ConfigurationModelHandler - Setting ReconfigureOnChangeTask scanning period to 30 seconds
23:05:28,046 |-INFO in ch.qos.logback.core.model.processor.ShutdownHookModelHandler - Assuming className [ch.qos.logback.core.hook.DefaultShutdownHook]
23:05:28,046 |-INFO in ch.qos.logback.core.model.processor.ShutdownHookModelHandler - About to instantiate shutdown hook of type [ch.qos.logback.core.hook.DefaultShutdownHook]
23:05:28,046 |-INFO in ch.qos.logback.core.model.processor.ShutdownHookModelHandler - Registering shutdown hook with JVM runtime.
23:05:28,046 |-INFO in ch.qos.logback.core.model.processor.AppenderModelHandler - Processing appender named [STDOUT]
23:05:28,047 |-INFO in ch.qos.logback.core.model.processor.AppenderModelHandler - About to instantiate appender of type [ch.qos.logback.core.ConsoleAppender]
23:05:28,067 |-WARN in ch.qos.logback.core.ConsoleAppender[STDOUT] - This appender no longer admits a layout as a sub-component, set an encoder instead.
23:05:28,067 |-WARN in ch.qos.logback.core.ConsoleAppender[STDOUT] - To ensure compatibility, wrapping your layout in LayoutWrappingEncoder.
23:05:28,067 |-WARN in ch.qos.logback.core.ConsoleAppender[STDOUT] - See also http://logback.qos.ch/codes.html#layoutInsteadOfEncoder for details
23:05:28,068 |-WARN in ch.qos.logback.core.model.processor.AppenderModelHandler - Appender named [FILE] not referenced. Skipping further processing.
23:05:28,071 |-INFO in ch.qos.logback.classic.model.processor.LevelModelHandler - org.springframework level set to INFO
23:05:28,072 |-INFO in ch.qos.logback.core.model.processor.AppenderRefModelHandler - Attaching appender named [STDOUT] to Logger[org.springframework]
23:05:28,072 |-INFO in ch.qos.logback.classic.model.processor.RootLoggerModelHandler - Setting level of ROOT logger to DEBUG
23:05:28,072 |-INFO in ch.qos.logback.core.model.processor.AppenderRefModelHandler - Attaching appender named [STDOUT] to Logger[ROOT]
23:05:28,072 |-INFO in ch.qos.logback.core.model.processor.DefaultProcessor@1849db1a - End of configuration.
23:05:28,073 |-INFO in ch.qos.logback.classic.joran.JoranConfigurator@69c79f09 - Registering current configuration as safe fallback point

2022-11-07 23:05:28 INFO  [org.springframework.test.context.support.DefaultTestContextBootstrapper] - Loaded default TestExecutionListener class names from location [META-INF/spring.factories]: [org.springframework.test.context.web.ServletTestExecutionListener, org.springframework.test.context.support.DirtiesContextBeforeModesTestExecutionListener, org.springframework.test.context.event.ApplicationEventsTestExecutionListener, org.springframework.test.context.support.DependencyInjectionTestExecutionListener, org.springframework.test.context.support.DirtiesContextTestExecutionListener, org.springframework.test.context.transaction.TransactionalTestExecutionListener, org.springframework.test.context.jdbc.SqlScriptsTestExecutionListener, org.springframework.test.context.event.EventPublishingTestExecutionListener] 
2022-11-07 23:05:28 INFO  [org.springframework.test.context.support.DefaultTestContextBootstrapper] - Loaded default TestExecutionListener class names from location [META-INF/spring.factories]: [org.springframework.test.context.web.ServletTestExecutionListener, org.springframework.test.context.support.DirtiesContextBeforeModesTestExecutionListener, org.springframework.test.context.event.ApplicationEventsTestExecutionListener, org.springframework.test.context.support.DependencyInjectionTestExecutionListener, org.springframework.test.context.support.DirtiesContextTestExecutionListener, org.springframework.test.context.transaction.TransactionalTestExecutionListener, org.springframework.test.context.jdbc.SqlScriptsTestExecutionListener, org.springframework.test.context.event.EventPublishingTestExecutionListener] 
2022-11-07 23:05:28 INFO  [org.springframework.test.context.support.DefaultTestContextBootstrapper] - Using TestExecutionListeners: [org.springframework.test.context.support.DirtiesContextBeforeModesTestExecutionListener@1e886a5b, org.springframework.test.context.event.ApplicationEventsTestExecutionListener@d816dde, org.springframework.test.context.support.DependencyInjectionTestExecutionListener@6e33c391, org.springframework.test.context.support.DirtiesContextTestExecutionListener@6c451c9c, org.springframework.test.context.transaction.TransactionalTestExecutionListener@31c269fd, org.springframework.test.context.jdbc.SqlScriptsTestExecutionListener@372b0d86, org.springframework.test.context.event.EventPublishingTestExecutionListener@47747fb9] 
2022-11-07 23:05:28 INFO  [org.springframework.test.context.support.DefaultTestContextBootstrapper] - Using TestExecutionListeners: [org.springframework.test.context.support.DirtiesContextBeforeModesTestExecutionListener@1e886a5b, org.springframework.test.context.event.ApplicationEventsTestExecutionListener@d816dde, org.springframework.test.context.support.DependencyInjectionTestExecutionListener@6e33c391, org.springframework.test.context.support.DirtiesContextTestExecutionListener@6c451c9c, org.springframework.test.context.transaction.TransactionalTestExecutionListener@31c269fd, org.springframework.test.context.jdbc.SqlScriptsTestExecutionListener@372b0d86, org.springframework.test.context.event.EventPublishingTestExecutionListener@47747fb9] 
2022-11-07 23:05:28 DEBUG [org.apache.ibatis.logging.LogFactory] - Logging initialized using 'class org.apache.ibatis.logging.slf4j.Slf4jImpl' adapter. 
2022-11-07 23:05:28 DEBUG [org.mybatis.spring.mapper.ClassPathMapperScanner] - Identified candidate component class: file [/Users/kimnamhyun/IdeaProjects/bookshop/build/classes/java/main/com/example/book/dao/BookDao.class] 
2022-11-07 23:05:28 DEBUG [org.mybatis.spring.mapper.ClassPathMapperScanner] - Creating MapperFactoryBean with name 'bookDao' and 'com.example.book.dao.BookDao' mapperInterface 
2022-11-07 23:05:28 DEBUG [org.mybatis.spring.mapper.ClassPathMapperScanner] - Enabling autowire by type for MapperFactoryBean with name 'bookDao'. 
2022-11-07 23:05:28 DEBUG [org.mybatis.spring.mapper.ClassPathMapperScanner] - Identified candidate component class: file [/Users/kimnamhyun/IdeaProjects/bookshop/build/classes/java/main/com/example/orders/dao/OrdersDao.class] 
2022-11-07 23:05:28 DEBUG [org.mybatis.spring.mapper.ClassPathMapperScanner] - Creating MapperFactoryBean with name 'ordersDao' and 'com.example.orders.dao.OrdersDao' mapperInterface 
2022-11-07 23:05:28 DEBUG [org.mybatis.spring.mapper.ClassPathMapperScanner] - Enabling autowire by type for MapperFactoryBean with name 'ordersDao'. 
2022-11-07 23:05:28 DEBUG [org.mybatis.spring.mapper.ClassPathMapperScanner] - Identified candidate component class: file [/Users/kimnamhyun/IdeaProjects/bookshop/build/classes/java/main/com/example/user/dao/UserDao.class] 
2022-11-07 23:05:28 DEBUG [org.mybatis.spring.mapper.ClassPathMapperScanner] - Creating MapperFactoryBean with name 'userDao' and 'com.example.user.dao.UserDao' mapperInterface 
2022-11-07 23:05:28 DEBUG [org.mybatis.spring.mapper.ClassPathMapperScanner] - Enabling autowire by type for MapperFactoryBean with name 'userDao'. 
2022-11-07 23:05:28 DEBUG [com.zaxxer.hikari.HikariConfig] - Driver class net.sf.log4jdbc.sql.jdbcapi.DriverSpy found in Thread context class loader jdk.internal.loader.ClassLoaders$AppClassLoader@277050dc 
2022-11-07 23:05:28 DEBUG [log4jdbc.debug] - log4jdbc-logj2 properties initialization... 
2022-11-07 23:05:28 DEBUG [log4jdbc.debug] - Using logger: net.sf.log4jdbc.log.slf4j.Slf4jSpyLogDelegator 
2022-11-07 23:05:28 DEBUG [log4jdbc.debug] - x log4jdbc.debug.stack.prefix is not defined 
2022-11-07 23:05:28 DEBUG [log4jdbc.debug] - x log4jdbc.sqltiming.warn.threshold is not defined 
2022-11-07 23:05:28 DEBUG [log4jdbc.debug] - x log4jdbc.sqltiming.error.threshold is not defined 
2022-11-07 23:05:28 DEBUG [log4jdbc.debug] - x log4jdbc.dump.booleanastruefalse is not defined (using default value false) 
2022-11-07 23:05:28 DEBUG [log4jdbc.debug] - x log4jdbc.dump.sql.maxlinelength is not defined (using default of 90) 
2022-11-07 23:05:28 DEBUG [log4jdbc.debug] - x log4jdbc.dump.fulldebugstacktrace is not defined (using default value false) 
2022-11-07 23:05:28 DEBUG [log4jdbc.debug] - x log4jdbc.statement.warn is not defined (using default value false) 
2022-11-07 23:05:28 DEBUG [log4jdbc.debug] - x log4jdbc.dump.sql.select is not defined (using default value true) 
2022-11-07 23:05:28 DEBUG [log4jdbc.debug] - x log4jdbc.dump.sql.insert is not defined (using default value true) 
2022-11-07 23:05:28 DEBUG [log4jdbc.debug] - x log4jdbc.dump.sql.update is not defined (using default value true) 
2022-11-07 23:05:28 DEBUG [log4jdbc.debug] - x log4jdbc.dump.sql.delete is not defined (using default value true) 
2022-11-07 23:05:28 DEBUG [log4jdbc.debug] - x log4jdbc.dump.sql.create is not defined (using default value true) 
2022-11-07 23:05:28 DEBUG [log4jdbc.debug] - x log4jdbc.dump.sql.addsemicolon is not defined (using default value false) 
2022-11-07 23:05:28 DEBUG [log4jdbc.debug] - x log4jdbc.auto.load.popular.drivers is not defined (using default value true) 
2022-11-07 23:05:28 DEBUG [log4jdbc.debug] -   log4jdbc.drivers = org.mariadb.jdbc.Driver 
2022-11-07 23:05:28 DEBUG [log4jdbc.debug] -     will look for specific driver org.mariadb.jdbc.Driver 
2022-11-07 23:05:28 DEBUG [log4jdbc.debug] - x log4jdbc.trim.sql is not defined (using default value true) 
2022-11-07 23:05:28 DEBUG [log4jdbc.debug] - x log4jdbc.trim.sql.extrablanklines is not defined (using default value true) 
2022-11-07 23:05:28 DEBUG [log4jdbc.debug] - x log4jdbc.suppress.generated.keys.exception is not defined (using default value false) 
2022-11-07 23:05:28 DEBUG [log4jdbc.debug] - log4jdbc-logj2 properties initialization done. 
2022-11-07 23:05:28 DEBUG [log4jdbc.debug] - DriverSpy intialization... 
2022-11-07 23:05:28 DEBUG [log4jdbc.debug] -   FOUND DRIVER org.mariadb.jdbc.Driver 
2022-11-07 23:05:28 DEBUG [log4jdbc.debug] - DriverSpy intialization done. 
2022-11-07 23:05:28 DEBUG [com.zaxxer.hikari.HikariConfig] - HikariPool-1 - configuration: 
2022-11-07 23:05:28 DEBUG [com.zaxxer.hikari.HikariConfig] - allowPoolSuspension.............false 
2022-11-07 23:05:28 DEBUG [com.zaxxer.hikari.HikariConfig] - autoCommit......................true 
2022-11-07 23:05:28 DEBUG [com.zaxxer.hikari.HikariConfig] - catalog.........................none 
2022-11-07 23:05:28 DEBUG [com.zaxxer.hikari.HikariConfig] - connectionInitSql...............none 
2022-11-07 23:05:28 DEBUG [com.zaxxer.hikari.HikariConfig] - connectionTestQuery.............none 
2022-11-07 23:05:28 DEBUG [com.zaxxer.hikari.HikariConfig] - connectionTimeout...............30000 
2022-11-07 23:05:28 DEBUG [com.zaxxer.hikari.HikariConfig] - dataSource......................none 
2022-11-07 23:05:28 DEBUG [com.zaxxer.hikari.HikariConfig] - dataSourceClassName.............none 
2022-11-07 23:05:28 DEBUG [com.zaxxer.hikari.HikariConfig] - dataSourceJNDI..................none 
2022-11-07 23:05:28 DEBUG [com.zaxxer.hikari.HikariConfig] - dataSourceProperties............{password=<masked>, prepStmtCacheSqlLimit=2048, cachePrepStmts=true, prepStmtCacheSize=250} 
2022-11-07 23:05:28 DEBUG [com.zaxxer.hikari.HikariConfig] - driverClassName................."net.sf.log4jdbc.sql.jdbcapi.DriverSpy" 
2022-11-07 23:05:28 DEBUG [com.zaxxer.hikari.HikariConfig] - exceptionOverrideClassName......none 
2022-11-07 23:05:28 DEBUG [com.zaxxer.hikari.HikariConfig] - healthCheckProperties...........{} 
2022-11-07 23:05:28 DEBUG [com.zaxxer.hikari.HikariConfig] - healthCheckRegistry.............none 
2022-11-07 23:05:28 DEBUG [com.zaxxer.hikari.HikariConfig] - idleTimeout.....................600000 
2022-11-07 23:05:28 DEBUG [com.zaxxer.hikari.HikariConfig] - initializationFailTimeout.......1 
2022-11-07 23:05:28 DEBUG [com.zaxxer.hikari.HikariConfig] - isolateInternalQueries..........false 
2022-11-07 23:05:28 DEBUG [com.zaxxer.hikari.HikariConfig] - jdbcUrl.........................jdbc:log4jdbc:mariadb://localhost:3306/book_db 
2022-11-07 23:05:28 DEBUG [com.zaxxer.hikari.HikariConfig] - keepaliveTime...................0 
2022-11-07 23:05:28 DEBUG [com.zaxxer.hikari.HikariConfig] - leakDetectionThreshold..........0 
2022-11-07 23:05:28 DEBUG [com.zaxxer.hikari.HikariConfig] - maxLifetime.....................1800000 
2022-11-07 23:05:28 DEBUG [com.zaxxer.hikari.HikariConfig] - maximumPoolSize.................10 
2022-11-07 23:05:28 DEBUG [com.zaxxer.hikari.HikariConfig] - metricRegistry..................none 
2022-11-07 23:05:28 DEBUG [com.zaxxer.hikari.HikariConfig] - metricsTrackerFactory...........none 
2022-11-07 23:05:28 DEBUG [com.zaxxer.hikari.HikariConfig] - minimumIdle.....................10 
2022-11-07 23:05:28 DEBUG [com.zaxxer.hikari.HikariConfig] - password........................<masked> 
2022-11-07 23:05:28 DEBUG [com.zaxxer.hikari.HikariConfig] - poolName........................"HikariPool-1" 
2022-11-07 23:05:28 DEBUG [com.zaxxer.hikari.HikariConfig] - readOnly........................false 
2022-11-07 23:05:28 DEBUG [com.zaxxer.hikari.HikariConfig] - registerMbeans..................false 
2022-11-07 23:05:28 DEBUG [com.zaxxer.hikari.HikariConfig] - scheduledExecutor...............none 
2022-11-07 23:05:28 DEBUG [com.zaxxer.hikari.HikariConfig] - schema..........................none 
2022-11-07 23:05:28 DEBUG [com.zaxxer.hikari.HikariConfig] - threadFactory...................internal 
2022-11-07 23:05:28 DEBUG [com.zaxxer.hikari.HikariConfig] - transactionIsolation............default 
2022-11-07 23:05:28 DEBUG [com.zaxxer.hikari.HikariConfig] - username........................"root" 
2022-11-07 23:05:28 DEBUG [com.zaxxer.hikari.HikariConfig] - validationTimeout...............5000 
2022-11-07 23:05:28 INFO  [com.zaxxer.hikari.HikariDataSource] - HikariPool-1 - Starting... 
2022-11-07 23:05:28 INFO  [jdbc.connection] - 1. Connection opened  com.zaxxer.hikari.util.DriverDataSource.getConnection(DriverDataSource.java:138) 
2022-11-07 23:05:28 DEBUG [jdbc.connection] - open connections:  1 (1) 
2022-11-07 23:05:28 DEBUG [jdbc.audit] - 1. Connection.new Connection returned   com.zaxxer.hikari.util.DriverDataSource.getConnection(DriverDataSource.java:138) 
2022-11-07 23:05:28 DEBUG [jdbc.audit] - 1. Connection.getNetworkTimeout() returned 0  com.zaxxer.hikari.pool.PoolBase.getAndSetNetworkTimeout(PoolBase.java:527) 
2022-11-07 23:05:28 DEBUG [jdbc.audit] - 1. Connection.isReadOnly() returned false  com.zaxxer.hikari.pool.PoolBase.setupConnection(PoolBase.java:403) 
2022-11-07 23:05:28 DEBUG [jdbc.audit] - 1. Connection.getAutoCommit() returned true  com.zaxxer.hikari.pool.PoolBase.setupConnection(PoolBase.java:407) 
2022-11-07 23:05:28 DEBUG [jdbc.audit] - 1. Connection.isValid(1) returned true  com.zaxxer.hikari.pool.PoolBase.checkValidationSupport(PoolBase.java:459) 
2022-11-07 23:05:28 DEBUG [org.mariadb.jdbc.client.impl.StandardClient] - execute query: SELECT @@tx_isolation 
2022-11-07 23:05:28 DEBUG [jdbc.audit] - 1. Connection.getTransactionIsolation() returned 4  com.zaxxer.hikari.pool.PoolBase.checkDefaultIsolation(PoolBase.java:480) 
2022-11-07 23:05:28 INFO  [com.zaxxer.hikari.pool.HikariPool] - HikariPool-1 - Added connection net.sf.log4jdbc.sql.jdbcapi.ConnectionSpy@174e1b69 
2022-11-07 23:05:28 INFO  [com.zaxxer.hikari.HikariDataSource] - HikariPool-1 - Start completed. 
2022-11-07 23:05:28 DEBUG [org.mybatis.spring.SqlSessionFactoryBean] - Parsed configuration file: 'class path resource [mapper/alias/mybatis-config.xml]' 
2022-11-07 23:05:28 DEBUG [org.mybatis.spring.SqlSessionFactoryBean] - Parsed mapper file: 'file [/Users/kimnamhyun/IdeaProjects/bookshop/build/resources/main/mapper/BookMapper.xml]' 
2022-11-07 23:05:28 DEBUG [org.mybatis.spring.SqlSessionFactoryBean] - Parsed mapper file: 'file [/Users/kimnamhyun/IdeaProjects/bookshop/build/resources/main/mapper/OrderMapper.xml]' 
2022-11-07 23:05:28 DEBUG [org.mybatis.spring.SqlSessionFactoryBean] - Parsed mapper file: 'file [/Users/kimnamhyun/IdeaProjects/bookshop/build/resources/main/mapper/UserMapper.xml]' 
2022-11-07 23:05:28 DEBUG [com.zaxxer.hikari.pool.HikariPool] - HikariPool-1 - Pool stats (total=1, active=0, idle=1, waiting=0) 
2022-11-07 23:05:28 INFO  [jdbc.connection] - 2. Connection opened  com.zaxxer.hikari.util.DriverDataSource.getConnection(DriverDataSource.java:138) 
2022-11-07 23:05:28 DEBUG [jdbc.connection] - open connections:  1 2 (2) 
2022-11-07 23:05:28 DEBUG [jdbc.audit] - 2. Connection.new Connection returned   com.zaxxer.hikari.util.DriverDataSource.getConnection(DriverDataSource.java:138) 
2022-11-07 23:05:28 DEBUG [jdbc.audit] - 2. Connection.isReadOnly() returned false  com.zaxxer.hikari.pool.PoolBase.setupConnection(PoolBase.java:403) 
2022-11-07 23:05:28 DEBUG [jdbc.audit] - 2. Connection.getAutoCommit() returned true  com.zaxxer.hikari.pool.PoolBase.setupConnection(PoolBase.java:407) 
2022-11-07 23:05:28 DEBUG [com.zaxxer.hikari.pool.HikariPool] - HikariPool-1 - Added connection net.sf.log4jdbc.sql.jdbcapi.ConnectionSpy@17930bf5 
2022-11-07 23:05:28 INFO  [jdbc.connection] - 3. Connection opened  com.zaxxer.hikari.util.DriverDataSource.getConnection(DriverDataSource.java:138) 
2022-11-07 23:05:28 DEBUG [jdbc.connection] - open connections:  1 2 3 (3) 
2022-11-07 23:05:28 DEBUG [jdbc.audit] - 3. Connection.new Connection returned   com.zaxxer.hikari.util.DriverDataSource.getConnection(DriverDataSource.java:138) 
2022-11-07 23:05:28 DEBUG [jdbc.audit] - 3. Connection.isReadOnly() returned false  com.zaxxer.hikari.pool.PoolBase.setupConnection(PoolBase.java:403) 
2022-11-07 23:05:28 DEBUG [jdbc.audit] - 3. Connection.getAutoCommit() returned true  com.zaxxer.hikari.pool.PoolBase.setupConnection(PoolBase.java:407) 
2022-11-07 23:05:28 DEBUG [com.zaxxer.hikari.pool.HikariPool] - HikariPool-1 - Added connection net.sf.log4jdbc.sql.jdbcapi.ConnectionSpy@429ee894 
2022-11-07 23:05:28 DEBUG [jdbc.audit] - 1. Connection.getAutoCommit() returned true  com.zaxxer.hikari.pool.HikariProxyConnection.getAutoCommit(HikariProxyConnection.java:-1) 
2022-11-07 23:05:28 DEBUG [org.mariadb.jdbc.client.impl.StandardClient] - execute query: set autocommit=0 
2022-11-07 23:05:28 DEBUG [org.mariadb.jdbc.message.server.OkPacket] - System variable change:  autocommit = OFF 
2022-11-07 23:05:28 DEBUG [jdbc.audit] - 1. Connection.setAutoCommit(false) returned   com.zaxxer.hikari.pool.ProxyConnection.setAutoCommit(ProxyConnection.java:401) 
2022-11-07 23:05:28 INFO  [org.springframework.test.context.transaction.TransactionContext] - Began transaction (1) for test context [DefaultTestContext@3c5dbdf8 testClass = BookDaoTest, testInstance = com.example.book.mapper.BookDaoTest@352c44a8, testMethod = selectCategory_nameTest@BookDaoTest, testException = [null], mergedContextConfiguration = [MergedContextConfiguration@7aac8884 testClass = BookDaoTest, locations = '{file:src/main/webapp/WEB-INF/spring/root-context.xml}', classes = '{}', contextInitializerClasses = '[]', activeProfiles = '{}', propertySourceLocations = '{}', propertySourceProperties = '{}', contextCustomizers = set[[empty]], contextLoader = 'org.springframework.test.context.support.DelegatingSmartContextLoader', parent = [null]], attributes = map['org.springframework.test.context.event.ApplicationEventsTestExecutionListener.recordApplicationEvents' -> false]]; transaction manager [org.springframework.jdbc.datasource.DataSourceTransactionManager@a66e580]; rollback [true] 
2022-11-07 23:05:28 INFO  [org.springframework.test.context.transaction.TransactionContext] - Began transaction (1) for test context [DefaultTestContext@3c5dbdf8 testClass = BookDaoTest, testInstance = com.example.book.mapper.BookDaoTest@352c44a8, testMethod = selectCategory_nameTest@BookDaoTest, testException = [null], mergedContextConfiguration = [MergedContextConfiguration@7aac8884 testClass = BookDaoTest, locations = '{file:src/main/webapp/WEB-INF/spring/root-context.xml}', classes = '{}', contextInitializerClasses = '[]', activeProfiles = '{}', propertySourceLocations = '{}', propertySourceProperties = '{}', contextCustomizers = set[[empty]], contextLoader = 'org.springframework.test.context.support.DelegatingSmartContextLoader', parent = [null]], attributes = map['org.springframework.test.context.event.ApplicationEventsTestExecutionListener.recordApplicationEvents' -> false]]; transaction manager [org.springframework.jdbc.datasource.DataSourceTransactionManager@a66e580]; rollback [true] 
2022-11-07 23:05:28 DEBUG [org.mybatis.spring.SqlSessionUtils] - Creating a new SqlSession 
2022-11-07 23:05:28 INFO  [jdbc.connection] - 4. Connection opened  com.zaxxer.hikari.util.DriverDataSource.getConnection(DriverDataSource.java:138) 
2022-11-07 23:05:28 DEBUG [jdbc.connection] - open connections:  1 2 3 4 (4) 
2022-11-07 23:05:28 DEBUG [jdbc.audit] - 4. Connection.new Connection returned   com.zaxxer.hikari.util.DriverDataSource.getConnection(DriverDataSource.java:138) 
2022-11-07 23:05:28 DEBUG [jdbc.audit] - 4. Connection.isReadOnly() returned false  com.zaxxer.hikari.pool.PoolBase.setupConnection(PoolBase.java:403) 
2022-11-07 23:05:28 DEBUG [jdbc.audit] - 4. Connection.getAutoCommit() returned true  com.zaxxer.hikari.pool.PoolBase.setupConnection(PoolBase.java:407) 
2022-11-07 23:05:28 DEBUG [com.zaxxer.hikari.pool.HikariPool] - HikariPool-1 - Added connection net.sf.log4jdbc.sql.jdbcapi.ConnectionSpy@63ae514a 
2022-11-07 23:05:28 DEBUG [org.mybatis.spring.SqlSessionUtils] - Registering transaction synchronization for SqlSession [org.apache.ibatis.session.defaults.DefaultSqlSession@32e54a9d] 
2022-11-07 23:05:28 DEBUG [jdbc.audit] - 1. Connection.getAutoCommit() returned false  com.zaxxer.hikari.pool.HikariProxyConnection.getAutoCommit(HikariProxyConnection.java:-1) 
2022-11-07 23:05:28 DEBUG [org.mybatis.spring.transaction.SpringManagedTransaction] - JDBC Connection [HikariProxyConnection@1020897892 wrapping net.sf.log4jdbc.sql.jdbcapi.ConnectionSpy@174e1b69] will be managed by Spring 
2022-11-07 23:05:28 DEBUG [com.example.book.dao.BookDao.selectCategory_name] - ==>  Preparing: select category_name from category where category_name_id = ? 
2022-11-07 23:05:28 INFO  [jdbc.connection] - 5. Connection opened  com.zaxxer.hikari.util.DriverDataSource.getConnection(DriverDataSource.java:138) 
2022-11-07 23:05:28 DEBUG [jdbc.connection] - open connections:  1 2 3 4 5 (5) 
2022-11-07 23:05:28 DEBUG [jdbc.audit] - 5. Connection.new Connection returned   com.zaxxer.hikari.util.DriverDataSource.getConnection(DriverDataSource.java:138) 
2022-11-07 23:05:28 DEBUG [jdbc.audit] - 5. Connection.isReadOnly() returned false  com.zaxxer.hikari.pool.PoolBase.setupConnection(PoolBase.java:403) 
2022-11-07 23:05:28 DEBUG [jdbc.audit] - 5. Connection.getAutoCommit() returned true  com.zaxxer.hikari.pool.PoolBase.setupConnection(PoolBase.java:407) 
2022-11-07 23:05:28 DEBUG [com.zaxxer.hikari.pool.HikariPool] - HikariPool-1 - Added connection net.sf.log4jdbc.sql.jdbcapi.ConnectionSpy@53c364b2 
2022-11-07 23:05:28 DEBUG [jdbc.audit] - 1. PreparedStatement.new PreparedStatement returned   com.zaxxer.hikari.pool.ProxyConnection.prepareStatement(ProxyConnection.java:327) 
2022-11-07 23:05:28 DEBUG [jdbc.audit] - 1. Connection.prepareStatement(select category_name from category where category_name_id = ?) returned net.sf.log4jdbc.sql.jdbcapi.PreparedStatementSpy@2630dbc4  com.zaxxer.hikari.pool.ProxyConnection.prepareStatement(ProxyConnection.java:327) 
2022-11-07 23:05:28 DEBUG [jdbc.audit] - 1. PreparedStatement.setInt(1, 1) returned   com.zaxxer.hikari.pool.HikariProxyPreparedStatement.setInt(HikariProxyPreparedStatement.java:-1) 
2022-11-07 23:05:28 DEBUG [com.example.book.dao.BookDao.selectCategory_name] - ==> Parameters: 1(Integer) 
2022-11-07 23:05:28 DEBUG [jdbc.sqlonly] -  com.zaxxer.hikari.pool.ProxyPreparedStatement.execute(ProxyPreparedStatement.java:44)1. select category_name from category where category_name_id = 1  
2022-11-07 23:05:28 DEBUG [org.mariadb.jdbc.client.impl.StandardClient] - execute query: select category_name from category where category_name_id = ? 
2022-11-07 23:05:28 INFO  [jdbc.connection] - 6. Connection opened  com.zaxxer.hikari.util.DriverDataSource.getConnection(DriverDataSource.java:138) 
2022-11-07 23:05:28 DEBUG [jdbc.connection] - open connections:  1 2 3 4 5 6 (6) 
2022-11-07 23:05:28 DEBUG [jdbc.audit] - 6. Connection.new Connection returned   com.zaxxer.hikari.util.DriverDataSource.getConnection(DriverDataSource.java:138) 
2022-11-07 23:05:28 DEBUG [jdbc.audit] - 6. Connection.isReadOnly() returned false  com.zaxxer.hikari.pool.PoolBase.setupConnection(PoolBase.java:403) 
2022-11-07 23:05:28 DEBUG [jdbc.audit] - 6. Connection.getAutoCommit() returned true  com.zaxxer.hikari.pool.PoolBase.setupConnection(PoolBase.java:407) 
2022-11-07 23:05:28 DEBUG [com.zaxxer.hikari.pool.HikariPool] - HikariPool-1 - Added connection net.sf.log4jdbc.sql.jdbcapi.ConnectionSpy@6cb4a5c4 
2022-11-07 23:05:28 DEBUG [jdbc.sqltiming] -  com.zaxxer.hikari.pool.ProxyPreparedStatement.execute(ProxyPreparedStatement.java:44)1. select category_name from category where category_name_id = 1  {executed in 11 msec} 
2022-11-07 23:05:28 DEBUG [jdbc.audit] - 1. PreparedStatement.execute() returned true  com.zaxxer.hikari.pool.ProxyPreparedStatement.execute(ProxyPreparedStatement.java:44) 
2022-11-07 23:05:28 DEBUG [jdbc.resultset] - 1. ResultSet.new ResultSet returned   com.zaxxer.hikari.pool.ProxyStatement.getResultSet(ProxyStatement.java:213) 
2022-11-07 23:05:28 DEBUG [jdbc.audit] - 1. PreparedStatement.getResultSet() returned net.sf.log4jdbc.sql.jdbcapi.ResultSetSpy@5f69e2b  com.zaxxer.hikari.pool.ProxyStatement.getResultSet(ProxyStatement.java:213) 
2022-11-07 23:05:28 INFO  [jdbc.connection] - 7. Connection opened  com.zaxxer.hikari.util.DriverDataSource.getConnection(DriverDataSource.java:138) 
2022-11-07 23:05:28 DEBUG [jdbc.connection] - open connections:  1 2 3 4 5 6 7 (7) 
2022-11-07 23:05:28 DEBUG [jdbc.audit] - 7. Connection.new Connection returned   com.zaxxer.hikari.util.DriverDataSource.getConnection(DriverDataSource.java:138) 
2022-11-07 23:05:28 DEBUG [jdbc.audit] - 7. Connection.isReadOnly() returned false  com.zaxxer.hikari.pool.PoolBase.setupConnection(PoolBase.java:403) 
2022-11-07 23:05:28 DEBUG [jdbc.audit] - 7. Connection.getAutoCommit() returned true  com.zaxxer.hikari.pool.PoolBase.setupConnection(PoolBase.java:407) 
2022-11-07 23:05:28 DEBUG [com.zaxxer.hikari.pool.HikariPool] - HikariPool-1 - Added connection net.sf.log4jdbc.sql.jdbcapi.ConnectionSpy@54ca5b29 
2022-11-07 23:05:28 DEBUG [jdbc.resultset] - 1. ResultSet.getMetaData() returned org.mariadb.jdbc.client.result.ResultSetMetaData@5f2bd6d9  com.zaxxer.hikari.pool.HikariProxyResultSet.getMetaData(HikariProxyResultSet.java:-1) 
2022-11-07 23:05:28 DEBUG [jdbc.resultset] - 1. ResultSet.getType() returned 1003  com.zaxxer.hikari.pool.HikariProxyResultSet.getType(HikariProxyResultSet.java:-1) 
2022-11-07 23:05:28 DEBUG [jdbc.resultset] - 1. ResultSet.isClosed() returned false  com.zaxxer.hikari.pool.HikariProxyResultSet.isClosed(HikariProxyResultSet.java:-1) 
2022-11-07 23:05:28 DEBUG [jdbc.resultset] - 1. ResultSet.next() returned true  com.zaxxer.hikari.pool.HikariProxyResultSet.next(HikariProxyResultSet.java:-1) 
2022-11-07 23:05:28 DEBUG [jdbc.resultset] - 1. ResultSet.getString(category_name) returned 건강  com.zaxxer.hikari.pool.HikariProxyResultSet.getString(HikariProxyResultSet.java:-1) 
2022-11-07 23:05:28 DEBUG [jdbc.resultset] - 1. ResultSet.isClosed() returned false  com.zaxxer.hikari.pool.HikariProxyResultSet.isClosed(HikariProxyResultSet.java:-1) 
2022-11-07 23:05:28 INFO  [jdbc.resultsettable] - |--------------||category_name ||--------------||건강            ||--------------| 
2022-11-07 23:05:28 DEBUG [jdbc.resultset] - 1. ResultSet.next() returned false  com.zaxxer.hikari.pool.HikariProxyResultSet.next(HikariProxyResultSet.java:-1) 
2022-11-07 23:05:28 DEBUG [com.example.book.dao.BookDao.selectCategory_name] - <==      Total: 1 
2022-11-07 23:05:28 DEBUG [jdbc.resultset] - 1. ResultSet.close() returned void  com.zaxxer.hikari.pool.HikariProxyResultSet.close(HikariProxyResultSet.java:-1) 
2022-11-07 23:05:28 DEBUG [jdbc.audit] - 1. Connection.getMetaData() returned org.mariadb.jdbc.DatabaseMetaData@37c36608  com.zaxxer.hikari.pool.ProxyConnection.getMetaData(ProxyConnection.java:370) 
2022-11-07 23:05:28 INFO  [jdbc.connection] - 8. Connection opened  com.zaxxer.hikari.util.DriverDataSource.getConnection(DriverDataSource.java:138) 
2022-11-07 23:05:28 DEBUG [jdbc.connection] - open connections:  1 2 3 4 5 6 7 8 (8) 
2022-11-07 23:05:28 DEBUG [jdbc.audit] - 8. Connection.new Connection returned   com.zaxxer.hikari.util.DriverDataSource.getConnection(DriverDataSource.java:138) 
2022-11-07 23:05:28 DEBUG [jdbc.audit] - 8. Connection.isReadOnly() returned false  com.zaxxer.hikari.pool.PoolBase.setupConnection(PoolBase.java:403) 
2022-11-07 23:05:28 DEBUG [jdbc.audit] - 8. Connection.getAutoCommit() returned true  com.zaxxer.hikari.pool.PoolBase.setupConnection(PoolBase.java:407) 
2022-11-07 23:05:28 DEBUG [com.zaxxer.hikari.pool.HikariPool] - HikariPool-1 - Added connection net.sf.log4jdbc.sql.jdbcapi.ConnectionSpy@3f28cf2f 
2022-11-07 23:05:28 DEBUG [jdbc.audit] - 1. PreparedStatement.getMoreResults() returned false  com.zaxxer.hikari.pool.HikariProxyPreparedStatement.getMoreResults(HikariProxyPreparedStatement.java:-1) 
2022-11-07 23:05:28 DEBUG [jdbc.audit] - 1. PreparedStatement.getUpdateCount() returned -1  com.zaxxer.hikari.pool.HikariProxyPreparedStatement.getUpdateCount(HikariProxyPreparedStatement.java:-1) 
2022-11-07 23:05:28 DEBUG [jdbc.audit] - 1. PreparedStatement.close() returned   com.zaxxer.hikari.pool.ProxyStatement.close(ProxyStatement.java:75) 
2022-11-07 23:05:28 DEBUG [org.mybatis.spring.SqlSessionUtils] - Releasing transactional SqlSession [org.apache.ibatis.session.defaults.DefaultSqlSession@32e54a9d] 
2022-11-07 23:05:28 DEBUG [org.mybatis.spring.SqlSessionUtils] - Transaction synchronization deregistering SqlSession [org.apache.ibatis.session.defaults.DefaultSqlSession@32e54a9d] 
2022-11-07 23:05:28 DEBUG [org.mybatis.spring.SqlSessionUtils] - Transaction synchronization closing SqlSession [org.apache.ibatis.session.defaults.DefaultSqlSession@32e54a9d] 
2022-11-07 23:05:28 DEBUG [org.mariadb.jdbc.client.impl.StandardClient] - execute query: ROLLBACK 
2022-11-07 23:05:28 DEBUG [jdbc.audit] - 1. Connection.rollback() returned   com.zaxxer.hikari.pool.ProxyConnection.rollback(ProxyConnection.java:385) 
2022-11-07 23:05:28 DEBUG [org.mariadb.jdbc.client.impl.StandardClient] - execute query: set autocommit=1 
2022-11-07 23:05:28 DEBUG [org.mariadb.jdbc.message.server.OkPacket] - System variable change:  autocommit = ON 
2022-11-07 23:05:28 DEBUG [jdbc.audit] - 1. Connection.setAutoCommit(true) returned   com.zaxxer.hikari.pool.ProxyConnection.setAutoCommit(ProxyConnection.java:401) 
2022-11-07 23:05:28 DEBUG [jdbc.audit] - 1. Connection.clearWarnings() returned   com.zaxxer.hikari.pool.ProxyConnection.close(ProxyConnection.java:257) 
2022-11-07 23:05:28 INFO  [org.springframework.test.context.transaction.TransactionContext] - Rolled back transaction for test: [DefaultTestContext@3c5dbdf8 testClass = BookDaoTest, testInstance = com.example.book.mapper.BookDaoTest@352c44a8, testMethod = selectCategory_nameTest@BookDaoTest, testException = [null], mergedContextConfiguration = [MergedContextConfiguration@7aac8884 testClass = BookDaoTest, locations = '{file:src/main/webapp/WEB-INF/spring/root-context.xml}', classes = '{}', contextInitializerClasses = '[]', activeProfiles = '{}', propertySourceLocations = '{}', propertySourceProperties = '{}', contextCustomizers = set[[empty]], contextLoader = 'org.springframework.test.context.support.DelegatingSmartContextLoader', parent = [null]], attributes = map['org.springframework.test.context.event.ApplicationEventsTestExecutionListener.recordApplicationEvents' -> false]] 
2022-11-07 23:05:28 INFO  [org.springframework.test.context.transaction.TransactionContext] - Rolled back transaction for test: [DefaultTestContext@3c5dbdf8 testClass = BookDaoTest, testInstance = com.example.book.mapper.BookDaoTest@352c44a8, testMethod = selectCategory_nameTest@BookDaoTest, testException = [null], mergedContextConfiguration = [MergedContextConfiguration@7aac8884 testClass = BookDaoTest, locations = '{file:src/main/webapp/WEB-INF/spring/root-context.xml}', classes = '{}', contextInitializerClasses = '[]', activeProfiles = '{}', propertySourceLocations = '{}', propertySourceProperties = '{}', contextCustomizers = set[[empty]], contextLoader = 'org.springframework.test.context.support.DelegatingSmartContextLoader', parent = [null]], attributes = map['org.springframework.test.context.event.ApplicationEventsTestExecutionListener.recordApplicationEvents' -> false]] 
2022-11-07 23:05:28 DEBUG [jdbc.audit] - 1. Connection.getAutoCommit() returned true  com.zaxxer.hikari.pool.HikariProxyConnection.getAutoCommit(HikariProxyConnection.java:-1) 
2022-11-07 23:05:28 DEBUG [org.mariadb.jdbc.client.impl.StandardClient] - execute query: set autocommit=0 
2022-11-07 23:05:28 DEBUG [org.mariadb.jdbc.message.server.OkPacket] - System variable change:  autocommit = OFF 
2022-11-07 23:05:28 DEBUG [jdbc.audit] - 1. Connection.setAutoCommit(false) returned   com.zaxxer.hikari.pool.ProxyConnection.setAutoCommit(ProxyConnection.java:401) 
2022-11-07 23:05:28 INFO  [org.springframework.test.context.transaction.TransactionContext] - Began transaction (1) for test context [DefaultTestContext@3c5dbdf8 testClass = BookDaoTest, testInstance = com.example.book.mapper.BookDaoTest@529c2a9a, testMethod = selectCategory_name_idTest@BookDaoTest, testException = [null], mergedContextConfiguration = [MergedContextConfiguration@7aac8884 testClass = BookDaoTest, locations = '{file:src/main/webapp/WEB-INF/spring/root-context.xml}', classes = '{}', contextInitializerClasses = '[]', activeProfiles = '{}', propertySourceLocations = '{}', propertySourceProperties = '{}', contextCustomizers = set[[empty]], contextLoader = 'org.springframework.test.context.support.DelegatingSmartContextLoader', parent = [null]], attributes = map['org.springframework.test.context.event.ApplicationEventsTestExecutionListener.recordApplicationEvents' -> false]]; transaction manager [org.springframework.jdbc.datasource.DataSourceTransactionManager@a66e580]; rollback [true] 
2022-11-07 23:05:28 INFO  [org.springframework.test.context.transaction.TransactionContext] - Began transaction (1) for test context [DefaultTestContext@3c5dbdf8 testClass = BookDaoTest, testInstance = com.example.book.mapper.BookDaoTest@529c2a9a, testMethod = selectCategory_name_idTest@BookDaoTest, testException = [null], mergedContextConfiguration = [MergedContextConfiguration@7aac8884 testClass = BookDaoTest, locations = '{file:src/main/webapp/WEB-INF/spring/root-context.xml}', classes = '{}', contextInitializerClasses = '[]', activeProfiles = '{}', propertySourceLocations = '{}', propertySourceProperties = '{}', contextCustomizers = set[[empty]], contextLoader = 'org.springframework.test.context.support.DelegatingSmartContextLoader', parent = [null]], attributes = map['org.springframework.test.context.event.ApplicationEventsTestExecutionListener.recordApplicationEvents' -> false]]; transaction manager [org.springframework.jdbc.datasource.DataSourceTransactionManager@a66e580]; rollback [true] 
2022-11-07 23:05:28 DEBUG [org.mybatis.spring.SqlSessionUtils] - Creating a new SqlSession 
2022-11-07 23:05:28 DEBUG [org.mybatis.spring.SqlSessionUtils] - Registering transaction synchronization for SqlSession [org.apache.ibatis.session.defaults.DefaultSqlSession@3c87fdf2] 
2022-11-07 23:05:28 DEBUG [jdbc.audit] - 1. Connection.getAutoCommit() returned false  com.zaxxer.hikari.pool.HikariProxyConnection.getAutoCommit(HikariProxyConnection.java:-1) 
2022-11-07 23:05:28 DEBUG [org.mybatis.spring.transaction.SpringManagedTransaction] - JDBC Connection [HikariProxyConnection@266554246 wrapping net.sf.log4jdbc.sql.jdbcapi.ConnectionSpy@174e1b69] will be managed by Spring 
2022-11-07 23:05:28 DEBUG [com.example.book.dao.BookDao.selectCa_Books_categoryNameId] - ==>  Preparing: select category_name_id from category_book where bno = ? 
2022-11-07 23:05:28 DEBUG [jdbc.audit] - 1. PreparedStatement.new PreparedStatement returned   com.zaxxer.hikari.pool.ProxyConnection.prepareStatement(ProxyConnection.java:327) 
2022-11-07 23:05:28 DEBUG [jdbc.audit] - 1. Connection.prepareStatement(select category_name_id from category_book where bno = ?) returned net.sf.log4jdbc.sql.jdbcapi.PreparedStatementSpy@3c98781a  com.zaxxer.hikari.pool.ProxyConnection.prepareStatement(ProxyConnection.java:327) 
2022-11-07 23:05:28 DEBUG [jdbc.audit] - 1. PreparedStatement.setLong(1, 1) returned   com.zaxxer.hikari.pool.HikariProxyPreparedStatement.setLong(HikariProxyPreparedStatement.java:-1) 
2022-11-07 23:05:28 DEBUG [com.example.book.dao.BookDao.selectCa_Books_categoryNameId] - ==> Parameters: 1(Long) 
2022-11-07 23:05:28 DEBUG [jdbc.sqlonly] -  com.zaxxer.hikari.pool.ProxyPreparedStatement.execute(ProxyPreparedStatement.java:44)1. select category_name_id from category_book where bno = 1  
2022-11-07 23:05:28 DEBUG [org.mariadb.jdbc.client.impl.StandardClient] - execute query: select category_name_id from category_book where bno = ? 
2022-11-07 23:05:28 INFO  [jdbc.connection] - 9. Connection opened  com.zaxxer.hikari.util.DriverDataSource.getConnection(DriverDataSource.java:138) 
2022-11-07 23:05:28 DEBUG [jdbc.connection] - open connections:  1 2 3 4 5 6 7 8 9 (9) 
2022-11-07 23:05:28 DEBUG [jdbc.audit] - 9. Connection.new Connection returned   com.zaxxer.hikari.util.DriverDataSource.getConnection(DriverDataSource.java:138) 
2022-11-07 23:05:28 DEBUG [jdbc.audit] - 9. Connection.isReadOnly() returned false  com.zaxxer.hikari.pool.PoolBase.setupConnection(PoolBase.java:403) 
2022-11-07 23:05:28 DEBUG [jdbc.audit] - 9. Connection.getAutoCommit() returned true  com.zaxxer.hikari.pool.PoolBase.setupConnection(PoolBase.java:407) 
2022-11-07 23:05:28 DEBUG [com.zaxxer.hikari.pool.HikariPool] - HikariPool-1 - Added connection net.sf.log4jdbc.sql.jdbcapi.ConnectionSpy@266cc6dc 
2022-11-07 23:05:28 DEBUG [jdbc.sqltiming] -  com.zaxxer.hikari.pool.ProxyPreparedStatement.execute(ProxyPreparedStatement.java:44)1. select category_name_id from category_book where bno = 1  {executed in 1 msec} 
2022-11-07 23:05:28 DEBUG [jdbc.audit] - 1. PreparedStatement.execute() returned true  com.zaxxer.hikari.pool.ProxyPreparedStatement.execute(ProxyPreparedStatement.java:44) 
2022-11-07 23:05:28 DEBUG [jdbc.resultset] - 1. ResultSet.new ResultSet returned   com.zaxxer.hikari.pool.ProxyStatement.getResultSet(ProxyStatement.java:213) 
2022-11-07 23:05:28 DEBUG [jdbc.audit] - 1. PreparedStatement.getResultSet() returned net.sf.log4jdbc.sql.jdbcapi.ResultSetSpy@3f736a16  com.zaxxer.hikari.pool.ProxyStatement.getResultSet(ProxyStatement.java:213) 
2022-11-07 23:05:28 DEBUG [jdbc.resultset] - 1. ResultSet.getMetaData() returned org.mariadb.jdbc.client.result.ResultSetMetaData@4601203a  com.zaxxer.hikari.pool.HikariProxyResultSet.getMetaData(HikariProxyResultSet.java:-1) 
2022-11-07 23:05:28 DEBUG [jdbc.resultset] - 1. ResultSet.getType() returned 1003  com.zaxxer.hikari.pool.HikariProxyResultSet.getType(HikariProxyResultSet.java:-1) 
2022-11-07 23:05:28 DEBUG [jdbc.resultset] - 1. ResultSet.isClosed() returned false  com.zaxxer.hikari.pool.HikariProxyResultSet.isClosed(HikariProxyResultSet.java:-1) 
2022-11-07 23:05:28 DEBUG [jdbc.resultset] - 1. ResultSet.next() returned true  com.zaxxer.hikari.pool.HikariProxyResultSet.next(HikariProxyResultSet.java:-1) 
2022-11-07 23:05:28 DEBUG [jdbc.resultset] - 1. ResultSet.getInt(category_name_id) returned 21  com.zaxxer.hikari.pool.HikariProxyResultSet.getInt(HikariProxyResultSet.java:-1) 
2022-11-07 23:05:28 DEBUG [jdbc.resultset] - 1. ResultSet.isClosed() returned false  com.zaxxer.hikari.pool.HikariProxyResultSet.isClosed(HikariProxyResultSet.java:-1) 
2022-11-07 23:05:28 INFO  [jdbc.resultsettable] - |-----------------||category_name_id ||-----------------||21               ||-----------------| 
2022-11-07 23:05:28 DEBUG [jdbc.resultset] - 1. ResultSet.next() returned false  com.zaxxer.hikari.pool.HikariProxyResultSet.next(HikariProxyResultSet.java:-1) 
2022-11-07 23:05:28 DEBUG [com.example.book.dao.BookDao.selectCa_Books_categoryNameId] - <==      Total: 1 
2022-11-07 23:05:28 DEBUG [jdbc.resultset] - 1. ResultSet.close() returned void  com.zaxxer.hikari.pool.HikariProxyResultSet.close(HikariProxyResultSet.java:-1) 
2022-11-07 23:05:28 DEBUG [jdbc.audit] - 1. Connection.getMetaData() returned org.mariadb.jdbc.DatabaseMetaData@4b039c6d  com.zaxxer.hikari.pool.ProxyConnection.getMetaData(ProxyConnection.java:370) 
2022-11-07 23:05:28 DEBUG [jdbc.audit] - 1. PreparedStatement.getMoreResults() returned false  com.zaxxer.hikari.pool.HikariProxyPreparedStatement.getMoreResults(HikariProxyPreparedStatement.java:-1) 
2022-11-07 23:05:28 DEBUG [jdbc.audit] - 1. PreparedStatement.getUpdateCount() returned -1  com.zaxxer.hikari.pool.HikariProxyPreparedStatement.getUpdateCount(HikariProxyPreparedStatement.java:-1) 
2022-11-07 23:05:28 DEBUG [jdbc.audit] - 1. PreparedStatement.close() returned   com.zaxxer.hikari.pool.ProxyStatement.close(ProxyStatement.java:75) 
2022-11-07 23:05:28 DEBUG [org.mybatis.spring.SqlSessionUtils] - Releasing transactional SqlSession [org.apache.ibatis.session.defaults.DefaultSqlSession@3c87fdf2] 
2022-11-07 23:05:28 DEBUG [org.mybatis.spring.SqlSessionUtils] - Transaction synchronization deregistering SqlSession [org.apache.ibatis.session.defaults.DefaultSqlSession@3c87fdf2] 
2022-11-07 23:05:28 DEBUG [org.mybatis.spring.SqlSessionUtils] - Transaction synchronization closing SqlSession [org.apache.ibatis.session.defaults.DefaultSqlSession@3c87fdf2] 
2022-11-07 23:05:28 DEBUG [org.mariadb.jdbc.client.impl.StandardClient] - execute query: ROLLBACK 
2022-11-07 23:05:28 DEBUG [jdbc.audit] - 1. Connection.rollback() returned   com.zaxxer.hikari.pool.ProxyConnection.rollback(ProxyConnection.java:385) 
2022-11-07 23:05:28 DEBUG [org.mariadb.jdbc.client.impl.StandardClient] - execute query: set autocommit=1 
2022-11-07 23:05:28 DEBUG [org.mariadb.jdbc.message.server.OkPacket] - System variable change:  autocommit = ON 
2022-11-07 23:05:28 DEBUG [jdbc.audit] - 1. Connection.setAutoCommit(true) returned   com.zaxxer.hikari.pool.ProxyConnection.setAutoCommit(ProxyConnection.java:401) 
2022-11-07 23:05:28 DEBUG [jdbc.audit] - 1. Connection.clearWarnings() returned   com.zaxxer.hikari.pool.ProxyConnection.close(ProxyConnection.java:257) 
2022-11-07 23:05:28 INFO  [org.springframework.test.context.transaction.TransactionContext] - Rolled back transaction for test: [DefaultTestContext@3c5dbdf8 testClass = BookDaoTest, testInstance = com.example.book.mapper.BookDaoTest@529c2a9a, testMethod = selectCategory_name_idTest@BookDaoTest, testException = [null], mergedContextConfiguration = [MergedContextConfiguration@7aac8884 testClass = BookDaoTest, locations = '{file:src/main/webapp/WEB-INF/spring/root-context.xml}', classes = '{}', contextInitializerClasses = '[]', activeProfiles = '{}', propertySourceLocations = '{}', propertySourceProperties = '{}', contextCustomizers = set[[empty]], contextLoader = 'org.springframework.test.context.support.DelegatingSmartContextLoader', parent = [null]], attributes = map['org.springframework.test.context.event.ApplicationEventsTestExecutionListener.recordApplicationEvents' -> false]] 
2022-11-07 23:05:28 INFO  [org.springframework.test.context.transaction.TransactionContext] - Rolled back transaction for test: [DefaultTestContext@3c5dbdf8 testClass = BookDaoTest, testInstance = com.example.book.mapper.BookDaoTest@529c2a9a, testMethod = selectCategory_name_idTest@BookDaoTest, testException = [null], mergedContextConfiguration = [MergedContextConfiguration@7aac8884 testClass = BookDaoTest, locations = '{file:src/main/webapp/WEB-INF/spring/root-context.xml}', classes = '{}', contextInitializerClasses = '[]', activeProfiles = '{}', propertySourceLocations = '{}', propertySourceProperties = '{}', contextCustomizers = set[[empty]], contextLoader = 'org.springframework.test.context.support.DelegatingSmartContextLoader', parent = [null]], attributes = map['org.springframework.test.context.event.ApplicationEventsTestExecutionListener.recordApplicationEvents' -> false]] 
2022-11-07 23:05:28 DEBUG [jdbc.audit] - 1. Connection.getAutoCommit() returned true  com.zaxxer.hikari.pool.HikariProxyConnection.getAutoCommit(HikariProxyConnection.java:-1) 
2022-11-07 23:05:28 DEBUG [org.mariadb.jdbc.client.impl.StandardClient] - execute query: set autocommit=0 
2022-11-07 23:05:28 DEBUG [org.mariadb.jdbc.message.server.OkPacket] - System variable change:  autocommit = OFF 
2022-11-07 23:05:28 DEBUG [jdbc.audit] - 1. Connection.setAutoCommit(false) returned   com.zaxxer.hikari.pool.ProxyConnection.setAutoCommit(ProxyConnection.java:401) 
2022-11-07 23:05:28 INFO  [org.springframework.test.context.transaction.TransactionContext] - Began transaction (1) for test context [DefaultTestContext@3c5dbdf8 testClass = BookDaoTest, testInstance = com.example.book.mapper.BookDaoTest@60b34931, testMethod = insertCategoryTest1@BookDaoTest, testException = [null], mergedContextConfiguration = [MergedContextConfiguration@7aac8884 testClass = BookDaoTest, locations = '{file:src/main/webapp/WEB-INF/spring/root-context.xml}', classes = '{}', contextInitializerClasses = '[]', activeProfiles = '{}', propertySourceLocations = '{}', propertySourceProperties = '{}', contextCustomizers = set[[empty]], contextLoader = 'org.springframework.test.context.support.DelegatingSmartContextLoader', parent = [null]], attributes = map['org.springframework.test.context.event.ApplicationEventsTestExecutionListener.recordApplicationEvents' -> false]]; transaction manager [org.springframework.jdbc.datasource.DataSourceTransactionManager@a66e580]; rollback [true] 
2022-11-07 23:05:28 INFO  [org.springframework.test.context.transaction.TransactionContext] - Began transaction (1) for test context [DefaultTestContext@3c5dbdf8 testClass = BookDaoTest, testInstance = com.example.book.mapper.BookDaoTest@60b34931, testMethod = insertCategoryTest1@BookDaoTest, testException = [null], mergedContextConfiguration = [MergedContextConfiguration@7aac8884 testClass = BookDaoTest, locations = '{file:src/main/webapp/WEB-INF/spring/root-context.xml}', classes = '{}', contextInitializerClasses = '[]', activeProfiles = '{}', propertySourceLocations = '{}', propertySourceProperties = '{}', contextCustomizers = set[[empty]], contextLoader = 'org.springframework.test.context.support.DelegatingSmartContextLoader', parent = [null]], attributes = map['org.springframework.test.context.event.ApplicationEventsTestExecutionListener.recordApplicationEvents' -> false]]; transaction manager [org.springframework.jdbc.datasource.DataSourceTransactionManager@a66e580]; rollback [true] 
2022-11-07 23:05:28 DEBUG [org.mybatis.spring.SqlSessionUtils] - Creating a new SqlSession 
2022-11-07 23:05:28 DEBUG [org.mybatis.spring.SqlSessionUtils] - Registering transaction synchronization for SqlSession [org.apache.ibatis.session.defaults.DefaultSqlSession@4aa21f9d] 
2022-11-07 23:05:28 DEBUG [jdbc.audit] - 1. Connection.getAutoCommit() returned false  com.zaxxer.hikari.pool.HikariProxyConnection.getAutoCommit(HikariProxyConnection.java:-1) 
2022-11-07 23:05:28 DEBUG [org.mybatis.spring.transaction.SpringManagedTransaction] - JDBC Connection [HikariProxyConnection@1678422332 wrapping net.sf.log4jdbc.sql.jdbcapi.ConnectionSpy@174e1b69] will be managed by Spring 
2022-11-07 23:05:28 DEBUG [com.example.book.dao.BookDao.insertCategory] - ==>  Preparing: INSERT INTO category (category_name_id, category_name) select ?,? from dual where not exists (select * from category where category_name_id=? or category_name=?) 
2022-11-07 23:05:28 DEBUG [jdbc.audit] - 1. PreparedStatement.new PreparedStatement returned   com.zaxxer.hikari.pool.ProxyConnection.prepareStatement(ProxyConnection.java:327) 
2022-11-07 23:05:28 DEBUG [jdbc.audit] - 1. Connection.prepareStatement(INSERT INTO category (category_name_id, category_name) select ?,? from dual        where not exists (select * from category where category_name_id=? or category_name=?)) returned net.sf.log4jdbc.sql.jdbcapi.PreparedStatementSpy@1e0a864d  com.zaxxer.hikari.pool.ProxyConnection.prepareStatement(ProxyConnection.java:327) 
2022-11-07 23:05:28 DEBUG [jdbc.audit] - 1. PreparedStatement.setInt(1, 27) returned   com.zaxxer.hikari.pool.HikariProxyPreparedStatement.setInt(HikariProxyPreparedStatement.java:-1) 
2022-11-07 23:05:28 DEBUG [jdbc.audit] - 1. PreparedStatement.setString(2, "존재하지 않던 카테고리") returned   com.zaxxer.hikari.pool.HikariProxyPreparedStatement.setString(HikariProxyPreparedStatement.java:-1) 
2022-11-07 23:05:28 DEBUG [jdbc.audit] - 1. PreparedStatement.setInt(3, 27) returned   com.zaxxer.hikari.pool.HikariProxyPreparedStatement.setInt(HikariProxyPreparedStatement.java:-1) 
2022-11-07 23:05:28 DEBUG [jdbc.audit] - 1. PreparedStatement.setString(4, "존재하지 않던 카테고리") returned   com.zaxxer.hikari.pool.HikariProxyPreparedStatement.setString(HikariProxyPreparedStatement.java:-1) 
2022-11-07 23:05:28 DEBUG [com.example.book.dao.BookDao.insertCategory] - ==> Parameters: 27(Integer), 존재하지 않던 카테고리(String), 27(Integer), 존재하지 않던 카테고리(String) 
2022-11-07 23:05:28 DEBUG [jdbc.sqlonly] -  com.zaxxer.hikari.pool.ProxyPreparedStatement.execute(ProxyPreparedStatement.java:44)1. INSERT INTO category (category_name_id, category_name) select 27,'존재하지 않던 카테고리' from dual where not exists (select * from category where category_name_id=27 or category_name='존재하지 않던 카테고리')  
2022-11-07 23:05:28 DEBUG [org.mariadb.jdbc.client.impl.StandardClient] - execute query: INSERT INTO category (category_name_id, category_name) select ?,? from dual        where not exists (select * from category where category_name_id=? or category_name=?) 
2022-11-07 23:05:28 INFO  [jdbc.connection] - 10. Connection opened  com.zaxxer.hikari.util.DriverDataSource.getConnection(DriverDataSource.java:138) 
2022-11-07 23:05:28 DEBUG [jdbc.connection] - open connections:  1 2 3 4 5 6 7 8 9 10 (10) 
2022-11-07 23:05:28 DEBUG [jdbc.audit] - 10. Connection.new Connection returned   com.zaxxer.hikari.util.DriverDataSource.getConnection(DriverDataSource.java:138) 
2022-11-07 23:05:28 DEBUG [jdbc.audit] - 10. Connection.isReadOnly() returned false  com.zaxxer.hikari.pool.PoolBase.setupConnection(PoolBase.java:403) 
2022-11-07 23:05:28 DEBUG [jdbc.audit] - 10. Connection.getAutoCommit() returned true  com.zaxxer.hikari.pool.PoolBase.setupConnection(PoolBase.java:407) 
2022-11-07 23:05:28 DEBUG [com.zaxxer.hikari.pool.HikariPool] - HikariPool-1 - Added connection net.sf.log4jdbc.sql.jdbcapi.ConnectionSpy@5941ab25 
2022-11-07 23:05:28 DEBUG [jdbc.sqltiming] -  com.zaxxer.hikari.pool.ProxyPreparedStatement.execute(ProxyPreparedStatement.java:44)1. INSERT INTO category (category_name_id, category_name) select 27,'존재하지 않던 카테고리' from dual where not exists (select * from category where category_name_id=27 or category_name='존재하지 않던 카테고리')  {executed in 7 msec} 
2022-11-07 23:05:28 DEBUG [jdbc.audit] - 1. PreparedStatement.execute() returned false  com.zaxxer.hikari.pool.ProxyPreparedStatement.execute(ProxyPreparedStatement.java:44) 
2022-11-07 23:05:28 DEBUG [jdbc.audit] - 1. PreparedStatement.getUpdateCount() returned 1  com.zaxxer.hikari.pool.HikariProxyPreparedStatement.getUpdateCount(HikariProxyPreparedStatement.java:-1) 
2022-11-07 23:05:28 DEBUG [com.example.book.dao.BookDao.insertCategory] - <==    Updates: 1 
2022-11-07 23:05:28 DEBUG [jdbc.audit] - 1. PreparedStatement.close() returned   com.zaxxer.hikari.pool.ProxyStatement.close(ProxyStatement.java:75) 
2022-11-07 23:05:28 DEBUG [org.mybatis.spring.SqlSessionUtils] - Releasing transactional SqlSession [org.apache.ibatis.session.defaults.DefaultSqlSession@4aa21f9d] 
2022-11-07 23:05:28 DEBUG [org.mybatis.spring.SqlSessionUtils] - Transaction synchronization deregistering SqlSession [org.apache.ibatis.session.defaults.DefaultSqlSession@4aa21f9d] 
2022-11-07 23:05:28 DEBUG [org.mybatis.spring.SqlSessionUtils] - Transaction synchronization closing SqlSession [org.apache.ibatis.session.defaults.DefaultSqlSession@4aa21f9d] 
2022-11-07 23:05:28 DEBUG [org.mariadb.jdbc.client.impl.StandardClient] - execute query: ROLLBACK 
2022-11-07 23:05:28 DEBUG [jdbc.audit] - 1. Connection.rollback() returned   com.zaxxer.hikari.pool.ProxyConnection.rollback(ProxyConnection.java:385) 
2022-11-07 23:05:28 DEBUG [org.mariadb.jdbc.client.impl.StandardClient] - execute query: set autocommit=1 
2022-11-07 23:05:28 DEBUG [org.mariadb.jdbc.message.server.OkPacket] - System variable change:  autocommit = ON 
2022-11-07 23:05:28 DEBUG [jdbc.audit] - 1. Connection.setAutoCommit(true) returned   com.zaxxer.hikari.pool.ProxyConnection.setAutoCommit(ProxyConnection.java:401) 
2022-11-07 23:05:28 DEBUG [jdbc.audit] - 1. Connection.clearWarnings() returned   com.zaxxer.hikari.pool.ProxyConnection.close(ProxyConnection.java:257) 
2022-11-07 23:05:28 INFO  [org.springframework.test.context.transaction.TransactionContext] - Rolled back transaction for test: [DefaultTestContext@3c5dbdf8 testClass = BookDaoTest, testInstance = com.example.book.mapper.BookDaoTest@60b34931, testMethod = insertCategoryTest1@BookDaoTest, testException = [null], mergedContextConfiguration = [MergedContextConfiguration@7aac8884 testClass = BookDaoTest, locations = '{file:src/main/webapp/WEB-INF/spring/root-context.xml}', classes = '{}', contextInitializerClasses = '[]', activeProfiles = '{}', propertySourceLocations = '{}', propertySourceProperties = '{}', contextCustomizers = set[[empty]], contextLoader = 'org.springframework.test.context.support.DelegatingSmartContextLoader', parent = [null]], attributes = map['org.springframework.test.context.event.ApplicationEventsTestExecutionListener.recordApplicationEvents' -> false]] 
2022-11-07 23:05:28 INFO  [org.springframework.test.context.transaction.TransactionContext] - Rolled back transaction for test: [DefaultTestContext@3c5dbdf8 testClass = BookDaoTest, testInstance = com.example.book.mapper.BookDaoTest@60b34931, testMethod = insertCategoryTest1@BookDaoTest, testException = [null], mergedContextConfiguration = [MergedContextConfiguration@7aac8884 testClass = BookDaoTest, locations = '{file:src/main/webapp/WEB-INF/spring/root-context.xml}', classes = '{}', contextInitializerClasses = '[]', activeProfiles = '{}', propertySourceLocations = '{}', propertySourceProperties = '{}', contextCustomizers = set[[empty]], contextLoader = 'org.springframework.test.context.support.DelegatingSmartContextLoader', parent = [null]], attributes = map['org.springframework.test.context.event.ApplicationEventsTestExecutionListener.recordApplicationEvents' -> false]] 
2022-11-07 23:05:28 DEBUG [jdbc.audit] - 1. Connection.getAutoCommit() returned true  com.zaxxer.hikari.pool.HikariProxyConnection.getAutoCommit(HikariProxyConnection.java:-1) 
2022-11-07 23:05:28 DEBUG [org.mariadb.jdbc.client.impl.StandardClient] - execute query: set autocommit=0 
2022-11-07 23:05:28 DEBUG [org.mariadb.jdbc.message.server.OkPacket] - System variable change:  autocommit = OFF 
2022-11-07 23:05:28 DEBUG [jdbc.audit] - 1. Connection.setAutoCommit(false) returned   com.zaxxer.hikari.pool.ProxyConnection.setAutoCommit(ProxyConnection.java:401) 
2022-11-07 23:05:28 INFO  [org.springframework.test.context.transaction.TransactionContext] - Began transaction (1) for test context [DefaultTestContext@3c5dbdf8 testClass = BookDaoTest, testInstance = com.example.book.mapper.BookDaoTest@4527f70a, testMethod = insertCategoryTest2@BookDaoTest, testException = [null], mergedContextConfiguration = [MergedContextConfiguration@7aac8884 testClass = BookDaoTest, locations = '{file:src/main/webapp/WEB-INF/spring/root-context.xml}', classes = '{}', contextInitializerClasses = '[]', activeProfiles = '{}', propertySourceLocations = '{}', propertySourceProperties = '{}', contextCustomizers = set[[empty]], contextLoader = 'org.springframework.test.context.support.DelegatingSmartContextLoader', parent = [null]], attributes = map['org.springframework.test.context.event.ApplicationEventsTestExecutionListener.recordApplicationEvents' -> false]]; transaction manager [org.springframework.jdbc.datasource.DataSourceTransactionManager@a66e580]; rollback [true] 
2022-11-07 23:05:28 INFO  [org.springframework.test.context.transaction.TransactionContext] - Began transaction (1) for test context [DefaultTestContext@3c5dbdf8 testClass = BookDaoTest, testInstance = com.example.book.mapper.BookDaoTest@4527f70a, testMethod = insertCategoryTest2@BookDaoTest, testException = [null], mergedContextConfiguration = [MergedContextConfiguration@7aac8884 testClass = BookDaoTest, locations = '{file:src/main/webapp/WEB-INF/spring/root-context.xml}', classes = '{}', contextInitializerClasses = '[]', activeProfiles = '{}', propertySourceLocations = '{}', propertySourceProperties = '{}', contextCustomizers = set[[empty]], contextLoader = 'org.springframework.test.context.support.DelegatingSmartContextLoader', parent = [null]], attributes = map['org.springframework.test.context.event.ApplicationEventsTestExecutionListener.recordApplicationEvents' -> false]]; transaction manager [org.springframework.jdbc.datasource.DataSourceTransactionManager@a66e580]; rollback [true] 
2022-11-07 23:05:28 DEBUG [org.mybatis.spring.SqlSessionUtils] - Creating a new SqlSession 
2022-11-07 23:05:28 DEBUG [org.mybatis.spring.SqlSessionUtils] - Registering transaction synchronization for SqlSession [org.apache.ibatis.session.defaults.DefaultSqlSession@707b1a44] 
2022-11-07 23:05:28 DEBUG [jdbc.audit] - 1. Connection.getAutoCommit() returned false  com.zaxxer.hikari.pool.HikariProxyConnection.getAutoCommit(HikariProxyConnection.java:-1) 
2022-11-07 23:05:28 DEBUG [org.mybatis.spring.transaction.SpringManagedTransaction] - JDBC Connection [HikariProxyConnection@1464031233 wrapping net.sf.log4jdbc.sql.jdbcapi.ConnectionSpy@174e1b69] will be managed by Spring 
2022-11-07 23:05:28 DEBUG [com.example.book.dao.BookDao.insertCategory] - ==>  Preparing: INSERT INTO category (category_name_id, category_name) select ?,? from dual where not exists (select * from category where category_name_id=? or category_name=?) 
2022-11-07 23:05:28 DEBUG [jdbc.audit] - 1. PreparedStatement.new PreparedStatement returned   com.zaxxer.hikari.pool.ProxyConnection.prepareStatement(ProxyConnection.java:327) 
2022-11-07 23:05:28 DEBUG [jdbc.audit] - 1. Connection.prepareStatement(INSERT INTO category (category_name_id, category_name) select ?,? from dual        where not exists (select * from category where category_name_id=? or category_name=?)) returned net.sf.log4jdbc.sql.jdbcapi.PreparedStatementSpy@2da66a44  com.zaxxer.hikari.pool.ProxyConnection.prepareStatement(ProxyConnection.java:327) 
2022-11-07 23:05:28 DEBUG [jdbc.audit] - 1. PreparedStatement.setInt(1, 1) returned   com.zaxxer.hikari.pool.HikariProxyPreparedStatement.setInt(HikariProxyPreparedStatement.java:-1) 
2022-11-07 23:05:28 DEBUG [jdbc.audit] - 1. PreparedStatement.setString(2, "건강") returned   com.zaxxer.hikari.pool.HikariProxyPreparedStatement.setString(HikariProxyPreparedStatement.java:-1) 
2022-11-07 23:05:28 DEBUG [jdbc.audit] - 1. PreparedStatement.setInt(3, 1) returned   com.zaxxer.hikari.pool.HikariProxyPreparedStatement.setInt(HikariProxyPreparedStatement.java:-1) 
2022-11-07 23:05:28 DEBUG [jdbc.audit] - 1. PreparedStatement.setString(4, "건강") returned   com.zaxxer.hikari.pool.HikariProxyPreparedStatement.setString(HikariProxyPreparedStatement.java:-1) 
2022-11-07 23:05:28 DEBUG [com.example.book.dao.BookDao.insertCategory] - ==> Parameters: 1(Integer), 건강(String), 1(Integer), 건강(String) 
2022-11-07 23:05:28 DEBUG [jdbc.sqlonly] -  com.zaxxer.hikari.pool.ProxyPreparedStatement.execute(ProxyPreparedStatement.java:44)1. INSERT INTO category (category_name_id, category_name) select 1,'건강' from dual where not exists (select * from category where category_name_id=1 or category_name='건강')  
2022-11-07 23:05:28 DEBUG [org.mariadb.jdbc.client.impl.StandardClient] - execute query: INSERT INTO category (category_name_id, category_name) select ?,? from dual        where not exists (select * from category where category_name_id=? or category_name=?) 
2022-11-07 23:05:28 DEBUG [jdbc.sqltiming] -  com.zaxxer.hikari.pool.ProxyPreparedStatement.execute(ProxyPreparedStatement.java:44)1. INSERT INTO category (category_name_id, category_name) select 1,'건강' from dual where not exists (select * from category where category_name_id=1 or category_name='건강')  {executed in 0 msec} 
2022-11-07 23:05:28 DEBUG [jdbc.audit] - 1. PreparedStatement.execute() returned false  com.zaxxer.hikari.pool.ProxyPreparedStatement.execute(ProxyPreparedStatement.java:44) 
2022-11-07 23:05:28 DEBUG [jdbc.audit] - 1. PreparedStatement.getUpdateCount() returned 0  com.zaxxer.hikari.pool.HikariProxyPreparedStatement.getUpdateCount(HikariProxyPreparedStatement.java:-1) 
2022-11-07 23:05:28 DEBUG [com.example.book.dao.BookDao.insertCategory] - <==    Updates: 0 
2022-11-07 23:05:28 DEBUG [jdbc.audit] - 1. PreparedStatement.close() returned   com.zaxxer.hikari.pool.ProxyStatement.close(ProxyStatement.java:75) 
2022-11-07 23:05:28 DEBUG [org.mybatis.spring.SqlSessionUtils] - Releasing transactional SqlSession [org.apache.ibatis.session.defaults.DefaultSqlSession@707b1a44] 
2022-11-07 23:05:28 DEBUG [org.mybatis.spring.SqlSessionUtils] - Transaction synchronization deregistering SqlSession [org.apache.ibatis.session.defaults.DefaultSqlSession@707b1a44] 
2022-11-07 23:05:28 DEBUG [org.mybatis.spring.SqlSessionUtils] - Transaction synchronization closing SqlSession [org.apache.ibatis.session.defaults.DefaultSqlSession@707b1a44] 
2022-11-07 23:05:28 DEBUG [org.mariadb.jdbc.client.impl.StandardClient] - execute query: ROLLBACK 
2022-11-07 23:05:28 DEBUG [jdbc.audit] - 1. Connection.rollback() returned   com.zaxxer.hikari.pool.ProxyConnection.rollback(ProxyConnection.java:385) 
2022-11-07 23:05:28 DEBUG [org.mariadb.jdbc.client.impl.StandardClient] - execute query: set autocommit=1 
2022-11-07 23:05:28 DEBUG [org.mariadb.jdbc.message.server.OkPacket] - System variable change:  autocommit = ON 
2022-11-07 23:05:28 DEBUG [jdbc.audit] - 1. Connection.setAutoCommit(true) returned   com.zaxxer.hikari.pool.ProxyConnection.setAutoCommit(ProxyConnection.java:401) 
2022-11-07 23:05:28 DEBUG [jdbc.audit] - 1. Connection.clearWarnings() returned   com.zaxxer.hikari.pool.ProxyConnection.close(ProxyConnection.java:257) 
2022-11-07 23:05:28 INFO  [org.springframework.test.context.transaction.TransactionContext] - Rolled back transaction for test: [DefaultTestContext@3c5dbdf8 testClass = BookDaoTest, testInstance = com.example.book.mapper.BookDaoTest@4527f70a, testMethod = insertCategoryTest2@BookDaoTest, testException = [null], mergedContextConfiguration = [MergedContextConfiguration@7aac8884 testClass = BookDaoTest, locations = '{file:src/main/webapp/WEB-INF/spring/root-context.xml}', classes = '{}', contextInitializerClasses = '[]', activeProfiles = '{}', propertySourceLocations = '{}', propertySourceProperties = '{}', contextCustomizers = set[[empty]], contextLoader = 'org.springframework.test.context.support.DelegatingSmartContextLoader', parent = [null]], attributes = map['org.springframework.test.context.event.ApplicationEventsTestExecutionListener.recordApplicationEvents' -> false]] 
2022-11-07 23:05:28 INFO  [org.springframework.test.context.transaction.TransactionContext] - Rolled back transaction for test: [DefaultTestContext@3c5dbdf8 testClass = BookDaoTest, testInstance = com.example.book.mapper.BookDaoTest@4527f70a, testMethod = insertCategoryTest2@BookDaoTest, testException = [null], mergedContextConfiguration = [MergedContextConfiguration@7aac8884 testClass = BookDaoTest, locations = '{file:src/main/webapp/WEB-INF/spring/root-context.xml}', classes = '{}', contextInitializerClasses = '[]', activeProfiles = '{}', propertySourceLocations = '{}', propertySourceProperties = '{}', contextCustomizers = set[[empty]], contextLoader = 'org.springframework.test.context.support.DelegatingSmartContextLoader', parent = [null]], attributes = map['org.springframework.test.context.event.ApplicationEventsTestExecutionListener.recordApplicationEvents' -> false]] 
2022-11-07 23:05:28 DEBUG [jdbc.audit] - 1. Connection.getAutoCommit() returned true  com.zaxxer.hikari.pool.HikariProxyConnection.getAutoCommit(HikariProxyConnection.java:-1) 
2022-11-07 23:05:28 DEBUG [org.mariadb.jdbc.client.impl.StandardClient] - execute query: set autocommit=0 
2022-11-07 23:05:28 DEBUG [org.mariadb.jdbc.message.server.OkPacket] - System variable change:  autocommit = OFF 
2022-11-07 23:05:28 DEBUG [jdbc.audit] - 1. Connection.setAutoCommit(false) returned   com.zaxxer.hikari.pool.ProxyConnection.setAutoCommit(ProxyConnection.java:401) 
2022-11-07 23:05:28 INFO  [org.springframework.test.context.transaction.TransactionContext] - Began transaction (1) for test context [DefaultTestContext@3c5dbdf8 testClass = BookDaoTest, testInstance = com.example.book.mapper.BookDaoTest@527fc8e, testMethod = insertBookTest@BookDaoTest, testException = [null], mergedContextConfiguration = [MergedContextConfiguration@7aac8884 testClass = BookDaoTest, locations = '{file:src/main/webapp/WEB-INF/spring/root-context.xml}', classes = '{}', contextInitializerClasses = '[]', activeProfiles = '{}', propertySourceLocations = '{}', propertySourceProperties = '{}', contextCustomizers = set[[empty]], contextLoader = 'org.springframework.test.context.support.DelegatingSmartContextLoader', parent = [null]], attributes = map['org.springframework.test.context.event.ApplicationEventsTestExecutionListener.recordApplicationEvents' -> false]]; transaction manager [org.springframework.jdbc.datasource.DataSourceTransactionManager@a66e580]; rollback [true] 
2022-11-07 23:05:28 INFO  [org.springframework.test.context.transaction.TransactionContext] - Began transaction (1) for test context [DefaultTestContext@3c5dbdf8 testClass = BookDaoTest, testInstance = com.example.book.mapper.BookDaoTest@527fc8e, testMethod = insertBookTest@BookDaoTest, testException = [null], mergedContextConfiguration = [MergedContextConfiguration@7aac8884 testClass = BookDaoTest, locations = '{file:src/main/webapp/WEB-INF/spring/root-context.xml}', classes = '{}', contextInitializerClasses = '[]', activeProfiles = '{}', propertySourceLocations = '{}', propertySourceProperties = '{}', contextCustomizers = set[[empty]], contextLoader = 'org.springframework.test.context.support.DelegatingSmartContextLoader', parent = [null]], attributes = map['org.springframework.test.context.event.ApplicationEventsTestExecutionListener.recordApplicationEvents' -> false]]; transaction manager [org.springframework.jdbc.datasource.DataSourceTransactionManager@a66e580]; rollback [true] 
2022-11-07 23:05:28 DEBUG [org.mybatis.spring.SqlSessionUtils] - Creating a new SqlSession 
2022-11-07 23:05:28 DEBUG [org.mybatis.spring.SqlSessionUtils] - Registering transaction synchronization for SqlSession [org.apache.ibatis.session.defaults.DefaultSqlSession@2c7106d9] 
2022-11-07 23:05:28 DEBUG [jdbc.audit] - 1. Connection.getAutoCommit() returned false  com.zaxxer.hikari.pool.HikariProxyConnection.getAutoCommit(HikariProxyConnection.java:-1) 
2022-11-07 23:05:28 DEBUG [org.mybatis.spring.transaction.SpringManagedTransaction] - JDBC Connection [HikariProxyConnection@140702728 wrapping net.sf.log4jdbc.sql.jdbcapi.ConnectionSpy@174e1b69] will be managed by Spring 
2022-11-07 23:05:28 DEBUG [com.example.book.dao.BookDao.insertBook] - ==>  Preparing: insert into book (isbn, title, pubDate, author, description, price, stock, cover, publisher) values (?,?,?,?,?,?,?,?,?) 
2022-11-07 23:05:28 DEBUG [jdbc.audit] - 1. PreparedStatement.new PreparedStatement returned   com.zaxxer.hikari.pool.ProxyConnection.prepareStatement(ProxyConnection.java:334) 
2022-11-07 23:05:28 DEBUG [jdbc.audit] - 1. Connection.prepareStatement(insert into book (isbn, title, pubDate, author, description, price, stock, cover, publisher)        values (?,?,?,?,?,?,?,?,?), 1) returned net.sf.log4jdbc.sql.jdbcapi.PreparedStatementSpy@178f268a  com.zaxxer.hikari.pool.ProxyConnection.prepareStatement(ProxyConnection.java:334) 
2022-11-07 23:05:28 DEBUG [jdbc.audit] - 1. PreparedStatement.setNull(1, 1111) returned   com.zaxxer.hikari.pool.HikariProxyPreparedStatement.setNull(HikariProxyPreparedStatement.java:-1) 
2022-11-07 23:05:28 DEBUG [jdbc.audit] - 1. PreparedStatement.setString(2, "title") returned   com.zaxxer.hikari.pool.HikariProxyPreparedStatement.setString(HikariProxyPreparedStatement.java:-1) 
2022-11-07 23:05:28 DEBUG [jdbc.audit] - 1. PreparedStatement.setNull(3, 1111) returned   com.zaxxer.hikari.pool.HikariProxyPreparedStatement.setNull(HikariProxyPreparedStatement.java:-1) 
2022-11-07 23:05:28 DEBUG [jdbc.audit] - 1. PreparedStatement.setString(4, "author") returned   com.zaxxer.hikari.pool.HikariProxyPreparedStatement.setString(HikariProxyPreparedStatement.java:-1) 
2022-11-07 23:05:28 DEBUG [jdbc.audit] - 1. PreparedStatement.setNull(5, 1111) returned   com.zaxxer.hikari.pool.HikariProxyPreparedStatement.setNull(HikariProxyPreparedStatement.java:-1) 
2022-11-07 23:05:28 DEBUG [jdbc.audit] - 1. PreparedStatement.setInt(6, 0) returned   com.zaxxer.hikari.pool.HikariProxyPreparedStatement.setInt(HikariProxyPreparedStatement.java:-1) 
2022-11-07 23:05:28 DEBUG [jdbc.audit] - 1. PreparedStatement.setInt(7, 0) returned   com.zaxxer.hikari.pool.HikariProxyPreparedStatement.setInt(HikariProxyPreparedStatement.java:-1) 
2022-11-07 23:05:28 DEBUG [jdbc.audit] - 1. PreparedStatement.setNull(8, 1111) returned   com.zaxxer.hikari.pool.HikariProxyPreparedStatement.setNull(HikariProxyPreparedStatement.java:-1) 
2022-11-07 23:05:28 DEBUG [jdbc.audit] - 1. PreparedStatement.setNull(9, 1111) returned   com.zaxxer.hikari.pool.HikariProxyPreparedStatement.setNull(HikariProxyPreparedStatement.java:-1) 
2022-11-07 23:05:28 DEBUG [com.example.book.dao.BookDao.insertBook] - ==> Parameters: null, title(String), null, author(String), null, 0(Integer), 0(Integer), null, null 
2022-11-07 23:05:28 DEBUG [jdbc.sqlonly] -  com.zaxxer.hikari.pool.ProxyPreparedStatement.execute(ProxyPreparedStatement.java:44)1. insert into book (isbn, title, pubDate, author, description, price, stock, cover, publisher) values (NULL,'title',NULL,'author',NULL,0,0,NULL,NULL)  
2022-11-07 23:05:28 DEBUG [org.mariadb.jdbc.client.impl.StandardClient] - execute query: insert into book (isbn, title, pubDate, author, description, price, stock, cover, publisher)        values (?,?,?,?,?,?,?,?,?) 
2022-11-07 23:05:28 DEBUG [com.zaxxer.hikari.pool.HikariPool] - HikariPool-1 - After adding stats (total=10, active=1, idle=9, waiting=0) 
2022-11-07 23:05:28 DEBUG [jdbc.sqltiming] -  com.zaxxer.hikari.pool.ProxyPreparedStatement.execute(ProxyPreparedStatement.java:44)1. insert into book (isbn, title, pubDate, author, description, price, stock, cover, publisher) values (NULL,'title',NULL,'author',NULL,0,0,NULL,NULL)  {executed in 3 msec} 
2022-11-07 23:05:28 DEBUG [jdbc.audit] - 1. PreparedStatement.execute() returned false  com.zaxxer.hikari.pool.ProxyPreparedStatement.execute(ProxyPreparedStatement.java:44) 
2022-11-07 23:05:28 DEBUG [jdbc.audit] - 1. PreparedStatement.getUpdateCount() returned 1  com.zaxxer.hikari.pool.HikariProxyPreparedStatement.getUpdateCount(HikariProxyPreparedStatement.java:-1) 
2022-11-07 23:05:28 DEBUG [com.example.book.dao.BookDao.insertBook] - <==    Updates: 1 
2022-11-07 23:05:28 DEBUG [jdbc.sqltiming] -  com.zaxxer.hikari.pool.ProxyStatement.getGeneratedKeys(ProxyStatement.java:229)1. getGeneratedKeys on query: insert into book (isbn, title, pubDate, author, description, price, stock, cover, publisher) values (NULL,'title',NULL,'author',NULL,0,0,NULL,NULL)  {executed in 0 msec} 
2022-11-07 23:05:28 DEBUG [jdbc.resultset] - 1. ResultSet.new ResultSet returned   com.zaxxer.hikari.pool.ProxyStatement.getGeneratedKeys(ProxyStatement.java:229) 
2022-11-07 23:05:28 DEBUG [jdbc.audit] - 1. PreparedStatement.getGeneratedKeys() returned net.sf.log4jdbc.sql.jdbcapi.ResultSetSpy@33ecbd6c  com.zaxxer.hikari.pool.ProxyStatement.getGeneratedKeys(ProxyStatement.java:229) 
2022-11-07 23:05:28 DEBUG [jdbc.resultset] - 1. ResultSet.getMetaData() returned org.mariadb.jdbc.client.result.ResultSetMetaData@5c723f2d  com.zaxxer.hikari.pool.HikariProxyResultSet.getMetaData(HikariProxyResultSet.java:-1) 
2022-11-07 23:05:28 DEBUG [jdbc.resultset] - 1. ResultSet.next() returned true  com.zaxxer.hikari.pool.HikariProxyResultSet.next(HikariProxyResultSet.java:-1) 
2022-11-07 23:05:28 DEBUG [jdbc.resultset] - 1. ResultSet.getLong(1) returned 1078  com.zaxxer.hikari.pool.HikariProxyResultSet.getLong(HikariProxyResultSet.java:-1) 
2022-11-07 23:05:28 INFO  [jdbc.resultsettable] - |----------||insert_id ||----------||1078      ||----------| 
2022-11-07 23:05:28 DEBUG [jdbc.resultset] - 1. ResultSet.next() returned false  com.zaxxer.hikari.pool.HikariProxyResultSet.next(HikariProxyResultSet.java:-1) 
2022-11-07 23:05:28 DEBUG [jdbc.resultset] - 1. ResultSet.close() returned void  com.zaxxer.hikari.pool.HikariProxyResultSet.close(HikariProxyResultSet.java:-1) 
2022-11-07 23:05:28 DEBUG [jdbc.audit] - 1. PreparedStatement.close() returned   com.zaxxer.hikari.pool.ProxyStatement.close(ProxyStatement.java:75) 
2022-11-07 23:05:28 DEBUG [org.mybatis.spring.SqlSessionUtils] - Releasing transactional SqlSession [org.apache.ibatis.session.defaults.DefaultSqlSession@2c7106d9] 
2022-11-07 23:05:28 DEBUG [org.mybatis.spring.SqlSessionUtils] - Fetched SqlSession [org.apache.ibatis.session.defaults.DefaultSqlSession@2c7106d9] from current transaction 
2022-11-07 23:05:28 DEBUG [com.example.book.dao.BookDao.selectOne] - ==>  Preparing: select * from book where bno = 1078 
2022-11-07 23:05:28 DEBUG [jdbc.audit] - 1. PreparedStatement.new PreparedStatement returned   com.zaxxer.hikari.pool.ProxyConnection.prepareStatement(ProxyConnection.java:327) 
2022-11-07 23:05:28 DEBUG [jdbc.audit] - 1. Connection.prepareStatement(select * from book where bno = 1078) returned net.sf.log4jdbc.sql.jdbcapi.PreparedStatementSpy@3fba233d  com.zaxxer.hikari.pool.ProxyConnection.prepareStatement(ProxyConnection.java:327) 
2022-11-07 23:05:28 DEBUG [com.example.book.dao.BookDao.selectOne] - ==> Parameters:  
2022-11-07 23:05:28 DEBUG [jdbc.sqlonly] -  com.zaxxer.hikari.pool.ProxyPreparedStatement.execute(ProxyPreparedStatement.java:44)1. select * from book where bno = 1078  
2022-11-07 23:05:28 DEBUG [org.mariadb.jdbc.client.impl.StandardClient] - execute query: select * from book where bno = 1078 
2022-11-07 23:05:28 DEBUG [jdbc.sqltiming] -  com.zaxxer.hikari.pool.ProxyPreparedStatement.execute(ProxyPreparedStatement.java:44)1. select * from book where bno = 1078  {executed in 1 msec} 
2022-11-07 23:05:28 DEBUG [jdbc.audit] - 1. PreparedStatement.execute() returned true  com.zaxxer.hikari.pool.ProxyPreparedStatement.execute(ProxyPreparedStatement.java:44) 
2022-11-07 23:05:28 DEBUG [jdbc.resultset] - 1. ResultSet.new ResultSet returned   com.zaxxer.hikari.pool.ProxyStatement.getResultSet(ProxyStatement.java:213) 
2022-11-07 23:05:28 DEBUG [jdbc.audit] - 1. PreparedStatement.getResultSet() returned net.sf.log4jdbc.sql.jdbcapi.ResultSetSpy@427ae189  com.zaxxer.hikari.pool.ProxyStatement.getResultSet(ProxyStatement.java:213) 
2022-11-07 23:05:28 DEBUG [jdbc.resultset] - 1. ResultSet.getMetaData() returned org.mariadb.jdbc.client.result.ResultSetMetaData@16a9eb2e  com.zaxxer.hikari.pool.HikariProxyResultSet.getMetaData(HikariProxyResultSet.java:-1) 
2022-11-07 23:05:28 DEBUG [jdbc.resultset] - 1. ResultSet.getType() returned 1003  com.zaxxer.hikari.pool.HikariProxyResultSet.getType(HikariProxyResultSet.java:-1) 
2022-11-07 23:05:28 DEBUG [jdbc.resultset] - 1. ResultSet.isClosed() returned false  com.zaxxer.hikari.pool.HikariProxyResultSet.isClosed(HikariProxyResultSet.java:-1) 
2022-11-07 23:05:28 DEBUG [jdbc.resultset] - 1. ResultSet.next() returned true  com.zaxxer.hikari.pool.HikariProxyResultSet.next(HikariProxyResultSet.java:-1) 
2022-11-07 23:05:28 DEBUG [jdbc.resultset] - 1. ResultSet.getLong(bno) returned 1078  com.zaxxer.hikari.pool.HikariProxyResultSet.getLong(HikariProxyResultSet.java:-1) 
2022-11-07 23:05:28 DEBUG [jdbc.resultset] - 1. ResultSet.getString(isbn) returned void  com.zaxxer.hikari.pool.HikariProxyResultSet.getString(HikariProxyResultSet.java:-1) 
2022-11-07 23:05:28 DEBUG [jdbc.resultset] - 1. ResultSet.getString(title) returned title  com.zaxxer.hikari.pool.HikariProxyResultSet.getString(HikariProxyResultSet.java:-1) 
2022-11-07 23:05:28 DEBUG [jdbc.resultset] - 1. ResultSet.getDate(pubDate) returned void  com.zaxxer.hikari.pool.HikariProxyResultSet.getDate(HikariProxyResultSet.java:-1) 
[...]
2022-11-07 23:05:28 DEBUG [org.mybatis.spring.SqlSessionUtils] - Transaction synchronization deregistering SqlSession [org.apache.ibatis.session.defaults.DefaultSqlSession@2d38edfd] 
2022-11-07 23:05:28 DEBUG [org.mybatis.spring.SqlSessionUtils] - Transaction synchronization closing SqlSession [org.apache.ibatis.session.defaults.DefaultSqlSession@2d38edfd] 
2022-11-07 23:05:28 DEBUG [org.mariadb.jdbc.client.impl.StandardClient] - execute query: ROLLBACK 
2022-11-07 23:05:28 DEBUG [jdbc.audit] - 1. Connection.rollback() returned   com.zaxxer.hikari.pool.ProxyConnection.rollback(ProxyConnection.java:385) 
2022-11-07 23:05:28 DEBUG [org.mariadb.jdbc.client.impl.StandardClient] - execute query: set autocommit=1 
2022-11-07 23:05:28 DEBUG [org.mariadb.jdbc.message.server.OkPacket] - System variable change:  autocommit = ON 
2022-11-07 23:05:28 DEBUG [jdbc.audit] - 1. Connection.setAutoCommit(true) returned   com.zaxxer.hikari.pool.ProxyConnection.setAutoCommit(ProxyConnection.java:401) 
2022-11-07 23:05:28 DEBUG [jdbc.audit] - 1. Connection.clearWarnings() returned   com.zaxxer.hikari.pool.ProxyConnection.close(ProxyConnection.java:257) 
2022-11-07 23:05:28 INFO  [org.springframework.test.context.transaction.TransactionContext] - Rolled back transaction for test: [DefaultTestContext@3c5dbdf8 testClass = BookDaoTest, testInstance = com.example.book.mapper.BookDaoTest@6e43ddd6, testMethod = selectBooksTest@BookDaoTest, testException = [null], mergedContextConfiguration = [MergedContextConfiguration@7aac8884 testClass = BookDaoTest, locations = '{file:src/main/webapp/WEB-INF/spring/root-context.xml}', classes = '{}', contextInitializerClasses = '[]', activeProfiles = '{}', propertySourceLocations = '{}', propertySourceProperties = '{}', contextCustomizers = set[[empty]], contextLoader = 'org.springframework.test.context.support.DelegatingSmartContextLoader', parent = [null]], attributes = map['org.springframework.test.context.event.ApplicationEventsTestExecutionListener.recordApplicationEvents' -> false]] 
2022-11-07 23:05:28 INFO  [org.springframework.test.context.transaction.TransactionContext] - Rolled back transaction for test: [DefaultTestContext@3c5dbdf8 testClass = BookDaoTest, testInstance = com.example.book.mapper.BookDaoTest@6e43ddd6, testMethod = selectBooksTest@BookDaoTest, testException = [null], mergedContextConfiguration = [MergedContextConfiguration@7aac8884 testClass = BookDaoTest, locations = '{file:src/main/webapp/WEB-INF/spring/root-context.xml}', classes = '{}', contextInitializerClasses = '[]', activeProfiles = '{}', propertySourceLocations = '{}', propertySourceProperties = '{}', contextCustomizers = set[[empty]], contextLoader = 'org.springframework.test.context.support.DelegatingSmartContextLoader', parent = [null]], attributes = map['org.springframework.test.context.event.ApplicationEventsTestExecutionListener.recordApplicationEvents' -> false]] 
2022-11-07 23:05:28 DEBUG [jdbc.audit] - 1. Connection.getAutoCommit() returned true  com.zaxxer.hikari.pool.HikariProxyConnection.getAutoCommit(HikariProxyConnection.java:-1) 
2022-11-07 23:05:28 DEBUG [org.mariadb.jdbc.client.impl.StandardClient] - execute query: set autocommit=0 
2022-11-07 23:05:28 DEBUG [org.mariadb.jdbc.message.server.OkPacket] - System variable change:  autocommit = OFF 
2022-11-07 23:05:28 DEBUG [jdbc.audit] - 1. Connection.setAutoCommit(false) returned   com.zaxxer.hikari.pool.ProxyConnection.setAutoCommit(ProxyConnection.java:401) 
2022-11-07 23:05:28 INFO  [org.springframework.test.context.transaction.TransactionContext] - Began transaction (1) for test context [DefaultTestContext@3c5dbdf8 testClass = BookDaoTest, testInstance = com.example.book.mapper.BookDaoTest@41853299, testMethod = insertCategoryBookTest@BookDaoTest, testException = [null], mergedContextConfiguration = [MergedContextConfiguration@7aac8884 testClass = BookDaoTest, locations = '{file:src/main/webapp/WEB-INF/spring/root-context.xml}', classes = '{}', contextInitializerClasses = '[]', activeProfiles = '{}', propertySourceLocations = '{}', propertySourceProperties = '{}', contextCustomizers = set[[empty]], contextLoader = 'org.springframework.test.context.support.DelegatingSmartContextLoader', parent = [null]], attributes = map['org.springframework.test.context.event.ApplicationEventsTestExecutionListener.recordApplicationEvents' -> false]]; transaction manager [org.springframework.jdbc.datasource.DataSourceTransactionManager@a66e580]; rollback [true] 
2022-11-07 23:05:28 INFO  [org.springframework.test.context.transaction.TransactionContext] - Began transaction (1) for test context [DefaultTestContext@3c5dbdf8 testClass = BookDaoTest, testInstance = com.example.book.mapper.BookDaoTest@41853299, testMethod = insertCategoryBookTest@BookDaoTest, testException = [null], mergedContextConfiguration = [MergedContextConfiguration@7aac8884 testClass = BookDaoTest, locations = '{file:src/main/webapp/WEB-INF/spring/root-context.xml}', classes = '{}', contextInitializerClasses = '[]', activeProfiles = '{}', propertySourceLocations = '{}', propertySourceProperties = '{}', contextCustomizers = set[[empty]], contextLoader = 'org.springframework.test.context.support.DelegatingSmartContextLoader', parent = [null]], attributes = map['org.springframework.test.context.event.ApplicationEventsTestExecutionListener.recordApplicationEvents' -> false]]; transaction manager [org.springframework.jdbc.datasource.DataSourceTransactionManager@a66e580]; rollback [true] 
2022-11-07 23:05:28 DEBUG [org.mybatis.spring.SqlSessionUtils] - Creating a new SqlSession 
2022-11-07 23:05:28 DEBUG [org.mybatis.spring.SqlSessionUtils] - Registering transaction synchronization for SqlSession [org.apache.ibatis.session.defaults.DefaultSqlSession@7ab4ae59] 
2022-11-07 23:05:28 DEBUG [jdbc.audit] - 1. Connection.getAutoCommit() returned false  com.zaxxer.hikari.pool.HikariProxyConnection.getAutoCommit(HikariProxyConnection.java:-1) 
2022-11-07 23:05:28 DEBUG [org.mybatis.spring.transaction.SpringManagedTransaction] - JDBC Connection [HikariProxyConnection@1570160120 wrapping net.sf.log4jdbc.sql.jdbcapi.ConnectionSpy@174e1b69] will be managed by Spring 
2022-11-07 23:05:28 DEBUG [com.example.book.dao.BookDao.insertCategoryBook] - ==>  Preparing: insert into category_book values (?,?) 
2022-11-07 23:05:28 DEBUG [jdbc.audit] - 1. PreparedStatement.new PreparedStatement returned   com.zaxxer.hikari.pool.ProxyConnection.prepareStatement(ProxyConnection.java:327) 
2022-11-07 23:05:28 DEBUG [jdbc.audit] - 1. Connection.prepareStatement(insert into category_book        values (?,?)) returned net.sf.log4jdbc.sql.jdbcapi.PreparedStatementSpy@6f76c2cc  com.zaxxer.hikari.pool.ProxyConnection.prepareStatement(ProxyConnection.java:327) 
2022-11-07 23:05:28 DEBUG [jdbc.audit] - 1. PreparedStatement.setLong(1, 1) returned   com.zaxxer.hikari.pool.HikariProxyPreparedStatement.setLong(HikariProxyPreparedStatement.java:-1) 
2022-11-07 23:05:28 DEBUG [jdbc.audit] - 1. PreparedStatement.setInt(2, 1) returned   com.zaxxer.hikari.pool.HikariProxyPreparedStatement.setInt(HikariProxyPreparedStatement.java:-1) 
2022-11-07 23:05:28 DEBUG [com.example.book.dao.BookDao.insertCategoryBook] - ==> Parameters: 1(Long), 1(Integer) 
2022-11-07 23:05:28 DEBUG [jdbc.sqlonly] -  com.zaxxer.hikari.pool.ProxyPreparedStatement.execute(ProxyPreparedStatement.java:44)1. insert into category_book values (1,1)  
2022-11-07 23:05:28 DEBUG [org.mariadb.jdbc.client.impl.StandardClient] - execute query: insert into category_book        values (?,?) 
2022-11-07 23:05:28 DEBUG [jdbc.sqltiming] -  com.zaxxer.hikari.pool.ProxyPreparedStatement.execute(ProxyPreparedStatement.java:44)1. insert into category_book values (1,1)  {executed in 1 msec} 
2022-11-07 23:05:28 DEBUG [jdbc.audit] - 1. PreparedStatement.execute() returned false  com.zaxxer.hikari.pool.ProxyPreparedStatement.execute(ProxyPreparedStatement.java:44) 
2022-11-07 23:05:28 DEBUG [jdbc.audit] - 1. PreparedStatement.getUpdateCount() returned 1  com.zaxxer.hikari.pool.HikariProxyPreparedStatement.getUpdateCount(HikariProxyPreparedStatement.java:-1) 
2022-11-07 23:05:28 DEBUG [com.example.book.dao.BookDao.insertCategoryBook] - <==    Updates: 1 
2022-11-07 23:05:28 DEBUG [jdbc.audit] - 1. PreparedStatement.close() returned   com.zaxxer.hikari.pool.ProxyStatement.close(ProxyStatement.java:75) 
2022-11-07 23:05:28 DEBUG [org.mybatis.spring.SqlSessionUtils] - Releasing transactional SqlSession [org.apache.ibatis.session.defaults.DefaultSqlSession@7ab4ae59] 
2022-11-07 23:05:28 DEBUG [org.mybatis.spring.SqlSessionUtils] - Transaction synchronization deregistering SqlSession [org.apache.ibatis.session.defaults.DefaultSqlSession@7ab4ae59] 
2022-11-07 23:05:28 DEBUG [org.mybatis.spring.SqlSessionUtils] - Transaction synchronization closing SqlSession [org.apache.ibatis.session.defaults.DefaultSqlSession@7ab4ae59] 
2022-11-07 23:05:28 DEBUG [org.mariadb.jdbc.client.impl.StandardClient] - execute query: ROLLBACK 
2022-11-07 23:05:28 DEBUG [jdbc.audit] - 1. Connection.rollback() returned   com.zaxxer.hikari.pool.ProxyConnection.rollback(ProxyConnection.java:385) 
2022-11-07 23:05:28 DEBUG [org.mariadb.jdbc.client.impl.StandardClient] - execute query: set autocommit=1 
2022-11-07 23:05:28 DEBUG [org.mariadb.jdbc.message.server.OkPacket] - System variable change:  autocommit = ON 
2022-11-07 23:05:28 DEBUG [jdbc.audit] - 1. Connection.setAutoCommit(true) returned   com.zaxxer.hikari.pool.ProxyConnection.setAutoCommit(ProxyConnection.java:401) 
2022-11-07 23:05:28 DEBUG [jdbc.audit] - 1. Connection.clearWarnings() returned   com.zaxxer.hikari.pool.ProxyConnection.close(ProxyConnection.java:257) 
2022-11-07 23:05:28 INFO  [org.springframework.test.context.transaction.TransactionContext] - Rolled back transaction for test: [DefaultTestContext@3c5dbdf8 testClass = BookDaoTest, testInstance = com.example.book.mapper.BookDaoTest@41853299, testMethod = insertCategoryBookTest@BookDaoTest, testException = [null], mergedContextConfiguration = [MergedContextConfiguration@7aac8884 testClass = BookDaoTest, locations = '{file:src/main/webapp/WEB-INF/spring/root-context.xml}', classes = '{}', contextInitializerClasses = '[]', activeProfiles = '{}', propertySourceLocations = '{}', propertySourceProperties = '{}', contextCustomizers = set[[empty]], contextLoader = 'org.springframework.test.context.support.DelegatingSmartContextLoader', parent = [null]], attributes = map['org.springframework.test.context.event.ApplicationEventsTestExecutionListener.recordApplicationEvents' -> false]] 
2022-11-07 23:05:28 INFO  [org.springframework.test.context.transaction.TransactionContext] - Rolled back transaction for test: [DefaultTestContext@3c5dbdf8 testClass = BookDaoTest, testInstance = com.example.book.mapper.BookDaoTest@41853299, testMethod = insertCategoryBookTest@BookDaoTest, testException = [null], mergedContextConfiguration = [MergedContextConfiguration@7aac8884 testClass = BookDaoTest, locations = '{file:src/main/webapp/WEB-INF/spring/root-context.xml}', classes = '{}', contextInitializerClasses = '[]', activeProfiles = '{}', propertySourceLocations = '{}', propertySourceProperties = '{}', contextCustomizers = set[[empty]], contextLoader = 'org.springframework.test.context.support.DelegatingSmartContextLoader', parent = [null]], attributes = map['org.springframework.test.context.event.ApplicationEventsTestExecutionListener.recordApplicationEvents' -> false]] 
2022-11-07 23:05:28 DEBUG [jdbc.audit] - 1. Connection.getAutoCommit() returned true  com.zaxxer.hikari.pool.HikariProxyConnection.getAutoCommit(HikariProxyConnection.java:-1) 
2022-11-07 23:05:28 DEBUG [org.mariadb.jdbc.client.impl.StandardClient] - execute query: set autocommit=0 
2022-11-07 23:05:28 DEBUG [org.mariadb.jdbc.message.server.OkPacket] - System variable change:  autocommit = OFF 
2022-11-07 23:05:28 DEBUG [jdbc.audit] - 1. Connection.setAutoCommit(false) returned   com.zaxxer.hikari.pool.ProxyConnection.setAutoCommit(ProxyConnection.java:401) 
2022-11-07 23:05:28 INFO  [org.springframework.test.context.transaction.TransactionContext] - Began transaction (1) for test context [DefaultTestContext@3c5dbdf8 testClass = BookDaoTest, testInstance = com.example.book.mapper.BookDaoTest@32b0876c, testMethod = deleteCategory_bookTest@BookDaoTest, testException = [null], mergedContextConfiguration = [MergedContextConfiguration@7aac8884 testClass = BookDaoTest, locations = '{file:src/main/webapp/WEB-INF/spring/root-context.xml}', classes = '{}', contextInitializerClasses = '[]', activeProfiles = '{}', propertySourceLocations = '{}', propertySourceProperties = '{}', contextCustomizers = set[[empty]], contextLoader = 'org.springframework.test.context.support.DelegatingSmartContextLoader', parent = [null]], attributes = map['org.springframework.test.context.event.ApplicationEventsTestExecutionListener.recordApplicationEvents' -> false]]; transaction manager [org.springframework.jdbc.datasource.DataSourceTransactionManager@a66e580]; rollback [true] 
2022-11-07 23:05:28 INFO  [org.springframework.test.context.transaction.TransactionContext] - Began transaction (1) for test context [DefaultTestContext@3c5dbdf8 testClass = BookDaoTest, testInstance = com.example.book.mapper.BookDaoTest@32b0876c, testMethod = deleteCategory_bookTest@BookDaoTest, testException = [null], mergedContextConfiguration = [MergedContextConfiguration@7aac8884 testClass = BookDaoTest, locations = '{file:src/main/webapp/WEB-INF/spring/root-context.xml}', classes = '{}', contextInitializerClasses = '[]', activeProfiles = '{}', propertySourceLocations = '{}', propertySourceProperties = '{}', contextCustomizers = set[[empty]], contextLoader = 'org.springframework.test.context.support.DelegatingSmartContextLoader', parent = [null]], attributes = map['org.springframework.test.context.event.ApplicationEventsTestExecutionListener.recordApplicationEvents' -> false]]; transaction manager [org.springframework.jdbc.datasource.DataSourceTransactionManager@a66e580]; rollback [true] 
2022-11-07 23:05:28 DEBUG [org.mybatis.spring.SqlSessionUtils] - Creating a new SqlSession 
2022-11-07 23:05:28 DEBUG [org.mybatis.spring.SqlSessionUtils] - Registering transaction synchronization for SqlSession [org.apache.ibatis.session.defaults.DefaultSqlSession@2aaf152b] 
2022-11-07 23:05:28 DEBUG [jdbc.audit] - 1. Connection.getAutoCommit() returned false  com.zaxxer.hikari.pool.HikariProxyConnection.getAutoCommit(HikariProxyConnection.java:-1) 
2022-11-07 23:05:28 DEBUG [org.mybatis.spring.transaction.SpringManagedTransaction] - JDBC Connection [HikariProxyConnection@670996243 wrapping net.sf.log4jdbc.sql.jdbcapi.ConnectionSpy@174e1b69] will be managed by Spring 
2022-11-07 23:05:28 DEBUG [com.example.book.dao.BookDao.deleteCategory_book] - ==>  Preparing: delete from category_book where bno = ? 
2022-11-07 23:05:28 DEBUG [jdbc.audit] - 1. PreparedStatement.new PreparedStatement returned   com.zaxxer.hikari.pool.ProxyConnection.prepareStatement(ProxyConnection.java:327) 
2022-11-07 23:05:28 DEBUG [jdbc.audit] - 1. Connection.prepareStatement(delete from category_book where bno = ?) returned net.sf.log4jdbc.sql.jdbcapi.PreparedStatementSpy@24841372  com.zaxxer.hikari.pool.ProxyConnection.prepareStatement(ProxyConnection.java:327) 
2022-11-07 23:05:28 DEBUG [jdbc.audit] - 1. PreparedStatement.setLong(1, 1) returned   com.zaxxer.hikari.pool.HikariProxyPreparedStatement.setLong(HikariProxyPreparedStatement.java:-1) 
2022-11-07 23:05:28 DEBUG [com.example.book.dao.BookDao.deleteCategory_book] - ==> Parameters: 1(Long) 
2022-11-07 23:05:28 DEBUG [jdbc.sqlonly] -  com.zaxxer.hikari.pool.ProxyPreparedStatement.execute(ProxyPreparedStatement.java:44)1. delete from category_book where bno = 1  
2022-11-07 23:05:28 DEBUG [org.mariadb.jdbc.client.impl.StandardClient] - execute query: delete from category_book where bno = ? 
2022-11-07 23:05:28 DEBUG [jdbc.sqltiming] -  com.zaxxer.hikari.pool.ProxyPreparedStatement.execute(ProxyPreparedStatement.java:44)1. delete from category_book where bno = 1  {executed in 1 msec} 
2022-11-07 23:05:28 DEBUG [jdbc.audit] - 1. PreparedStatement.execute() returned false  com.zaxxer.hikari.pool.ProxyPreparedStatement.execute(ProxyPreparedStatement.java:44) 
2022-11-07 23:05:28 DEBUG [jdbc.audit] - 1. PreparedStatement.getUpdateCount() returned 1  com.zaxxer.hikari.pool.HikariProxyPreparedStatement.getUpdateCount(HikariProxyPreparedStatement.java:-1) 
2022-11-07 23:05:28 DEBUG [com.example.book.dao.BookDao.deleteCategory_book] - <==    Updates: 1 
2022-11-07 23:05:28 DEBUG [jdbc.audit] - 1. PreparedStatement.close() returned   com.zaxxer.hikari.pool.ProxyStatement.close(ProxyStatement.java:75) 
2022-11-07 23:05:28 DEBUG [org.mybatis.spring.SqlSessionUtils] - Releasing transactional SqlSession [org.apache.ibatis.session.defaults.DefaultSqlSession@2aaf152b] 
2022-11-07 23:05:28 DEBUG [org.mybatis.spring.SqlSessionUtils] - Transaction synchronization deregistering SqlSession [org.apache.ibatis.session.defaults.DefaultSqlSession@2aaf152b] 
2022-11-07 23:05:28 DEBUG [org.mybatis.spring.SqlSessionUtils] - Transaction synchronization closing SqlSession [org.apache.ibatis.session.defaults.DefaultSqlSession@2aaf152b] 
2022-11-07 23:05:28 DEBUG [org.mariadb.jdbc.client.impl.StandardClient] - execute query: ROLLBACK 
2022-11-07 23:05:28 DEBUG [jdbc.audit] - 1. Connection.rollback() returned   com.zaxxer.hikari.pool.ProxyConnection.rollback(ProxyConnection.java:385) 
2022-11-07 23:05:28 DEBUG [org.mariadb.jdbc.client.impl.StandardClient] - execute query: set autocommit=1 
2022-11-07 23:05:28 DEBUG [org.mariadb.jdbc.message.server.OkPacket] - System variable change:  autocommit = ON 
2022-11-07 23:05:28 DEBUG [jdbc.audit] - 1. Connection.setAutoCommit(true) returned   com.zaxxer.hikari.pool.ProxyConnection.setAutoCommit(ProxyConnection.java:401) 
2022-11-07 23:05:28 DEBUG [jdbc.audit] - 1. Connection.clearWarnings() returned   com.zaxxer.hikari.pool.ProxyConnection.close(ProxyConnection.java:257) 
2022-11-07 23:05:28 INFO  [org.springframework.test.context.transaction.TransactionContext] - Rolled back transaction for test: [DefaultTestContext@3c5dbdf8 testClass = BookDaoTest, testInstance = com.example.book.mapper.BookDaoTest@32b0876c, testMethod = deleteCategory_bookTest@BookDaoTest, testException = [null], mergedContextConfiguration = [MergedContextConfiguration@7aac8884 testClass = BookDaoTest, locations = '{file:src/main/webapp/WEB-INF/spring/root-context.xml}', classes = '{}', contextInitializerClasses = '[]', activeProfiles = '{}', propertySourceLocations = '{}', propertySourceProperties = '{}', contextCustomizers = set[[empty]], contextLoader = 'org.springframework.test.context.support.DelegatingSmartContextLoader', parent = [null]], attributes = map['org.springframework.test.context.event.ApplicationEventsTestExecutionListener.recordApplicationEvents' -> false]] 
2022-11-07 23:05:28 INFO  [org.springframework.test.context.transaction.TransactionContext] - Rolled back transaction for test: [DefaultTestContext@3c5dbdf8 testClass = BookDaoTest, testInstance = com.example.book.mapper.BookDaoTest@32b0876c, testMethod = deleteCategory_bookTest@BookDaoTest, testException = [null], mergedContextConfiguration = [MergedContextConfiguration@7aac8884 testClass = BookDaoTest, locations = '{file:src/main/webapp/WEB-INF/spring/root-context.xml}', classes = '{}', contextInitializerClasses = '[]', activeProfiles = '{}', propertySourceLocations = '{}', propertySourceProperties = '{}', contextCustomizers = set[[empty]], contextLoader = 'org.springframework.test.context.support.DelegatingSmartContextLoader', parent = [null]], attributes = map['org.springframework.test.context.event.ApplicationEventsTestExecutionListener.recordApplicationEvents' -> false]] 
]]></system-out>
  <system-err><![CDATA[]]></system-err>
</testsuite>
