<?xml version="1.0" encoding="UTF-8"?>
<testsuite name="com.example.book.service.BookServiceTest" tests="4" skipped="0" failures="0" errors="0" timestamp="2022-11-04T14:59:24" hostname="gimnamhyeon-ui-MacBookAir.local" time="0.074">
  <properties/>
  <testcase name="책 수정" classname="com.example.book.service.BookServiceTest" time="0.027"/>
  <testcase name="책 삭제" classname="com.example.book.service.BookServiceTest" time="0.008"/>
  <testcase name="책 등록" classname="com.example.book.service.BookServiceTest" time="0.017"/>
  <testcase name="책 리스트 조회" classname="com.example.book.service.BookServiceTest" time="0.019"/>
  <system-out><![CDATA[2022-11-04 23:59:24 INFO  [org.springframework.test.context.support.DefaultTestContextBootstrapper] - Loaded default TestExecutionListener class names from location [META-INF/spring.factories]: [org.springframework.test.context.web.ServletTestExecutionListener, org.springframework.test.context.support.DirtiesContextBeforeModesTestExecutionListener, org.springframework.test.context.event.ApplicationEventsTestExecutionListener, org.springframework.test.context.support.DependencyInjectionTestExecutionListener, org.springframework.test.context.support.DirtiesContextTestExecutionListener, org.springframework.test.context.transaction.TransactionalTestExecutionListener, org.springframework.test.context.jdbc.SqlScriptsTestExecutionListener, org.springframework.test.context.event.EventPublishingTestExecutionListener] 
2022-11-04 23:59:24 INFO  [org.springframework.test.context.support.DefaultTestContextBootstrapper] - Loaded default TestExecutionListener class names from location [META-INF/spring.factories]: [org.springframework.test.context.web.ServletTestExecutionListener, org.springframework.test.context.support.DirtiesContextBeforeModesTestExecutionListener, org.springframework.test.context.event.ApplicationEventsTestExecutionListener, org.springframework.test.context.support.DependencyInjectionTestExecutionListener, org.springframework.test.context.support.DirtiesContextTestExecutionListener, org.springframework.test.context.transaction.TransactionalTestExecutionListener, org.springframework.test.context.jdbc.SqlScriptsTestExecutionListener, org.springframework.test.context.event.EventPublishingTestExecutionListener] 
2022-11-04 23:59:24 INFO  [org.springframework.test.context.support.DefaultTestContextBootstrapper] - Using TestExecutionListeners: [org.springframework.test.context.support.DirtiesContextBeforeModesTestExecutionListener@63d4f0a2, org.springframework.test.context.event.ApplicationEventsTestExecutionListener@7d78f3d5, org.springframework.test.context.support.DependencyInjectionTestExecutionListener@a4b5ce3, org.springframework.test.context.support.DirtiesContextTestExecutionListener@f5b6e78, org.springframework.test.context.transaction.TransactionalTestExecutionListener@4b4eced1, org.springframework.test.context.jdbc.SqlScriptsTestExecutionListener@71926a36, org.springframework.test.context.event.EventPublishingTestExecutionListener@216e9ca3] 
2022-11-04 23:59:24 INFO  [org.springframework.test.context.support.DefaultTestContextBootstrapper] - Using TestExecutionListeners: [org.springframework.test.context.support.DirtiesContextBeforeModesTestExecutionListener@63d4f0a2, org.springframework.test.context.event.ApplicationEventsTestExecutionListener@7d78f3d5, org.springframework.test.context.support.DependencyInjectionTestExecutionListener@a4b5ce3, org.springframework.test.context.support.DirtiesContextTestExecutionListener@f5b6e78, org.springframework.test.context.transaction.TransactionalTestExecutionListener@4b4eced1, org.springframework.test.context.jdbc.SqlScriptsTestExecutionListener@71926a36, org.springframework.test.context.event.EventPublishingTestExecutionListener@216e9ca3] 
2022-11-04 23:59:24 DEBUG [jdbc.audit] - 1. Connection.getAutoCommit() returned true  com.zaxxer.hikari.pool.HikariProxyConnection.getAutoCommit(HikariProxyConnection.java:-1) 
2022-11-04 23:59:24 DEBUG [org.mariadb.jdbc.client.impl.StandardClient] - execute query: set autocommit=0 
2022-11-04 23:59:24 DEBUG [org.mariadb.jdbc.message.server.OkPacket] - System variable change:  autocommit = OFF 
2022-11-04 23:59:24 DEBUG [jdbc.audit] - 1. Connection.setAutoCommit(false) returned   com.zaxxer.hikari.pool.ProxyConnection.setAutoCommit(ProxyConnection.java:401) 
2022-11-04 23:59:24 INFO  [org.springframework.test.context.transaction.TransactionContext] - Began transaction (1) for test context [DefaultTestContext@2a367e93 testClass = BookServiceTest, testInstance = com.example.book.service.BookServiceTest@7f6874f2, testMethod = updateBookTest@BookServiceTest, testException = [null], mergedContextConfiguration = [MergedContextConfiguration@1a6dc589 testClass = BookServiceTest, locations = '{file:src/main/webapp/WEB-INF/spring/root-context.xml}', classes = '{}', contextInitializerClasses = '[]', activeProfiles = '{}', propertySourceLocations = '{}', propertySourceProperties = '{}', contextCustomizers = set[[empty]], contextLoader = 'org.springframework.test.context.support.DelegatingSmartContextLoader', parent = [null]], attributes = map['org.springframework.test.context.event.ApplicationEventsTestExecutionListener.recordApplicationEvents' -> false]]; transaction manager [org.springframework.jdbc.datasource.DataSourceTransactionManager@1a4d1ab7]; rollback [true] 
2022-11-04 23:59:24 INFO  [org.springframework.test.context.transaction.TransactionContext] - Began transaction (1) for test context [DefaultTestContext@2a367e93 testClass = BookServiceTest, testInstance = com.example.book.service.BookServiceTest@7f6874f2, testMethod = updateBookTest@BookServiceTest, testException = [null], mergedContextConfiguration = [MergedContextConfiguration@1a6dc589 testClass = BookServiceTest, locations = '{file:src/main/webapp/WEB-INF/spring/root-context.xml}', classes = '{}', contextInitializerClasses = '[]', activeProfiles = '{}', propertySourceLocations = '{}', propertySourceProperties = '{}', contextCustomizers = set[[empty]], contextLoader = 'org.springframework.test.context.support.DelegatingSmartContextLoader', parent = [null]], attributes = map['org.springframework.test.context.event.ApplicationEventsTestExecutionListener.recordApplicationEvents' -> false]]; transaction manager [org.springframework.jdbc.datasource.DataSourceTransactionManager@1a4d1ab7]; rollback [true] 
2022-11-04 23:59:24 DEBUG [org.mybatis.spring.SqlSessionUtils] - Creating a new SqlSession 
2022-11-04 23:59:24 DEBUG [org.mybatis.spring.SqlSessionUtils] - Registering transaction synchronization for SqlSession [org.apache.ibatis.session.defaults.DefaultSqlSession@697a34af] 
2022-11-04 23:59:24 DEBUG [jdbc.audit] - 1. Connection.getAutoCommit() returned false  com.zaxxer.hikari.pool.HikariProxyConnection.getAutoCommit(HikariProxyConnection.java:-1) 
2022-11-04 23:59:24 DEBUG [org.mybatis.spring.transaction.SpringManagedTransaction] - JDBC Connection [HikariProxyConnection@1280452839 wrapping net.sf.log4jdbc.sql.jdbcapi.ConnectionSpy@72ee5d84] will be managed by Spring 
2022-11-04 23:59:24 DEBUG [com.example.book.mapper.BookMapper.selectOne] - ==>  Preparing: select * from book where bno = 1 
2022-11-04 23:59:24 DEBUG [jdbc.audit] - 1. PreparedStatement.new PreparedStatement returned   com.zaxxer.hikari.pool.ProxyConnection.prepareStatement(ProxyConnection.java:327) 
2022-11-04 23:59:24 DEBUG [jdbc.audit] - 1. Connection.prepareStatement(select * from book where bno = 1) returned net.sf.log4jdbc.sql.jdbcapi.PreparedStatementSpy@38e7ed69  com.zaxxer.hikari.pool.ProxyConnection.prepareStatement(ProxyConnection.java:327) 
2022-11-04 23:59:24 DEBUG [com.example.book.mapper.BookMapper.selectOne] - ==> Parameters:  
2022-11-04 23:59:24 DEBUG [jdbc.sqlonly] -  com.zaxxer.hikari.pool.ProxyPreparedStatement.execute(ProxyPreparedStatement.java:44)1. select * from book where bno = 1  
2022-11-04 23:59:24 DEBUG [org.mariadb.jdbc.client.impl.StandardClient] - execute query: select * from book where bno = 1 
2022-11-04 23:59:24 DEBUG [jdbc.sqltiming] -  com.zaxxer.hikari.pool.ProxyPreparedStatement.execute(ProxyPreparedStatement.java:44)1. select * from book where bno = 1  {executed in 1 msec} 
2022-11-04 23:59:24 DEBUG [jdbc.audit] - 1. PreparedStatement.execute() returned true  com.zaxxer.hikari.pool.ProxyPreparedStatement.execute(ProxyPreparedStatement.java:44) 
2022-11-04 23:59:24 DEBUG [jdbc.resultset] - 1. ResultSet.new ResultSet returned   com.zaxxer.hikari.pool.ProxyStatement.getResultSet(ProxyStatement.java:213) 
2022-11-04 23:59:24 DEBUG [jdbc.audit] - 1. PreparedStatement.getResultSet() returned net.sf.log4jdbc.sql.jdbcapi.ResultSetSpy@21ba2445  com.zaxxer.hikari.pool.ProxyStatement.getResultSet(ProxyStatement.java:213) 
2022-11-04 23:59:24 DEBUG [jdbc.resultset] - 1. ResultSet.getMetaData() returned org.mariadb.jdbc.client.result.ResultSetMetaData@69d23296  com.zaxxer.hikari.pool.HikariProxyResultSet.getMetaData(HikariProxyResultSet.java:-1) 
2022-11-04 23:59:24 DEBUG [jdbc.resultset] - 1. ResultSet.getType() returned 1003  com.zaxxer.hikari.pool.HikariProxyResultSet.getType(HikariProxyResultSet.java:-1) 
2022-11-04 23:59:24 DEBUG [jdbc.resultset] - 1. ResultSet.isClosed() returned false  com.zaxxer.hikari.pool.HikariProxyResultSet.isClosed(HikariProxyResultSet.java:-1) 
2022-11-04 23:59:24 DEBUG [jdbc.resultset] - 1. ResultSet.next() returned true  com.zaxxer.hikari.pool.HikariProxyResultSet.next(HikariProxyResultSet.java:-1) 
2022-11-04 23:59:24 DEBUG [jdbc.resultset] - 1. ResultSet.getLong(bno) returned 1  com.zaxxer.hikari.pool.HikariProxyResultSet.getLong(HikariProxyResultSet.java:-1) 
2022-11-04 23:59:24 DEBUG [jdbc.resultset] - 1. ResultSet.getString(isbn) returned 8932118388  com.zaxxer.hikari.pool.HikariProxyResultSet.getString(HikariProxyResultSet.java:-1) 
2022-11-04 23:59:24 DEBUG [jdbc.resultset] - 1. ResultSet.getString(title) returned 님·밤 - 최민순 신부 시집  com.zaxxer.hikari.pool.HikariProxyResultSet.getString(HikariProxyResultSet.java:-1) 
2022-11-04 23:59:24 DEBUG [jdbc.resultset] - 1. ResultSet.getTimestamp(pubDate) returned 2022-12-08 00:00:00.0  com.zaxxer.hikari.pool.HikariProxyResultSet.getTimestamp(HikariProxyResultSet.java:-1) 
2022-11-04 23:59:24 DEBUG [jdbc.resultset] - 1. ResultSet.getString(author) returned 최민순 (지은이)  com.zaxxer.hikari.pool.HikariProxyResultSet.getString(HikariProxyResultSet.java:-1) 
2022-11-04 23:59:24 DEBUG [jdbc.resultset] - 1. ResultSet.getString(description) returned   com.zaxxer.hikari.pool.HikariProxyResultSet.getString(HikariProxyResultSet.java:-1) 
2022-11-04 23:59:24 DEBUG [jdbc.resultset] - 1. ResultSet.getInt(price) returned 18000  com.zaxxer.hikari.pool.HikariProxyResultSet.getInt(HikariProxyResultSet.java:-1) 
2022-11-04 23:59:24 DEBUG [jdbc.resultset] - 1. ResultSet.getInt(mileage) returned 1800  com.zaxxer.hikari.pool.HikariProxyResultSet.getInt(HikariProxyResultSet.java:-1) 
2022-11-04 23:59:24 DEBUG [jdbc.resultset] - 1. ResultSet.getInt(stock) returned 830  com.zaxxer.hikari.pool.HikariProxyResultSet.getInt(HikariProxyResultSet.java:-1) 
2022-11-04 23:59:24 DEBUG [jdbc.resultset] - 1. ResultSet.getString(cover) returned https://image.aladin.co.kr/product/30443/38/cover/8932118388_1.jpg  com.zaxxer.hikari.pool.HikariProxyResultSet.getString(HikariProxyResultSet.java:-1) 
2022-11-04 23:59:24 DEBUG [jdbc.resultset] - 1. ResultSet.getString(publisher) returned 가톨릭출판사  com.zaxxer.hikari.pool.HikariProxyResultSet.getString(HikariProxyResultSet.java:-1) 
2022-11-04 23:59:24 DEBUG [jdbc.resultset] - 1. ResultSet.isClosed() returned false  com.zaxxer.hikari.pool.HikariProxyResultSet.isClosed(HikariProxyResultSet.java:-1) 
2022-11-04 23:59:24 INFO  [jdbc.resultsettable] - |----|-----------|----------------|----------------------|----------|------------|------|--------|------|-------------------------------------------------------------------|----------|------------||bno |isbn       |title           |pubdate               |author    |description |price |mileage |stock |cover                                                              |publisher |update_date ||----|-----------|----------------|----------------------|----------|------------|------|--------|------|-------------------------------------------------------------------|----------|------------||1   |8932118388 |님·밤 - 최민순 신부 시집 |2022-12-08 00:00:00.0 |최민순 (지은이) |            |18000 |1800    |830   |https://image.aladin.co.kr/product/30443/38/cover/8932118388_1.jpg |가톨릭출판사    |[null]      ||----|-----------|----------------|----------------------|----------|------------|------|--------|------|-------------------------------------------------------------------|----------|------------| 
2022-11-04 23:59:24 DEBUG [jdbc.resultset] - 1. ResultSet.next() returned false  com.zaxxer.hikari.pool.HikariProxyResultSet.next(HikariProxyResultSet.java:-1) 
2022-11-04 23:59:24 DEBUG [com.example.book.mapper.BookMapper.selectOne] - <==      Total: 1 
2022-11-04 23:59:24 DEBUG [jdbc.resultset] - 1. ResultSet.close() returned void  com.zaxxer.hikari.pool.HikariProxyResultSet.close(HikariProxyResultSet.java:-1) 
2022-11-04 23:59:24 DEBUG [jdbc.audit] - 1. Connection.getMetaData() returned org.mariadb.jdbc.DatabaseMetaData@3c3820bb  com.zaxxer.hikari.pool.ProxyConnection.getMetaData(ProxyConnection.java:370) 
2022-11-04 23:59:24 DEBUG [jdbc.audit] - 1. PreparedStatement.getMoreResults() returned false  com.zaxxer.hikari.pool.HikariProxyPreparedStatement.getMoreResults(HikariProxyPreparedStatement.java:-1) 
2022-11-04 23:59:24 DEBUG [jdbc.audit] - 1. PreparedStatement.getUpdateCount() returned -1  com.zaxxer.hikari.pool.HikariProxyPreparedStatement.getUpdateCount(HikariProxyPreparedStatement.java:-1) 
2022-11-04 23:59:24 DEBUG [jdbc.audit] - 1. PreparedStatement.close() returned   com.zaxxer.hikari.pool.ProxyStatement.close(ProxyStatement.java:75) 
2022-11-04 23:59:24 DEBUG [org.mybatis.spring.SqlSessionUtils] - Releasing transactional SqlSession [org.apache.ibatis.session.defaults.DefaultSqlSession@697a34af] 
2022-11-04 23:59:24 DEBUG [org.mybatis.spring.SqlSessionUtils] - Fetched SqlSession [org.apache.ibatis.session.defaults.DefaultSqlSession@697a34af] from current transaction 
2022-11-04 23:59:24 DEBUG [com.example.book.mapper.BookMapper.updateBook] - ==>  Preparing: update book set price = ? ,stock = ? where bno = ? 
2022-11-04 23:59:24 DEBUG [jdbc.audit] - 1. PreparedStatement.new PreparedStatement returned   com.zaxxer.hikari.pool.ProxyConnection.prepareStatement(ProxyConnection.java:327) 
2022-11-04 23:59:24 DEBUG [jdbc.audit] - 1. Connection.prepareStatement(update book        set price =  ? ,stock = ?        where bno = ?) returned net.sf.log4jdbc.sql.jdbcapi.PreparedStatementSpy@187e5235  com.zaxxer.hikari.pool.ProxyConnection.prepareStatement(ProxyConnection.java:327) 
2022-11-04 23:59:24 DEBUG [jdbc.audit] - 1. PreparedStatement.setInt(1, 10000) returned   com.zaxxer.hikari.pool.HikariProxyPreparedStatement.setInt(HikariProxyPreparedStatement.java:-1) 
2022-11-04 23:59:24 DEBUG [jdbc.audit] - 1. PreparedStatement.setInt(2, 0) returned   com.zaxxer.hikari.pool.HikariProxyPreparedStatement.setInt(HikariProxyPreparedStatement.java:-1) 
2022-11-04 23:59:24 DEBUG [jdbc.audit] - 1. PreparedStatement.setLong(3, 1) returned   com.zaxxer.hikari.pool.HikariProxyPreparedStatement.setLong(HikariProxyPreparedStatement.java:-1) 
2022-11-04 23:59:24 DEBUG [com.example.book.mapper.BookMapper.updateBook] - ==> Parameters: 10000(Integer), 0(Integer), 1(Long) 
2022-11-04 23:59:24 DEBUG [jdbc.sqlonly] -  com.zaxxer.hikari.pool.ProxyPreparedStatement.execute(ProxyPreparedStatement.java:44)1. update book set price = 10000 ,stock = 0 where bno = 1  
2022-11-04 23:59:24 DEBUG [org.mariadb.jdbc.client.impl.StandardClient] - execute query: update book        set price =  ? ,stock = ?        where bno = ? 
2022-11-04 23:59:24 DEBUG [jdbc.sqltiming] -  com.zaxxer.hikari.pool.ProxyPreparedStatement.execute(ProxyPreparedStatement.java:44)1. update book set price = 10000 ,stock = 0 where bno = 1  {executed in 11 msec} 
2022-11-04 23:59:24 DEBUG [jdbc.audit] - 1. PreparedStatement.execute() returned false  com.zaxxer.hikari.pool.ProxyPreparedStatement.execute(ProxyPreparedStatement.java:44) 
2022-11-04 23:59:24 DEBUG [jdbc.audit] - 1. PreparedStatement.getUpdateCount() returned 1  com.zaxxer.hikari.pool.HikariProxyPreparedStatement.getUpdateCount(HikariProxyPreparedStatement.java:-1) 
2022-11-04 23:59:24 DEBUG [com.example.book.mapper.BookMapper.updateBook] - <==    Updates: 1 
2022-11-04 23:59:24 DEBUG [jdbc.audit] - 1. PreparedStatement.close() returned   com.zaxxer.hikari.pool.ProxyStatement.close(ProxyStatement.java:75) 
2022-11-04 23:59:24 DEBUG [org.mybatis.spring.SqlSessionUtils] - Releasing transactional SqlSession [org.apache.ibatis.session.defaults.DefaultSqlSession@697a34af] 
2022-11-04 23:59:24 DEBUG [org.mybatis.spring.SqlSessionUtils] - Fetched SqlSession [org.apache.ibatis.session.defaults.DefaultSqlSession@697a34af] from current transaction 
2022-11-04 23:59:24 DEBUG [com.example.book.mapper.BookMapper.selectOne] - ==>  Preparing: select * from book where bno = 1 
2022-11-04 23:59:24 DEBUG [jdbc.audit] - 1. PreparedStatement.new PreparedStatement returned   com.zaxxer.hikari.pool.ProxyConnection.prepareStatement(ProxyConnection.java:327) 
2022-11-04 23:59:24 DEBUG [jdbc.audit] - 1. Connection.prepareStatement(select * from book where bno = 1) returned net.sf.log4jdbc.sql.jdbcapi.PreparedStatementSpy@d1d8e1a  com.zaxxer.hikari.pool.ProxyConnection.prepareStatement(ProxyConnection.java:327) 
2022-11-04 23:59:24 DEBUG [com.example.book.mapper.BookMapper.selectOne] - ==> Parameters:  
2022-11-04 23:59:24 DEBUG [jdbc.sqlonly] -  com.zaxxer.hikari.pool.ProxyPreparedStatement.execute(ProxyPreparedStatement.java:44)1. select * from book where bno = 1  
2022-11-04 23:59:24 DEBUG [org.mariadb.jdbc.client.impl.StandardClient] - execute query: select * from book where bno = 1 
2022-11-04 23:59:24 DEBUG [jdbc.sqltiming] -  com.zaxxer.hikari.pool.ProxyPreparedStatement.execute(ProxyPreparedStatement.java:44)1. select * from book where bno = 1  {executed in 0 msec} 
2022-11-04 23:59:24 DEBUG [jdbc.audit] - 1. PreparedStatement.execute() returned true  com.zaxxer.hikari.pool.ProxyPreparedStatement.execute(ProxyPreparedStatement.java:44) 
2022-11-04 23:59:24 DEBUG [jdbc.resultset] - 1. ResultSet.new ResultSet returned   com.zaxxer.hikari.pool.ProxyStatement.getResultSet(ProxyStatement.java:213) 
2022-11-04 23:59:24 DEBUG [jdbc.audit] - 1. PreparedStatement.getResultSet() returned net.sf.log4jdbc.sql.jdbcapi.ResultSetSpy@5434e40c  com.zaxxer.hikari.pool.ProxyStatement.getResultSet(ProxyStatement.java:213) 
2022-11-04 23:59:24 DEBUG [jdbc.resultset] - 1. ResultSet.getMetaData() returned org.mariadb.jdbc.client.result.ResultSetMetaData@3b48e183  com.zaxxer.hikari.pool.HikariProxyResultSet.getMetaData(HikariProxyResultSet.java:-1) 
2022-11-04 23:59:24 DEBUG [jdbc.resultset] - 1. ResultSet.getType() returned 1003  com.zaxxer.hikari.pool.HikariProxyResultSet.getType(HikariProxyResultSet.java:-1) 
2022-11-04 23:59:24 DEBUG [jdbc.resultset] - 1. ResultSet.isClosed() returned false  com.zaxxer.hikari.pool.HikariProxyResultSet.isClosed(HikariProxyResultSet.java:-1) 
2022-11-04 23:59:24 DEBUG [jdbc.resultset] - 1. ResultSet.next() returned true  com.zaxxer.hikari.pool.HikariProxyResultSet.next(HikariProxyResultSet.java:-1) 
2022-11-04 23:59:24 DEBUG [jdbc.resultset] - 1. ResultSet.getLong(bno) returned 1  com.zaxxer.hikari.pool.HikariProxyResultSet.getLong(HikariProxyResultSet.java:-1) 
2022-11-04 23:59:24 DEBUG [jdbc.resultset] - 1. ResultSet.getString(isbn) returned 8932118388  com.zaxxer.hikari.pool.HikariProxyResultSet.getString(HikariProxyResultSet.java:-1) 
2022-11-04 23:59:24 DEBUG [jdbc.resultset] - 1. ResultSet.getString(title) returned 님·밤 - 최민순 신부 시집  com.zaxxer.hikari.pool.HikariProxyResultSet.getString(HikariProxyResultSet.java:-1) 
2022-11-04 23:59:24 DEBUG [jdbc.resultset] - 1. ResultSet.getTimestamp(pubDate) returned 2022-12-08 00:00:00.0  com.zaxxer.hikari.pool.HikariProxyResultSet.getTimestamp(HikariProxyResultSet.java:-1) 
2022-11-04 23:59:24 DEBUG [jdbc.resultset] - 1. ResultSet.getString(author) returned 최민순 (지은이)  com.zaxxer.hikari.pool.HikariProxyResultSet.getString(HikariProxyResultSet.java:-1) 
2022-11-04 23:59:24 DEBUG [jdbc.resultset] - 1. ResultSet.getString(description) returned   com.zaxxer.hikari.pool.HikariProxyResultSet.getString(HikariProxyResultSet.java:-1) 
2022-11-04 23:59:24 DEBUG [jdbc.resultset] - 1. ResultSet.getInt(price) returned 10000  com.zaxxer.hikari.pool.HikariProxyResultSet.getInt(HikariProxyResultSet.java:-1) 
2022-11-04 23:59:24 DEBUG [jdbc.resultset] - 1. ResultSet.getInt(mileage) returned 1800  com.zaxxer.hikari.pool.HikariProxyResultSet.getInt(HikariProxyResultSet.java:-1) 
2022-11-04 23:59:24 DEBUG [jdbc.resultset] - 1. ResultSet.getInt(stock) returned 0  com.zaxxer.hikari.pool.HikariProxyResultSet.getInt(HikariProxyResultSet.java:-1) 
2022-11-04 23:59:24 DEBUG [jdbc.resultset] - 1. ResultSet.wasNull() returned false  com.zaxxer.hikari.pool.HikariProxyResultSet.wasNull(HikariProxyResultSet.java:-1) 
2022-11-04 23:59:24 DEBUG [jdbc.resultset] - 1. ResultSet.getString(cover) returned https://image.aladin.co.kr/product/30443/38/cover/8932118388_1.jpg  com.zaxxer.hikari.pool.HikariProxyResultSet.getString(HikariProxyResultSet.java:-1) 
2022-11-04 23:59:24 DEBUG [jdbc.resultset] - 1. ResultSet.getString(publisher) returned 가톨릭출판사  com.zaxxer.hikari.pool.HikariProxyResultSet.getString(HikariProxyResultSet.java:-1) 
2022-11-04 23:59:24 DEBUG [jdbc.resultset] - 1. ResultSet.isClosed() returned false  com.zaxxer.hikari.pool.HikariProxyResultSet.isClosed(HikariProxyResultSet.java:-1) 
2022-11-04 23:59:24 INFO  [jdbc.resultsettable] - |----|-----------|----------------|----------------------|----------|------------|------|--------|------|-------------------------------------------------------------------|----------|------------||bno |isbn       |title           |pubdate               |author    |description |price |mileage |stock |cover                                                              |publisher |update_date ||----|-----------|----------------|----------------------|----------|------------|------|--------|------|-------------------------------------------------------------------|----------|------------||1   |8932118388 |님·밤 - 최민순 신부 시집 |2022-12-08 00:00:00.0 |최민순 (지은이) |            |10000 |1800    |0     |https://image.aladin.co.kr/product/30443/38/cover/8932118388_1.jpg |가톨릭출판사    |[null]      ||----|-----------|----------------|----------------------|----------|------------|------|--------|------|-------------------------------------------------------------------|----------|------------| 
2022-11-04 23:59:24 DEBUG [jdbc.resultset] - 1. ResultSet.next() returned false  com.zaxxer.hikari.pool.HikariProxyResultSet.next(HikariProxyResultSet.java:-1) 
2022-11-04 23:59:24 DEBUG [com.example.book.mapper.BookMapper.selectOne] - <==      Total: 1 
2022-11-04 23:59:24 DEBUG [jdbc.resultset] - 1. ResultSet.close() returned void  com.zaxxer.hikari.pool.HikariProxyResultSet.close(HikariProxyResultSet.java:-1) 
2022-11-04 23:59:24 DEBUG [jdbc.audit] - 1. Connection.getMetaData() returned org.mariadb.jdbc.DatabaseMetaData@43a65cd8  com.zaxxer.hikari.pool.ProxyConnection.getMetaData(ProxyConnection.java:370) 
2022-11-04 23:59:24 DEBUG [jdbc.audit] - 1. PreparedStatement.getMoreResults() returned false  com.zaxxer.hikari.pool.HikariProxyPreparedStatement.getMoreResults(HikariProxyPreparedStatement.java:-1) 
2022-11-04 23:59:24 DEBUG [jdbc.audit] - 1. PreparedStatement.getUpdateCount() returned -1  com.zaxxer.hikari.pool.HikariProxyPreparedStatement.getUpdateCount(HikariProxyPreparedStatement.java:-1) 
2022-11-04 23:59:24 DEBUG [jdbc.audit] - 1. PreparedStatement.close() returned   com.zaxxer.hikari.pool.ProxyStatement.close(ProxyStatement.java:75) 
2022-11-04 23:59:24 DEBUG [org.mybatis.spring.SqlSessionUtils] - Releasing transactional SqlSession [org.apache.ibatis.session.defaults.DefaultSqlSession@697a34af] 
2022-11-04 23:59:24 DEBUG [org.mybatis.spring.SqlSessionUtils] - Transaction synchronization deregistering SqlSession [org.apache.ibatis.session.defaults.DefaultSqlSession@697a34af] 
2022-11-04 23:59:24 DEBUG [org.mybatis.spring.SqlSessionUtils] - Transaction synchronization closing SqlSession [org.apache.ibatis.session.defaults.DefaultSqlSession@697a34af] 
2022-11-04 23:59:24 DEBUG [org.mariadb.jdbc.client.impl.StandardClient] - execute query: ROLLBACK 
2022-11-04 23:59:24 DEBUG [jdbc.audit] - 1. Connection.rollback() returned   com.zaxxer.hikari.pool.ProxyConnection.rollback(ProxyConnection.java:385) 
2022-11-04 23:59:24 DEBUG [org.mariadb.jdbc.client.impl.StandardClient] - execute query: set autocommit=1 
2022-11-04 23:59:24 DEBUG [org.mariadb.jdbc.message.server.OkPacket] - System variable change:  autocommit = ON 
2022-11-04 23:59:24 DEBUG [jdbc.audit] - 1. Connection.setAutoCommit(true) returned   com.zaxxer.hikari.pool.ProxyConnection.setAutoCommit(ProxyConnection.java:401) 
2022-11-04 23:59:24 DEBUG [jdbc.audit] - 1. Connection.clearWarnings() returned   com.zaxxer.hikari.pool.ProxyConnection.close(ProxyConnection.java:257) 
2022-11-04 23:59:24 INFO  [org.springframework.test.context.transaction.TransactionContext] - Rolled back transaction for test: [DefaultTestContext@2a367e93 testClass = BookServiceTest, testInstance = com.example.book.service.BookServiceTest@7f6874f2, testMethod = updateBookTest@BookServiceTest, testException = [null], mergedContextConfiguration = [MergedContextConfiguration@1a6dc589 testClass = BookServiceTest, locations = '{file:src/main/webapp/WEB-INF/spring/root-context.xml}', classes = '{}', contextInitializerClasses = '[]', activeProfiles = '{}', propertySourceLocations = '{}', propertySourceProperties = '{}', contextCustomizers = set[[empty]], contextLoader = 'org.springframework.test.context.support.DelegatingSmartContextLoader', parent = [null]], attributes = map['org.springframework.test.context.event.ApplicationEventsTestExecutionListener.recordApplicationEvents' -> false]] 
2022-11-04 23:59:24 INFO  [org.springframework.test.context.transaction.TransactionContext] - Rolled back transaction for test: [DefaultTestContext@2a367e93 testClass = BookServiceTest, testInstance = com.example.book.service.BookServiceTest@7f6874f2, testMethod = updateBookTest@BookServiceTest, testException = [null], mergedContextConfiguration = [MergedContextConfiguration@1a6dc589 testClass = BookServiceTest, locations = '{file:src/main/webapp/WEB-INF/spring/root-context.xml}', classes = '{}', contextInitializerClasses = '[]', activeProfiles = '{}', propertySourceLocations = '{}', propertySourceProperties = '{}', contextCustomizers = set[[empty]], contextLoader = 'org.springframework.test.context.support.DelegatingSmartContextLoader', parent = [null]], attributes = map['org.springframework.test.context.event.ApplicationEventsTestExecutionListener.recordApplicationEvents' -> false]] 
2022-11-04 23:59:24 DEBUG [jdbc.audit] - 1. Connection.getAutoCommit() returned true  com.zaxxer.hikari.pool.HikariProxyConnection.getAutoCommit(HikariProxyConnection.java:-1) 
2022-11-04 23:59:24 DEBUG [org.mariadb.jdbc.client.impl.StandardClient] - execute query: set autocommit=0 
2022-11-04 23:59:24 DEBUG [org.mariadb.jdbc.message.server.OkPacket] - System variable change:  autocommit = OFF 
2022-11-04 23:59:24 DEBUG [jdbc.audit] - 1. Connection.setAutoCommit(false) returned   com.zaxxer.hikari.pool.ProxyConnection.setAutoCommit(ProxyConnection.java:401) 
2022-11-04 23:59:24 INFO  [org.springframework.test.context.transaction.TransactionContext] - Began transaction (1) for test context [DefaultTestContext@2a367e93 testClass = BookServiceTest, testInstance = com.example.book.service.BookServiceTest@201c3cda, testMethod = removeBookTest@BookServiceTest, testException = [null], mergedContextConfiguration = [MergedContextConfiguration@1a6dc589 testClass = BookServiceTest, locations = '{file:src/main/webapp/WEB-INF/spring/root-context.xml}', classes = '{}', contextInitializerClasses = '[]', activeProfiles = '{}', propertySourceLocations = '{}', propertySourceProperties = '{}', contextCustomizers = set[[empty]], contextLoader = 'org.springframework.test.context.support.DelegatingSmartContextLoader', parent = [null]], attributes = map['org.springframework.test.context.event.ApplicationEventsTestExecutionListener.recordApplicationEvents' -> false]]; transaction manager [org.springframework.jdbc.datasource.DataSourceTransactionManager@1a4d1ab7]; rollback [true] 
2022-11-04 23:59:24 INFO  [org.springframework.test.context.transaction.TransactionContext] - Began transaction (1) for test context [DefaultTestContext@2a367e93 testClass = BookServiceTest, testInstance = com.example.book.service.BookServiceTest@201c3cda, testMethod = removeBookTest@BookServiceTest, testException = [null], mergedContextConfiguration = [MergedContextConfiguration@1a6dc589 testClass = BookServiceTest, locations = '{file:src/main/webapp/WEB-INF/spring/root-context.xml}', classes = '{}', contextInitializerClasses = '[]', activeProfiles = '{}', propertySourceLocations = '{}', propertySourceProperties = '{}', contextCustomizers = set[[empty]], contextLoader = 'org.springframework.test.context.support.DelegatingSmartContextLoader', parent = [null]], attributes = map['org.springframework.test.context.event.ApplicationEventsTestExecutionListener.recordApplicationEvents' -> false]]; transaction manager [org.springframework.jdbc.datasource.DataSourceTransactionManager@1a4d1ab7]; rollback [true] 
2022-11-04 23:59:24 DEBUG [org.mybatis.spring.SqlSessionUtils] - Creating a new SqlSession 
2022-11-04 23:59:24 DEBUG [org.mybatis.spring.SqlSessionUtils] - Registering transaction synchronization for SqlSession [org.apache.ibatis.session.defaults.DefaultSqlSession@3d64c581] 
2022-11-04 23:59:24 DEBUG [jdbc.audit] - 1. Connection.getAutoCommit() returned false  com.zaxxer.hikari.pool.HikariProxyConnection.getAutoCommit(HikariProxyConnection.java:-1) 
2022-11-04 23:59:24 DEBUG [org.mybatis.spring.transaction.SpringManagedTransaction] - JDBC Connection [HikariProxyConnection@1100004490 wrapping net.sf.log4jdbc.sql.jdbcapi.ConnectionSpy@72ee5d84] will be managed by Spring 
2022-11-04 23:59:24 DEBUG [com.example.book.mapper.BookMapper.deleteBook] - ==>  Preparing: delete from book where bno = ? 
2022-11-04 23:59:24 DEBUG [jdbc.audit] - 1. PreparedStatement.new PreparedStatement returned   com.zaxxer.hikari.pool.ProxyConnection.prepareStatement(ProxyConnection.java:327) 
2022-11-04 23:59:24 DEBUG [jdbc.audit] - 1. Connection.prepareStatement(delete from book        where bno = ?) returned net.sf.log4jdbc.sql.jdbcapi.PreparedStatementSpy@47d023b7  com.zaxxer.hikari.pool.ProxyConnection.prepareStatement(ProxyConnection.java:327) 
2022-11-04 23:59:24 DEBUG [jdbc.audit] - 1. PreparedStatement.setLong(1, 1) returned   com.zaxxer.hikari.pool.HikariProxyPreparedStatement.setLong(HikariProxyPreparedStatement.java:-1) 
2022-11-04 23:59:24 DEBUG [com.example.book.mapper.BookMapper.deleteBook] - ==> Parameters: 1(Long) 
2022-11-04 23:59:24 DEBUG [jdbc.sqlonly] -  com.zaxxer.hikari.pool.ProxyPreparedStatement.execute(ProxyPreparedStatement.java:44)1. delete from book where bno = 1  
2022-11-04 23:59:24 DEBUG [org.mariadb.jdbc.client.impl.StandardClient] - execute query: delete from book        where bno = ? 
2022-11-04 23:59:24 DEBUG [jdbc.sqltiming] -  com.zaxxer.hikari.pool.ProxyPreparedStatement.execute(ProxyPreparedStatement.java:44)1. delete from book where bno = 1  {executed in 0 msec} 
2022-11-04 23:59:24 DEBUG [jdbc.audit] - 1. PreparedStatement.execute() returned false  com.zaxxer.hikari.pool.ProxyPreparedStatement.execute(ProxyPreparedStatement.java:44) 
2022-11-04 23:59:24 DEBUG [jdbc.audit] - 1. PreparedStatement.getUpdateCount() returned 1  com.zaxxer.hikari.pool.HikariProxyPreparedStatement.getUpdateCount(HikariProxyPreparedStatement.java:-1) 
2022-11-04 23:59:24 DEBUG [com.example.book.mapper.BookMapper.deleteBook] - <==    Updates: 1 
2022-11-04 23:59:24 DEBUG [jdbc.audit] - 1. PreparedStatement.close() returned   com.zaxxer.hikari.pool.ProxyStatement.close(ProxyStatement.java:75) 
2022-11-04 23:59:24 DEBUG [org.mybatis.spring.SqlSessionUtils] - Releasing transactional SqlSession [org.apache.ibatis.session.defaults.DefaultSqlSession@3d64c581] 
2022-11-04 23:59:24 DEBUG [org.mybatis.spring.SqlSessionUtils] - Fetched SqlSession [org.apache.ibatis.session.defaults.DefaultSqlSession@3d64c581] from current transaction 
2022-11-04 23:59:24 DEBUG [com.example.book.mapper.BookMapper.deleteCategory_book] - ==>  Preparing: delete from category_book where bno = ? 
2022-11-04 23:59:24 DEBUG [jdbc.audit] - 1. PreparedStatement.new PreparedStatement returned   com.zaxxer.hikari.pool.ProxyConnection.prepareStatement(ProxyConnection.java:327) 
2022-11-04 23:59:24 DEBUG [jdbc.audit] - 1. Connection.prepareStatement(delete from category_book where bno = ?) returned net.sf.log4jdbc.sql.jdbcapi.PreparedStatementSpy@5c83ae01  com.zaxxer.hikari.pool.ProxyConnection.prepareStatement(ProxyConnection.java:327) 
2022-11-04 23:59:24 DEBUG [jdbc.audit] - 1. PreparedStatement.setLong(1, 1) returned   com.zaxxer.hikari.pool.HikariProxyPreparedStatement.setLong(HikariProxyPreparedStatement.java:-1) 
2022-11-04 23:59:24 DEBUG [com.example.book.mapper.BookMapper.deleteCategory_book] - ==> Parameters: 1(Long) 
2022-11-04 23:59:24 DEBUG [jdbc.sqlonly] -  com.zaxxer.hikari.pool.ProxyPreparedStatement.execute(ProxyPreparedStatement.java:44)1. delete from category_book where bno = 1  
2022-11-04 23:59:24 DEBUG [org.mariadb.jdbc.client.impl.StandardClient] - execute query: delete from category_book where bno = ? 
2022-11-04 23:59:24 DEBUG [jdbc.sqltiming] -  com.zaxxer.hikari.pool.ProxyPreparedStatement.execute(ProxyPreparedStatement.java:44)1. delete from category_book where bno = 1  {executed in 1 msec} 
2022-11-04 23:59:24 DEBUG [jdbc.audit] - 1. PreparedStatement.execute() returned false  com.zaxxer.hikari.pool.ProxyPreparedStatement.execute(ProxyPreparedStatement.java:44) 
2022-11-04 23:59:24 DEBUG [jdbc.audit] - 1. PreparedStatement.getUpdateCount() returned 1  com.zaxxer.hikari.pool.HikariProxyPreparedStatement.getUpdateCount(HikariProxyPreparedStatement.java:-1) 
2022-11-04 23:59:24 DEBUG [com.example.book.mapper.BookMapper.deleteCategory_book] - <==    Updates: 1 
2022-11-04 23:59:24 DEBUG [jdbc.audit] - 1. PreparedStatement.close() returned   com.zaxxer.hikari.pool.ProxyStatement.close(ProxyStatement.java:75) 
2022-11-04 23:59:24 DEBUG [org.mybatis.spring.SqlSessionUtils] - Releasing transactional SqlSession [org.apache.ibatis.session.defaults.DefaultSqlSession@3d64c581] 
2022-11-04 23:59:24 DEBUG [org.mybatis.spring.SqlSessionUtils] - Transaction synchronization deregistering SqlSession [org.apache.ibatis.session.defaults.DefaultSqlSession@3d64c581] 
2022-11-04 23:59:24 DEBUG [org.mybatis.spring.SqlSessionUtils] - Transaction synchronization closing SqlSession [org.apache.ibatis.session.defaults.DefaultSqlSession@3d64c581] 
2022-11-04 23:59:24 DEBUG [org.mariadb.jdbc.client.impl.StandardClient] - execute query: ROLLBACK 
2022-11-04 23:59:24 DEBUG [jdbc.audit] - 1. Connection.rollback() returned   com.zaxxer.hikari.pool.ProxyConnection.rollback(ProxyConnection.java:385) 
2022-11-04 23:59:24 DEBUG [org.mariadb.jdbc.client.impl.StandardClient] - execute query: set autocommit=1 
2022-11-04 23:59:24 DEBUG [org.mariadb.jdbc.message.server.OkPacket] - System variable change:  autocommit = ON 
2022-11-04 23:59:24 DEBUG [jdbc.audit] - 1. Connection.setAutoCommit(true) returned   com.zaxxer.hikari.pool.ProxyConnection.setAutoCommit(ProxyConnection.java:401) 
2022-11-04 23:59:24 DEBUG [jdbc.audit] - 1. Connection.clearWarnings() returned   com.zaxxer.hikari.pool.ProxyConnection.close(ProxyConnection.java:257) 
2022-11-04 23:59:24 INFO  [org.springframework.test.context.transaction.TransactionContext] - Rolled back transaction for test: [DefaultTestContext@2a367e93 testClass = BookServiceTest, testInstance = com.example.book.service.BookServiceTest@201c3cda, testMethod = removeBookTest@BookServiceTest, testException = [null], mergedContextConfiguration = [MergedContextConfiguration@1a6dc589 testClass = BookServiceTest, locations = '{file:src/main/webapp/WEB-INF/spring/root-context.xml}', classes = '{}', contextInitializerClasses = '[]', activeProfiles = '{}', propertySourceLocations = '{}', propertySourceProperties = '{}', contextCustomizers = set[[empty]], contextLoader = 'org.springframework.test.context.support.DelegatingSmartContextLoader', parent = [null]], attributes = map['org.springframework.test.context.event.ApplicationEventsTestExecutionListener.recordApplicationEvents' -> false]] 
2022-11-04 23:59:24 INFO  [org.springframework.test.context.transaction.TransactionContext] - Rolled back transaction for test: [DefaultTestContext@2a367e93 testClass = BookServiceTest, testInstance = com.example.book.service.BookServiceTest@201c3cda, testMethod = removeBookTest@BookServiceTest, testException = [null], mergedContextConfiguration = [MergedContextConfiguration@1a6dc589 testClass = BookServiceTest, locations = '{file:src/main/webapp/WEB-INF/spring/root-context.xml}', classes = '{}', contextInitializerClasses = '[]', activeProfiles = '{}', propertySourceLocations = '{}', propertySourceProperties = '{}', contextCustomizers = set[[empty]], contextLoader = 'org.springframework.test.context.support.DelegatingSmartContextLoader', parent = [null]], attributes = map['org.springframework.test.context.event.ApplicationEventsTestExecutionListener.recordApplicationEvents' -> false]] 
2022-11-04 23:59:24 DEBUG [jdbc.audit] - 1. Connection.getAutoCommit() returned true  com.zaxxer.hikari.pool.HikariProxyConnection.getAutoCommit(HikariProxyConnection.java:-1) 
2022-11-04 23:59:24 DEBUG [org.mariadb.jdbc.client.impl.StandardClient] - execute query: set autocommit=0 
2022-11-04 23:59:24 DEBUG [org.mariadb.jdbc.message.server.OkPacket] - System variable change:  autocommit = OFF 
2022-11-04 23:59:24 DEBUG [jdbc.audit] - 1. Connection.setAutoCommit(false) returned   com.zaxxer.hikari.pool.ProxyConnection.setAutoCommit(ProxyConnection.java:401) 
2022-11-04 23:59:24 INFO  [org.springframework.test.context.transaction.TransactionContext] - Began transaction (1) for test context [DefaultTestContext@2a367e93 testClass = BookServiceTest, testInstance = com.example.book.service.BookServiceTest@2d64c100, testMethod = registBookTest@BookServiceTest, testException = [null], mergedContextConfiguration = [MergedContextConfiguration@1a6dc589 testClass = BookServiceTest, locations = '{file:src/main/webapp/WEB-INF/spring/root-context.xml}', classes = '{}', contextInitializerClasses = '[]', activeProfiles = '{}', propertySourceLocations = '{}', propertySourceProperties = '{}', contextCustomizers = set[[empty]], contextLoader = 'org.springframework.test.context.support.DelegatingSmartContextLoader', parent = [null]], attributes = map['org.springframework.test.context.event.ApplicationEventsTestExecutionListener.recordApplicationEvents' -> false]]; transaction manager [org.springframework.jdbc.datasource.DataSourceTransactionManager@1a4d1ab7]; rollback [true] 
2022-11-04 23:59:24 INFO  [org.springframework.test.context.transaction.TransactionContext] - Began transaction (1) for test context [DefaultTestContext@2a367e93 testClass = BookServiceTest, testInstance = com.example.book.service.BookServiceTest@2d64c100, testMethod = registBookTest@BookServiceTest, testException = [null], mergedContextConfiguration = [MergedContextConfiguration@1a6dc589 testClass = BookServiceTest, locations = '{file:src/main/webapp/WEB-INF/spring/root-context.xml}', classes = '{}', contextInitializerClasses = '[]', activeProfiles = '{}', propertySourceLocations = '{}', propertySourceProperties = '{}', contextCustomizers = set[[empty]], contextLoader = 'org.springframework.test.context.support.DelegatingSmartContextLoader', parent = [null]], attributes = map['org.springframework.test.context.event.ApplicationEventsTestExecutionListener.recordApplicationEvents' -> false]]; transaction manager [org.springframework.jdbc.datasource.DataSourceTransactionManager@1a4d1ab7]; rollback [true] 
2022-11-04 23:59:24 DEBUG [org.mybatis.spring.SqlSessionUtils] - Creating a new SqlSession 
2022-11-04 23:59:24 DEBUG [org.mybatis.spring.SqlSessionUtils] - Registering transaction synchronization for SqlSession [org.apache.ibatis.session.defaults.DefaultSqlSession@69d45cca] 
2022-11-04 23:59:24 DEBUG [jdbc.audit] - 1. Connection.getAutoCommit() returned false  com.zaxxer.hikari.pool.HikariProxyConnection.getAutoCommit(HikariProxyConnection.java:-1) 
2022-11-04 23:59:24 DEBUG [org.mybatis.spring.transaction.SpringManagedTransaction] - JDBC Connection [HikariProxyConnection@1852655488 wrapping net.sf.log4jdbc.sql.jdbcapi.ConnectionSpy@72ee5d84] will be managed by Spring 
2022-11-04 23:59:24 DEBUG [com.example.book.mapper.BookMapper.selectOne] - ==>  Preparing: select * from book where bno = 1 
2022-11-04 23:59:24 DEBUG [jdbc.audit] - 1. PreparedStatement.new PreparedStatement returned   com.zaxxer.hikari.pool.ProxyConnection.prepareStatement(ProxyConnection.java:327) 
2022-11-04 23:59:24 DEBUG [jdbc.audit] - 1. Connection.prepareStatement(select * from book where bno = 1) returned net.sf.log4jdbc.sql.jdbcapi.PreparedStatementSpy@650ae78c  com.zaxxer.hikari.pool.ProxyConnection.prepareStatement(ProxyConnection.java:327) 
2022-11-04 23:59:24 DEBUG [com.example.book.mapper.BookMapper.selectOne] - ==> Parameters:  
2022-11-04 23:59:24 DEBUG [jdbc.sqlonly] -  com.zaxxer.hikari.pool.ProxyPreparedStatement.execute(ProxyPreparedStatement.java:44)1. select * from book where bno = 1  
2022-11-04 23:59:24 DEBUG [org.mariadb.jdbc.client.impl.StandardClient] - execute query: select * from book where bno = 1 
2022-11-04 23:59:24 DEBUG [jdbc.sqltiming] -  com.zaxxer.hikari.pool.ProxyPreparedStatement.execute(ProxyPreparedStatement.java:44)1. select * from book where bno = 1  {executed in 1 msec} 
2022-11-04 23:59:24 DEBUG [jdbc.audit] - 1. PreparedStatement.execute() returned true  com.zaxxer.hikari.pool.ProxyPreparedStatement.execute(ProxyPreparedStatement.java:44) 
2022-11-04 23:59:24 DEBUG [jdbc.resultset] - 1. ResultSet.new ResultSet returned   com.zaxxer.hikari.pool.ProxyStatement.getResultSet(ProxyStatement.java:213) 
2022-11-04 23:59:24 DEBUG [jdbc.audit] - 1. PreparedStatement.getResultSet() returned net.sf.log4jdbc.sql.jdbcapi.ResultSetSpy@2e73d5eb  com.zaxxer.hikari.pool.ProxyStatement.getResultSet(ProxyStatement.java:213) 
2022-11-04 23:59:24 DEBUG [jdbc.resultset] - 1. ResultSet.getMetaData() returned org.mariadb.jdbc.client.result.ResultSetMetaData@79c5460e  com.zaxxer.hikari.pool.HikariProxyResultSet.getMetaData(HikariProxyResultSet.java:-1) 
2022-11-04 23:59:24 DEBUG [jdbc.resultset] - 1. ResultSet.getType() returned 1003  com.zaxxer.hikari.pool.HikariProxyResultSet.getType(HikariProxyResultSet.java:-1) 
2022-11-04 23:59:24 DEBUG [jdbc.resultset] - 1. ResultSet.isClosed() returned false  com.zaxxer.hikari.pool.HikariProxyResultSet.isClosed(HikariProxyResultSet.java:-1) 
2022-11-04 23:59:24 DEBUG [jdbc.resultset] - 1. ResultSet.next() returned true  com.zaxxer.hikari.pool.HikariProxyResultSet.next(HikariProxyResultSet.java:-1) 
2022-11-04 23:59:24 DEBUG [jdbc.resultset] - 1. ResultSet.getLong(bno) returned 1  com.zaxxer.hikari.pool.HikariProxyResultSet.getLong(HikariProxyResultSet.java:-1) 
2022-11-04 23:59:24 DEBUG [jdbc.resultset] - 1. ResultSet.getString(isbn) returned 8932118388  com.zaxxer.hikari.pool.HikariProxyResultSet.getString(HikariProxyResultSet.java:-1) 
2022-11-04 23:59:24 DEBUG [jdbc.resultset] - 1. ResultSet.getString(title) returned 님·밤 - 최민순 신부 시집  com.zaxxer.hikari.pool.HikariProxyResultSet.getString(HikariProxyResultSet.java:-1) 
2022-11-04 23:59:24 DEBUG [jdbc.resultset] - 1. ResultSet.getTimestamp(pubDate) returned 2022-12-08 00:00:00.0  com.zaxxer.hikari.pool.HikariProxyResultSet.getTimestamp(HikariProxyResultSet.java:-1) 
2022-11-04 23:59:24 DEBUG [jdbc.resultset] - 1. ResultSet.getString(author) returned 최민순 (지은이)  com.zaxxer.hikari.pool.HikariProxyResultSet.getString(HikariProxyResultSet.java:-1) 
2022-11-04 23:59:24 DEBUG [jdbc.resultset] - 1. ResultSet.getString(description) returned   com.zaxxer.hikari.pool.HikariProxyResultSet.getString(HikariProxyResultSet.java:-1) 
2022-11-04 23:59:24 DEBUG [jdbc.resultset] - 1. ResultSet.getInt(price) returned 18000  com.zaxxer.hikari.pool.HikariProxyResultSet.getInt(HikariProxyResultSet.java:-1) 
2022-11-04 23:59:24 DEBUG [jdbc.resultset] - 1. ResultSet.getInt(mileage) returned 1800  com.zaxxer.hikari.pool.HikariProxyResultSet.getInt(HikariProxyResultSet.java:-1) 
2022-11-04 23:59:24 DEBUG [jdbc.resultset] - 1. ResultSet.getInt(stock) returned 830  com.zaxxer.hikari.pool.HikariProxyResultSet.getInt(HikariProxyResultSet.java:-1) 
2022-11-04 23:59:24 DEBUG [jdbc.resultset] - 1. ResultSet.getString(cover) returned https://image.aladin.co.kr/product/30443/38/cover/8932118388_1.jpg  com.zaxxer.hikari.pool.HikariProxyResultSet.getString(HikariProxyResultSet.java:-1) 
2022-11-04 23:59:24 DEBUG [jdbc.resultset] - 1. ResultSet.getString(publisher) returned 가톨릭출판사  com.zaxxer.hikari.pool.HikariProxyResultSet.getString(HikariProxyResultSet.java:-1) 
2022-11-04 23:59:24 DEBUG [jdbc.resultset] - 1. ResultSet.isClosed() returned false  com.zaxxer.hikari.pool.HikariProxyResultSet.isClosed(HikariProxyResultSet.java:-1) 
2022-11-04 23:59:24 INFO  [jdbc.resultsettable] - |----|-----------|----------------|----------------------|----------|------------|------|--------|------|-------------------------------------------------------------------|----------|------------||bno |isbn       |title           |pubdate               |author    |description |price |mileage |stock |cover                                                              |publisher |update_date ||----|-----------|----------------|----------------------|----------|------------|------|--------|------|-------------------------------------------------------------------|----------|------------||1   |8932118388 |님·밤 - 최민순 신부 시집 |2022-12-08 00:00:00.0 |최민순 (지은이) |            |18000 |1800    |830   |https://image.aladin.co.kr/product/30443/38/cover/8932118388_1.jpg |가톨릭출판사    |[null]      ||----|-----------|----------------|----------------------|----------|------------|------|--------|------|-------------------------------------------------------------------|----------|------------| 
2022-11-04 23:59:24 DEBUG [jdbc.resultset] - 1. ResultSet.next() returned false  com.zaxxer.hikari.pool.HikariProxyResultSet.next(HikariProxyResultSet.java:-1) 
2022-11-04 23:59:24 DEBUG [com.example.book.mapper.BookMapper.selectOne] - <==      Total: 1 
2022-11-04 23:59:24 DEBUG [jdbc.resultset] - 1. ResultSet.close() returned void  com.zaxxer.hikari.pool.HikariProxyResultSet.close(HikariProxyResultSet.java:-1) 
2022-11-04 23:59:24 DEBUG [jdbc.audit] - 1. Connection.getMetaData() returned org.mariadb.jdbc.DatabaseMetaData@51d719bc  com.zaxxer.hikari.pool.ProxyConnection.getMetaData(ProxyConnection.java:370) 
2022-11-04 23:59:24 DEBUG [jdbc.audit] - 1. PreparedStatement.getMoreResults() returned false  com.zaxxer.hikari.pool.HikariProxyPreparedStatement.getMoreResults(HikariProxyPreparedStatement.java:-1) 
2022-11-04 23:59:24 DEBUG [jdbc.audit] - 1. PreparedStatement.getUpdateCount() returned -1  com.zaxxer.hikari.pool.HikariProxyPreparedStatement.getUpdateCount(HikariProxyPreparedStatement.java:-1) 
2022-11-04 23:59:24 DEBUG [jdbc.audit] - 1. PreparedStatement.close() returned   com.zaxxer.hikari.pool.ProxyStatement.close(ProxyStatement.java:75) 
2022-11-04 23:59:24 DEBUG [org.mybatis.spring.SqlSessionUtils] - Releasing transactional SqlSession [org.apache.ibatis.session.defaults.DefaultSqlSession@69d45cca] 
2022-11-04 23:59:24 DEBUG [org.mybatis.spring.SqlSessionUtils] - Fetched SqlSession [org.apache.ibatis.session.defaults.DefaultSqlSession@69d45cca] from current transaction 
2022-11-04 23:59:24 DEBUG [com.example.book.mapper.BookMapper.selectCa_Books_categoryNameId] - ==>  Preparing: select category_name_id from category_book where bno = ? 
2022-11-04 23:59:24 DEBUG [jdbc.audit] - 1. PreparedStatement.new PreparedStatement returned   com.zaxxer.hikari.pool.ProxyConnection.prepareStatement(ProxyConnection.java:327) 
2022-11-04 23:59:24 DEBUG [jdbc.audit] - 1. Connection.prepareStatement(select category_name_id from category_book where bno = ?) returned net.sf.log4jdbc.sql.jdbcapi.PreparedStatementSpy@2d38edfd  com.zaxxer.hikari.pool.ProxyConnection.prepareStatement(ProxyConnection.java:327) 
2022-11-04 23:59:24 DEBUG [jdbc.audit] - 1. PreparedStatement.setLong(1, 1) returned   com.zaxxer.hikari.pool.HikariProxyPreparedStatement.setLong(HikariProxyPreparedStatement.java:-1) 
2022-11-04 23:59:24 DEBUG [com.example.book.mapper.BookMapper.selectCa_Books_categoryNameId] - ==> Parameters: 1(Long) 
2022-11-04 23:59:24 DEBUG [jdbc.sqlonly] -  com.zaxxer.hikari.pool.ProxyPreparedStatement.execute(ProxyPreparedStatement.java:44)1. select category_name_id from category_book where bno = 1  
2022-11-04 23:59:24 DEBUG [org.mariadb.jdbc.client.impl.StandardClient] - execute query: select category_name_id from category_book where bno = ? 
2022-11-04 23:59:24 DEBUG [jdbc.sqltiming] -  com.zaxxer.hikari.pool.ProxyPreparedStatement.execute(ProxyPreparedStatement.java:44)1. select category_name_id from category_book where bno = 1  {executed in 1 msec} 
2022-11-04 23:59:24 DEBUG [jdbc.audit] - 1. PreparedStatement.execute() returned true  com.zaxxer.hikari.pool.ProxyPreparedStatement.execute(ProxyPreparedStatement.java:44) 
2022-11-04 23:59:24 DEBUG [jdbc.resultset] - 1. ResultSet.new ResultSet returned   com.zaxxer.hikari.pool.ProxyStatement.getResultSet(ProxyStatement.java:213) 
2022-11-04 23:59:24 DEBUG [jdbc.audit] - 1. PreparedStatement.getResultSet() returned net.sf.log4jdbc.sql.jdbcapi.ResultSetSpy@1507c3c3  com.zaxxer.hikari.pool.ProxyStatement.getResultSet(ProxyStatement.java:213) 
2022-11-04 23:59:24 DEBUG [jdbc.resultset] - 1. ResultSet.getMetaData() returned org.mariadb.jdbc.client.result.ResultSetMetaData@655a01d8  com.zaxxer.hikari.pool.HikariProxyResultSet.getMetaData(HikariProxyResultSet.java:-1) 
2022-11-04 23:59:24 DEBUG [jdbc.resultset] - 1. ResultSet.getType() returned 1003  com.zaxxer.hikari.pool.HikariProxyResultSet.getType(HikariProxyResultSet.java:-1) 
2022-11-04 23:59:24 DEBUG [jdbc.resultset] - 1. ResultSet.isClosed() returned false  com.zaxxer.hikari.pool.HikariProxyResultSet.isClosed(HikariProxyResultSet.java:-1) 
2022-11-04 23:59:24 DEBUG [jdbc.resultset] - 1. ResultSet.next() returned true  com.zaxxer.hikari.pool.HikariProxyResultSet.next(HikariProxyResultSet.java:-1) 
2022-11-04 23:59:24 DEBUG [jdbc.resultset] - 1. ResultSet.getInt(category_name_id) returned 21  com.zaxxer.hikari.pool.HikariProxyResultSet.getInt(HikariProxyResultSet.java:-1) 
2022-11-04 23:59:24 DEBUG [jdbc.resultset] - 1. ResultSet.isClosed() returned false  com.zaxxer.hikari.pool.HikariProxyResultSet.isClosed(HikariProxyResultSet.java:-1) 
2022-11-04 23:59:24 INFO  [jdbc.resultsettable] - |-----------------||category_name_id ||-----------------||21               ||-----------------| 
2022-11-04 23:59:24 DEBUG [jdbc.resultset] - 1. ResultSet.next() returned false  com.zaxxer.hikari.pool.HikariProxyResultSet.next(HikariProxyResultSet.java:-1) 
2022-11-04 23:59:24 DEBUG [com.example.book.mapper.BookMapper.selectCa_Books_categoryNameId] - <==      Total: 1 
2022-11-04 23:59:24 DEBUG [jdbc.resultset] - 1. ResultSet.close() returned void  com.zaxxer.hikari.pool.HikariProxyResultSet.close(HikariProxyResultSet.java:-1) 
2022-11-04 23:59:24 DEBUG [jdbc.audit] - 1. Connection.getMetaData() returned org.mariadb.jdbc.DatabaseMetaData@c29fe36  com.zaxxer.hikari.pool.ProxyConnection.getMetaData(ProxyConnection.java:370) 
2022-11-04 23:59:24 DEBUG [jdbc.audit] - 1. PreparedStatement.getMoreResults() returned false  com.zaxxer.hikari.pool.HikariProxyPreparedStatement.getMoreResults(HikariProxyPreparedStatement.java:-1) 
2022-11-04 23:59:24 DEBUG [jdbc.audit] - 1. PreparedStatement.getUpdateCount() returned -1  com.zaxxer.hikari.pool.HikariProxyPreparedStatement.getUpdateCount(HikariProxyPreparedStatement.java:-1) 
2022-11-04 23:59:24 DEBUG [jdbc.audit] - 1. PreparedStatement.close() returned   com.zaxxer.hikari.pool.ProxyStatement.close(ProxyStatement.java:75) 
2022-11-04 23:59:24 DEBUG [org.mybatis.spring.SqlSessionUtils] - Releasing transactional SqlSession [org.apache.ibatis.session.defaults.DefaultSqlSession@69d45cca] 
2022-11-04 23:59:24 DEBUG [org.mybatis.spring.SqlSessionUtils] - Fetched SqlSession [org.apache.ibatis.session.defaults.DefaultSqlSession@69d45cca] from current transaction 
2022-11-04 23:59:24 DEBUG [com.example.book.mapper.BookMapper.selectCategory_name] - ==>  Preparing: select category_name from category where category_name_id = ? 
2022-11-04 23:59:24 DEBUG [jdbc.audit] - 1. PreparedStatement.new PreparedStatement returned   com.zaxxer.hikari.pool.ProxyConnection.prepareStatement(ProxyConnection.java:327) 
2022-11-04 23:59:24 DEBUG [jdbc.audit] - 1. Connection.prepareStatement(select category_name from category where category_name_id = ?) returned net.sf.log4jdbc.sql.jdbcapi.PreparedStatementSpy@6614bd4b  com.zaxxer.hikari.pool.ProxyConnection.prepareStatement(ProxyConnection.java:327) 
2022-11-04 23:59:24 DEBUG [jdbc.audit] - 1. PreparedStatement.setInt(1, 21) returned   com.zaxxer.hikari.pool.HikariProxyPreparedStatement.setInt(HikariProxyPreparedStatement.java:-1) 
2022-11-04 23:59:24 DEBUG [com.example.book.mapper.BookMapper.selectCategory_name] - ==> Parameters: 21(Integer) 
2022-11-04 23:59:24 DEBUG [jdbc.sqlonly] -  com.zaxxer.hikari.pool.ProxyPreparedStatement.execute(ProxyPreparedStatement.java:44)1. select category_name from category where category_name_id = 21  
2022-11-04 23:59:24 DEBUG [org.mariadb.jdbc.client.impl.StandardClient] - execute query: select category_name from category where category_name_id = ? 
2022-11-04 23:59:24 DEBUG [jdbc.sqltiming] -  com.zaxxer.hikari.pool.ProxyPreparedStatement.execute(ProxyPreparedStatement.java:44)1. select category_name from category where category_name_id = 21  {executed in 1 msec} 
2022-11-04 23:59:24 DEBUG [jdbc.audit] - 1. PreparedStatement.execute() returned true  com.zaxxer.hikari.pool.ProxyPreparedStatement.execute(ProxyPreparedStatement.java:44) 
2022-11-04 23:59:24 DEBUG [jdbc.resultset] - 1. ResultSet.new ResultSet returned   com.zaxxer.hikari.pool.ProxyStatement.getResultSet(ProxyStatement.java:213) 
2022-11-04 23:59:24 DEBUG [jdbc.audit] - 1. PreparedStatement.getResultSet() returned net.sf.log4jdbc.sql.jdbcapi.ResultSetSpy@3b5c665c  com.zaxxer.hikari.pool.ProxyStatement.getResultSet(ProxyStatement.java:213) 
2022-11-04 23:59:24 DEBUG [jdbc.resultset] - 1. ResultSet.getMetaData() returned org.mariadb.jdbc.client.result.ResultSetMetaData@78e17a99  com.zaxxer.hikari.pool.HikariProxyResultSet.getMetaData(HikariProxyResultSet.java:-1) 
2022-11-04 23:59:24 DEBUG [jdbc.resultset] - 1. ResultSet.getType() returned 1003  com.zaxxer.hikari.pool.HikariProxyResultSet.getType(HikariProxyResultSet.java:-1) 
2022-11-04 23:59:24 DEBUG [jdbc.resultset] - 1. ResultSet.isClosed() returned false  com.zaxxer.hikari.pool.HikariProxyResultSet.isClosed(HikariProxyResultSet.java:-1) 
2022-11-04 23:59:24 DEBUG [jdbc.resultset] - 1. ResultSet.next() returned true  com.zaxxer.hikari.pool.HikariProxyResultSet.next(HikariProxyResultSet.java:-1) 
2022-11-04 23:59:24 DEBUG [jdbc.resultset] - 1. ResultSet.getString(category_name) returned 종교  com.zaxxer.hikari.pool.HikariProxyResultSet.getString(HikariProxyResultSet.java:-1) 
2022-11-04 23:59:24 DEBUG [jdbc.resultset] - 1. ResultSet.isClosed() returned false  com.zaxxer.hikari.pool.HikariProxyResultSet.isClosed(HikariProxyResultSet.java:-1) 
2022-11-04 23:59:24 INFO  [jdbc.resultsettable] - |--------------||category_name ||--------------||종교            ||--------------| 
2022-11-04 23:59:24 DEBUG [jdbc.resultset] - 1. ResultSet.next() returned false  com.zaxxer.hikari.pool.HikariProxyResultSet.next(HikariProxyResultSet.java:-1) 
2022-11-04 23:59:24 DEBUG [com.example.book.mapper.BookMapper.selectCategory_name] - <==      Total: 1 
2022-11-04 23:59:24 DEBUG [jdbc.resultset] - 1. ResultSet.close() returned void  com.zaxxer.hikari.pool.HikariProxyResultSet.close(HikariProxyResultSet.java:-1) 
2022-11-04 23:59:24 DEBUG [jdbc.audit] - 1. Connection.getMetaData() returned org.mariadb.jdbc.DatabaseMetaData@625a4ff  com.zaxxer.hikari.pool.ProxyConnection.getMetaData(ProxyConnection.java:370) 
2022-11-04 23:59:24 DEBUG [jdbc.audit] - 1. PreparedStatement.getMoreResults() returned false  com.zaxxer.hikari.pool.HikariProxyPreparedStatement.getMoreResults(HikariProxyPreparedStatement.java:-1) 
2022-11-04 23:59:24 DEBUG [jdbc.audit] - 1. PreparedStatement.getUpdateCount() returned -1  com.zaxxer.hikari.pool.HikariProxyPreparedStatement.getUpdateCount(HikariProxyPreparedStatement.java:-1) 
2022-11-04 23:59:24 DEBUG [jdbc.audit] - 1. PreparedStatement.close() returned   com.zaxxer.hikari.pool.ProxyStatement.close(ProxyStatement.java:75) 
2022-11-04 23:59:24 DEBUG [org.mybatis.spring.SqlSessionUtils] - Releasing transactional SqlSession [org.apache.ibatis.session.defaults.DefaultSqlSession@69d45cca] 
2022-11-04 23:59:24 DEBUG [org.mybatis.spring.SqlSessionUtils] - Fetched SqlSession [org.apache.ibatis.session.defaults.DefaultSqlSession@69d45cca] from current transaction 
2022-11-04 23:59:24 DEBUG [com.example.book.mapper.BookMapper.insertBook] - ==>  Preparing: insert into book (isbn, title, pubDate, author, description, price, mileage,stock, cover, publisher) values (?,?,?,?,?,?,?,?,?,?) 
2022-11-04 23:59:24 DEBUG [jdbc.audit] - 1. PreparedStatement.new PreparedStatement returned   com.zaxxer.hikari.pool.ProxyConnection.prepareStatement(ProxyConnection.java:334) 
2022-11-04 23:59:24 DEBUG [jdbc.audit] - 1. Connection.prepareStatement(insert into book (isbn, title, pubDate, author, description, price, mileage,stock, cover, publisher)        values (?,?,?,?,?,?,?,?,?,?), 1) returned net.sf.log4jdbc.sql.jdbcapi.PreparedStatementSpy@41dc0598  com.zaxxer.hikari.pool.ProxyConnection.prepareStatement(ProxyConnection.java:334) 
2022-11-04 23:59:24 DEBUG [jdbc.audit] - 1. PreparedStatement.setString(1, "8932118388") returned   com.zaxxer.hikari.pool.HikariProxyPreparedStatement.setString(HikariProxyPreparedStatement.java:-1) 
2022-11-04 23:59:24 DEBUG [jdbc.audit] - 1. PreparedStatement.setString(2, "님·밤 - 최민순 신부 시집") returned   com.zaxxer.hikari.pool.HikariProxyPreparedStatement.setString(HikariProxyPreparedStatement.java:-1) 
2022-11-04 23:59:24 DEBUG [jdbc.audit] - 1. PreparedStatement.setTimestamp(3, 2022-12-08 00:00:00.0) returned   com.zaxxer.hikari.pool.HikariProxyPreparedStatement.setTimestamp(HikariProxyPreparedStatement.java:-1) 
2022-11-04 23:59:24 DEBUG [jdbc.audit] - 1. PreparedStatement.setString(4, "최민순 (지은이)") returned   com.zaxxer.hikari.pool.HikariProxyPreparedStatement.setString(HikariProxyPreparedStatement.java:-1) 
2022-11-04 23:59:24 DEBUG [jdbc.audit] - 1. PreparedStatement.setString(5, "") returned   com.zaxxer.hikari.pool.HikariProxyPreparedStatement.setString(HikariProxyPreparedStatement.java:-1) 
2022-11-04 23:59:24 DEBUG [jdbc.audit] - 1. PreparedStatement.setInt(6, 18000) returned   com.zaxxer.hikari.pool.HikariProxyPreparedStatement.setInt(HikariProxyPreparedStatement.java:-1) 
2022-11-04 23:59:24 DEBUG [jdbc.audit] - 1. PreparedStatement.setInt(7, 1800) returned   com.zaxxer.hikari.pool.HikariProxyPreparedStatement.setInt(HikariProxyPreparedStatement.java:-1) 
2022-11-04 23:59:24 DEBUG [jdbc.audit] - 1. PreparedStatement.setInt(8, 830) returned   com.zaxxer.hikari.pool.HikariProxyPreparedStatement.setInt(HikariProxyPreparedStatement.java:-1) 
2022-11-04 23:59:24 DEBUG [jdbc.audit] - 1. PreparedStatement.setString(9, "https://image.aladin.co.kr/product/30443/38/cover/8932118388_1.jpg") returned   com.zaxxer.hikari.pool.HikariProxyPreparedStatement.setString(HikariProxyPreparedStatement.java:-1) 
2022-11-04 23:59:24 DEBUG [jdbc.audit] - 1. PreparedStatement.setString(10, "가톨릭출판사") returned   com.zaxxer.hikari.pool.HikariProxyPreparedStatement.setString(HikariProxyPreparedStatement.java:-1) 
2022-11-04 23:59:24 DEBUG [com.example.book.mapper.BookMapper.insertBook] - ==> Parameters: 8932118388(String), 님·밤 - 최민순 신부 시집(String), 2022-12-08 00:00:00.0(Timestamp), 최민순 (지은이)(String), (String), 18000(Integer), 1800(Integer), 830(Integer), https://image.aladin.co.kr/product/30443/38/cover/8932118388_1.jpg(String), 가톨릭출판사(String) 
2022-11-04 23:59:24 DEBUG [jdbc.sqlonly] -  com.zaxxer.hikari.pool.ProxyPreparedStatement.execute(ProxyPreparedStatement.java:44)1. insert into book (isbn, title, pubDate, author, description, price, mileage,stock, cover, publisher) values ('8932118388','님·밤 - 최민순 신부 시집','12/08/2022 00:00:00.000','최민순 (지은이)','',18000,1800,830,'https://image.aladin.co.kr/product/30443/38/cover/8932118388_1.jpg','가톨릭출판사')  
2022-11-04 23:59:24 DEBUG [org.mariadb.jdbc.client.impl.StandardClient] - execute query: insert into book (isbn, title, pubDate, author, description, price, mileage,stock, cover, publisher)        values (?,?,?,?,?,?,?,?,?,?) 
2022-11-04 23:59:24 DEBUG [jdbc.sqltiming] -  com.zaxxer.hikari.pool.ProxyPreparedStatement.execute(ProxyPreparedStatement.java:44)1. insert into book (isbn, title, pubDate, author, description, price, mileage,stock, cover, publisher) values ('8932118388','님·밤 - 최민순 신부 시집','12/08/2022 00:00:00.000','최민순 (지은이)','',18000,1800,830,'https://image.aladin.co.kr/product/30443/38/cover/8932118388_1.jpg','가톨릭출판사')  {executed in 1 msec} 
2022-11-04 23:59:24 DEBUG [jdbc.audit] - 1. PreparedStatement.execute() returned false  com.zaxxer.hikari.pool.ProxyPreparedStatement.execute(ProxyPreparedStatement.java:44) 
2022-11-04 23:59:24 DEBUG [jdbc.audit] - 1. PreparedStatement.getUpdateCount() returned 1  com.zaxxer.hikari.pool.HikariProxyPreparedStatement.getUpdateCount(HikariProxyPreparedStatement.java:-1) 
2022-11-04 23:59:24 DEBUG [com.example.book.mapper.BookMapper.insertBook] - <==    Updates: 1 
2022-11-04 23:59:24 DEBUG [jdbc.sqltiming] -  com.zaxxer.hikari.pool.ProxyStatement.getGeneratedKeys(ProxyStatement.java:229)1. getGeneratedKeys on query: insert into book (isbn, title, pubDate, author, description, price, mileage,stock, cover, publisher) values ('8932118388','님·밤 - 최민순 신부 시집','12/08/2022 00:00:00.000','최민순 (지은이)','',18000,1800,830,'https://image.aladin.co.kr/product/30443/38/cover/8932118388_1.jpg','가톨릭출판사')  {executed in 0 msec} 
2022-11-04 23:59:24 DEBUG [jdbc.resultset] - 1. ResultSet.new ResultSet returned   com.zaxxer.hikari.pool.ProxyStatement.getGeneratedKeys(ProxyStatement.java:229) 
2022-11-04 23:59:24 DEBUG [jdbc.audit] - 1. PreparedStatement.getGeneratedKeys() returned net.sf.log4jdbc.sql.jdbcapi.ResultSetSpy@41853299  com.zaxxer.hikari.pool.ProxyStatement.getGeneratedKeys(ProxyStatement.java:229) 
2022-11-04 23:59:24 DEBUG [jdbc.resultset] - 1. ResultSet.getMetaData() returned org.mariadb.jdbc.client.result.ResultSetMetaData@60d40ff4  com.zaxxer.hikari.pool.HikariProxyResultSet.getMetaData(HikariProxyResultSet.java:-1) 
2022-11-04 23:59:24 DEBUG [jdbc.resultset] - 1. ResultSet.next() returned true  com.zaxxer.hikari.pool.HikariProxyResultSet.next(HikariProxyResultSet.java:-1) 
2022-11-04 23:59:24 DEBUG [jdbc.resultset] - 1. ResultSet.getLong(1) returned 1016  com.zaxxer.hikari.pool.HikariProxyResultSet.getLong(HikariProxyResultSet.java:-1) 
2022-11-04 23:59:24 INFO  [jdbc.resultsettable] - |----------||insert_id ||----------||1016      ||----------| 
2022-11-04 23:59:24 DEBUG [jdbc.resultset] - 1. ResultSet.next() returned false  com.zaxxer.hikari.pool.HikariProxyResultSet.next(HikariProxyResultSet.java:-1) 
2022-11-04 23:59:24 DEBUG [jdbc.resultset] - 1. ResultSet.close() returned void  com.zaxxer.hikari.pool.HikariProxyResultSet.close(HikariProxyResultSet.java:-1) 
2022-11-04 23:59:24 DEBUG [jdbc.audit] - 1. PreparedStatement.close() returned   com.zaxxer.hikari.pool.ProxyStatement.close(ProxyStatement.java:75) 
2022-11-04 23:59:24 DEBUG [org.mybatis.spring.SqlSessionUtils] - Releasing transactional SqlSession [org.apache.ibatis.session.defaults.DefaultSqlSession@69d45cca] 
2022-11-04 23:59:24 DEBUG [org.mybatis.spring.SqlSessionUtils] - Fetched SqlSession [org.apache.ibatis.session.defaults.DefaultSqlSession@69d45cca] from current transaction 
2022-11-04 23:59:24 DEBUG [com.example.book.mapper.BookMapper.insertCategory] - ==>  Preparing: INSERT INTO category (category_name_id, category_name) select ?,? from dual where not exists (select * from category where category_name_id=? or category_name=?) 
2022-11-04 23:59:24 DEBUG [jdbc.audit] - 1. PreparedStatement.new PreparedStatement returned   com.zaxxer.hikari.pool.ProxyConnection.prepareStatement(ProxyConnection.java:327) 
2022-11-04 23:59:24 DEBUG [jdbc.audit] - 1. Connection.prepareStatement(INSERT INTO category (category_name_id, category_name) select ?,? from dual        where not exists (select * from category where category_name_id=? or category_name=?)) returned net.sf.log4jdbc.sql.jdbcapi.PreparedStatementSpy@2e5b7fba  com.zaxxer.hikari.pool.ProxyConnection.prepareStatement(ProxyConnection.java:327) 
2022-11-04 23:59:24 DEBUG [jdbc.audit] - 1. PreparedStatement.setInt(1, 21) returned   com.zaxxer.hikari.pool.HikariProxyPreparedStatement.setInt(HikariProxyPreparedStatement.java:-1) 
2022-11-04 23:59:24 DEBUG [jdbc.audit] - 1. PreparedStatement.setString(2, "종교") returned   com.zaxxer.hikari.pool.HikariProxyPreparedStatement.setString(HikariProxyPreparedStatement.java:-1) 
2022-11-04 23:59:24 DEBUG [jdbc.audit] - 1. PreparedStatement.setInt(3, 21) returned   com.zaxxer.hikari.pool.HikariProxyPreparedStatement.setInt(HikariProxyPreparedStatement.java:-1) 
2022-11-04 23:59:24 DEBUG [jdbc.audit] - 1. PreparedStatement.setString(4, "종교") returned   com.zaxxer.hikari.pool.HikariProxyPreparedStatement.setString(HikariProxyPreparedStatement.java:-1) 
2022-11-04 23:59:24 DEBUG [com.example.book.mapper.BookMapper.insertCategory] - ==> Parameters: 21(Integer), 종교(String), 21(Integer), 종교(String) 
2022-11-04 23:59:24 DEBUG [jdbc.sqlonly] -  com.zaxxer.hikari.pool.ProxyPreparedStatement.execute(ProxyPreparedStatement.java:44)1. INSERT INTO category (category_name_id, category_name) select 21,'종교' from dual where not exists (select * from category where category_name_id=21 or category_name='종교')  
2022-11-04 23:59:24 DEBUG [org.mariadb.jdbc.client.impl.StandardClient] - execute query: INSERT INTO category (category_name_id, category_name) select ?,? from dual        where not exists (select * from category where category_name_id=? or category_name=?) 
2022-11-04 23:59:24 DEBUG [jdbc.sqltiming] -  com.zaxxer.hikari.pool.ProxyPreparedStatement.execute(ProxyPreparedStatement.java:44)1. INSERT INTO category (category_name_id, category_name) select 21,'종교' from dual where not exists (select * from category where category_name_id=21 or category_name='종교')  {executed in 0 msec} 
2022-11-04 23:59:24 DEBUG [jdbc.audit] - 1. PreparedStatement.execute() returned false  com.zaxxer.hikari.pool.ProxyPreparedStatement.execute(ProxyPreparedStatement.java:44) 
2022-11-04 23:59:24 DEBUG [jdbc.audit] - 1. PreparedStatement.getUpdateCount() returned 0  com.zaxxer.hikari.pool.HikariProxyPreparedStatement.getUpdateCount(HikariProxyPreparedStatement.java:-1) 
2022-11-04 23:59:24 DEBUG [com.example.book.mapper.BookMapper.insertCategory] - <==    Updates: 0 
2022-11-04 23:59:24 DEBUG [jdbc.audit] - 1. PreparedStatement.close() returned   com.zaxxer.hikari.pool.ProxyStatement.close(ProxyStatement.java:75) 
2022-11-04 23:59:24 DEBUG [org.mybatis.spring.SqlSessionUtils] - Releasing transactional SqlSession [org.apache.ibatis.session.defaults.DefaultSqlSession@69d45cca] 
2022-11-04 23:59:24 DEBUG [org.mybatis.spring.SqlSessionUtils] - Fetched SqlSession [org.apache.ibatis.session.defaults.DefaultSqlSession@69d45cca] from current transaction 
2022-11-04 23:59:24 DEBUG [com.example.book.mapper.BookMapper.insertCategoryBook] - ==>  Preparing: insert into category_book values (?,?) 
2022-11-04 23:59:24 DEBUG [jdbc.audit] - 1. PreparedStatement.new PreparedStatement returned   com.zaxxer.hikari.pool.ProxyConnection.prepareStatement(ProxyConnection.java:327) 
2022-11-04 23:59:24 DEBUG [jdbc.audit] - 1. Connection.prepareStatement(insert into category_book        values (?,?)) returned net.sf.log4jdbc.sql.jdbcapi.PreparedStatementSpy@27755487  com.zaxxer.hikari.pool.ProxyConnection.prepareStatement(ProxyConnection.java:327) 
2022-11-04 23:59:24 DEBUG [jdbc.audit] - 1. PreparedStatement.setLong(1, 1016) returned   com.zaxxer.hikari.pool.HikariProxyPreparedStatement.setLong(HikariProxyPreparedStatement.java:-1) 
2022-11-04 23:59:24 DEBUG [jdbc.audit] - 1. PreparedStatement.setInt(2, 21) returned   com.zaxxer.hikari.pool.HikariProxyPreparedStatement.setInt(HikariProxyPreparedStatement.java:-1) 
2022-11-04 23:59:24 DEBUG [com.example.book.mapper.BookMapper.insertCategoryBook] - ==> Parameters: 1016(Long), 21(Integer) 
2022-11-04 23:59:24 DEBUG [jdbc.sqlonly] -  com.zaxxer.hikari.pool.ProxyPreparedStatement.execute(ProxyPreparedStatement.java:44)1. insert into category_book values (1016,21)  
2022-11-04 23:59:24 DEBUG [org.mariadb.jdbc.client.impl.StandardClient] - execute query: insert into category_book        values (?,?) 
2022-11-04 23:59:24 DEBUG [jdbc.sqltiming] -  com.zaxxer.hikari.pool.ProxyPreparedStatement.execute(ProxyPreparedStatement.java:44)1. insert into category_book values (1016,21)  {executed in 0 msec} 
2022-11-04 23:59:24 DEBUG [jdbc.audit] - 1. PreparedStatement.execute() returned false  com.zaxxer.hikari.pool.ProxyPreparedStatement.execute(ProxyPreparedStatement.java:44) 
2022-11-04 23:59:24 DEBUG [jdbc.audit] - 1. PreparedStatement.getUpdateCount() returned 1  com.zaxxer.hikari.pool.HikariProxyPreparedStatement.getUpdateCount(HikariProxyPreparedStatement.java:-1) 
2022-11-04 23:59:24 DEBUG [com.example.book.mapper.BookMapper.insertCategoryBook] - <==    Updates: 1 
2022-11-04 23:59:24 DEBUG [jdbc.audit] - 1. PreparedStatement.close() returned   com.zaxxer.hikari.pool.ProxyStatement.close(ProxyStatement.java:75) 
2022-11-04 23:59:24 DEBUG [org.mybatis.spring.SqlSessionUtils] - Releasing transactional SqlSession [org.apache.ibatis.session.defaults.DefaultSqlSession@69d45cca] 
2022-11-04 23:59:24 DEBUG [org.mybatis.spring.SqlSessionUtils] - Transaction synchronization deregistering SqlSession [org.apache.ibatis.session.defaults.DefaultSqlSession@69d45cca] 
2022-11-04 23:59:24 DEBUG [org.mybatis.spring.SqlSessionUtils] - Transaction synchronization closing SqlSession [org.apache.ibatis.session.defaults.DefaultSqlSession@69d45cca] 
2022-11-04 23:59:24 DEBUG [org.mariadb.jdbc.client.impl.StandardClient] - execute query: ROLLBACK 
2022-11-04 23:59:24 DEBUG [jdbc.audit] - 1. Connection.rollback() returned   com.zaxxer.hikari.pool.ProxyConnection.rollback(ProxyConnection.java:385) 
2022-11-04 23:59:24 DEBUG [org.mariadb.jdbc.client.impl.StandardClient] - execute query: set autocommit=1 
2022-11-04 23:59:24 DEBUG [org.mariadb.jdbc.message.server.OkPacket] - System variable change:  autocommit = ON 
2022-11-04 23:59:24 DEBUG [jdbc.audit] - 1. Connection.setAutoCommit(true) returned   com.zaxxer.hikari.pool.ProxyConnection.setAutoCommit(ProxyConnection.java:401) 
2022-11-04 23:59:24 DEBUG [jdbc.audit] - 1. Connection.clearWarnings() returned   com.zaxxer.hikari.pool.ProxyConnection.close(ProxyConnection.java:257) 
2022-11-04 23:59:24 INFO  [org.springframework.test.context.transaction.TransactionContext] - Rolled back transaction for test: [DefaultTestContext@2a367e93 testClass = BookServiceTest, testInstance = com.example.book.service.BookServiceTest@2d64c100, testMethod = registBookTest@BookServiceTest, testException = [null], mergedContextConfiguration = [MergedContextConfiguration@1a6dc589 testClass = BookServiceTest, locations = '{file:src/main/webapp/WEB-INF/spring/root-context.xml}', classes = '{}', contextInitializerClasses = '[]', activeProfiles = '{}', propertySourceLocations = '{}', propertySourceProperties = '{}', contextCustomizers = set[[empty]], contextLoader = 'org.springframework.test.context.support.DelegatingSmartContextLoader', parent = [null]], attributes = map['org.springframework.test.context.event.ApplicationEventsTestExecutionListener.recordApplicationEvents' -> false]] 
2022-11-04 23:59:24 INFO  [org.springframework.test.context.transaction.TransactionContext] - Rolled back transaction for test: [DefaultTestContext@2a367e93 testClass = BookServiceTest, testInstance = com.example.book.service.BookServiceTest@2d64c100, testMethod = registBookTest@BookServiceTest, testException = [null], mergedContextConfiguration = [MergedContextConfiguration@1a6dc589 testClass = BookServiceTest, locations = '{file:src/main/webapp/WEB-INF/spring/root-context.xml}', classes = '{}', contextInitializerClasses = '[]', activeProfiles = '{}', propertySourceLocations = '{}', propertySourceProperties = '{}', contextCustomizers = set[[empty]], contextLoader = 'org.springframework.test.context.support.DelegatingSmartContextLoader', parent = [null]], attributes = map['org.springframework.test.context.event.ApplicationEventsTestExecutionListener.recordApplicationEvents' -> false]] 
2022-11-04 23:59:24 DEBUG [jdbc.audit] - 1. Connection.getAutoCommit() returned true  com.zaxxer.hikari.pool.HikariProxyConnection.getAutoCommit(HikariProxyConnection.java:-1) 
2022-11-04 23:59:24 DEBUG [org.mariadb.jdbc.client.impl.StandardClient] - execute query: set autocommit=0 
2022-11-04 23:59:24 DEBUG [org.mariadb.jdbc.message.server.OkPacket] - System variable change:  autocommit = OFF 
2022-11-04 23:59:24 DEBUG [jdbc.audit] - 1. Connection.setAutoCommit(false) returned   com.zaxxer.hikari.pool.ProxyConnection.setAutoCommit(ProxyConnection.java:401) 
2022-11-04 23:59:24 INFO  [org.springframework.test.context.transaction.TransactionContext] - Began transaction (1) for test context [DefaultTestContext@2a367e93 testClass = BookServiceTest, testInstance = com.example.book.service.BookServiceTest@4f0cab0a, testMethod = getBooksTest@BookServiceTest, testException = [null], mergedContextConfiguration = [MergedContextConfiguration@1a6dc589 testClass = BookServiceTest, locations = '{file:src/main/webapp/WEB-INF/spring/root-context.xml}', classes = '{}', contextInitializerClasses = '[]', activeProfiles = '{}', propertySourceLocations = '{}', propertySourceProperties = '{}', contextCustomizers = set[[empty]], contextLoader = 'org.springframework.test.context.support.DelegatingSmartContextLoader', parent = [null]], attributes = map['org.springframework.test.context.event.ApplicationEventsTestExecutionListener.recordApplicationEvents' -> false]]; transaction manager [org.springframework.jdbc.datasource.DataSourceTransactionManager@1a4d1ab7]; rollback [true] 
2022-11-04 23:59:24 INFO  [org.springframework.test.context.transaction.TransactionContext] - Began transaction (1) for test context [DefaultTestContext@2a367e93 testClass = BookServiceTest, testInstance = com.example.book.service.BookServiceTest@4f0cab0a, testMethod = getBooksTest@BookServiceTest, testException = [null], mergedContextConfiguration = [MergedContextConfiguration@1a6dc589 testClass = BookServiceTest, locations = '{file:src/main/webapp/WEB-INF/spring/root-context.xml}', classes = '{}', contextInitializerClasses = '[]', activeProfiles = '{}', propertySourceLocations = '{}', propertySourceProperties = '{}', contextCustomizers = set[[empty]], contextLoader = 'org.springframework.test.context.support.DelegatingSmartContextLoader', parent = [null]], attributes = map['org.springframework.test.context.event.ApplicationEventsTestExecutionListener.recordApplicationEvents' -> false]]; transaction manager [org.springframework.jdbc.datasource.DataSourceTransactionManager@1a4d1ab7]; rollback [true] 
2022-11-04 23:59:24 DEBUG [org.mybatis.spring.SqlSessionUtils] - Creating a new SqlSession 
2022-11-04 23:59:24 DEBUG [org.mybatis.spring.SqlSessionUtils] - Registering transaction synchronization for SqlSession [org.apache.ibatis.session.defaults.DefaultSqlSession@fe7b6b0] 
2022-11-04 23:59:24 DEBUG [jdbc.audit] - 1. Connection.getAutoCommit() returned false  com.zaxxer.hikari.pool.HikariProxyConnection.getAutoCommit(HikariProxyConnection.java:-1) 
2022-11-04 23:59:24 DEBUG [org.mybatis.spring.transaction.SpringManagedTransaction] - JDBC Connection [HikariProxyConnection@2003311844 wrapping net.sf.log4jdbc.sql.jdbcapi.ConnectionSpy@72ee5d84] will be managed by Spring 
2022-11-04 23:59:24 DEBUG [com.example.book.mapper.BookMapper.selectBooks] - ==>  Preparing: select * from book order by bno desc limit ? , ? 
2022-11-04 23:59:24 DEBUG [jdbc.audit] - 1. PreparedStatement.new PreparedStatement returned   com.zaxxer.hikari.pool.ProxyConnection.prepareStatement(ProxyConnection.java:327) 
2022-11-04 23:59:24 DEBUG [jdbc.audit] - 1. Connection.prepareStatement(select * from book order by bno desc limit ? , ?) returned net.sf.log4jdbc.sql.jdbcapi.PreparedStatementSpy@5d96bdf8  com.zaxxer.hikari.pool.ProxyConnection.prepareStatement(ProxyConnection.java:327) 
2022-11-04 23:59:24 DEBUG [jdbc.audit] - 1. PreparedStatement.setInt(1, 0) returned   com.zaxxer.hikari.pool.HikariProxyPreparedStatement.setInt(HikariProxyPreparedStatement.java:-1) 
2022-11-04 23:59:24 DEBUG [jdbc.audit] - 1. PreparedStatement.setInt(2, 9) returned   com.zaxxer.hikari.pool.HikariProxyPreparedStatement.setInt(HikariProxyPreparedStatement.java:-1) 
2022-11-04 23:59:24 DEBUG [com.example.book.mapper.BookMapper.selectBooks] - ==> Parameters: 0(Integer), 9(Integer) 
2022-11-04 23:59:24 DEBUG [jdbc.sqlonly] -  com.zaxxer.hikari.pool.ProxyPreparedStatement.execute(ProxyPreparedStatement.java:44)1. select * from book order by bno desc limit 0 , 9  
2022-11-04 23:59:24 DEBUG [org.mariadb.jdbc.client.impl.StandardClient] - execute query: select * from book order by bno desc limit ? , ? 
2022-11-04 23:59:24 DEBUG [jdbc.sqltiming] -  com.zaxxer.hikari.pool.ProxyPreparedStatement.execute(ProxyPreparedStatement.java:44)1. select * from book order by bno desc limit 0 , 9  {executed in 1 msec} 
2022-11-04 23:59:24 DEBUG [jdbc.audit] - 1. PreparedStatement.execute() returned true  com.zaxxer.hikari.pool.ProxyPreparedStatement.execute(ProxyPreparedStatement.java:44) 
2022-11-04 23:59:24 DEBUG [jdbc.resultset] - 1. ResultSet.new ResultSet returned   com.zaxxer.hikari.pool.ProxyStatement.getResultSet(ProxyStatement.java:213) 
2022-11-04 23:59:24 DEBUG [jdbc.audit] - 1. PreparedStatement.getResultSet() returned net.sf.log4jdbc.sql.jdbcapi.ResultSetSpy@6f76c2cc  com.zaxxer.hikari.pool.ProxyStatement.getResultSet(ProxyStatement.java:213) 
2022-11-04 23:59:24 DEBUG [jdbc.resultset] - 1. ResultSet.getMetaData() returned org.mariadb.jdbc.client.result.ResultSetMetaData@306f6f1d  com.zaxxer.hikari.pool.HikariProxyResultSet.getMetaData(HikariProxyResultSet.java:-1) 
2022-11-04 23:59:24 DEBUG [jdbc.resultset] - 1. ResultSet.getType() returned 1003  com.zaxxer.hikari.pool.HikariProxyResultSet.getType(HikariProxyResultSet.java:-1) 
2022-11-04 23:59:24 DEBUG [jdbc.resultset] - 1. ResultSet.isClosed() returned false  com.zaxxer.hikari.pool.HikariProxyResultSet.isClosed(HikariProxyResultSet.java:-1) 
2022-11-04 23:59:24 DEBUG [jdbc.resultset] - 1. ResultSet.next() returned true  com.zaxxer.hikari.pool.HikariProxyResultSet.next(HikariProxyResultSet.java:-1) 
2022-11-04 23:59:24 DEBUG [jdbc.resultset] - 1. ResultSet.getLong(bno) returned 1000  com.zaxxer.hikari.pool.HikariProxyResultSet.getLong(HikariProxyResultSet.java:-1) 
[...]
2022-11-04 23:59:24 DEBUG [jdbc.resultset] - 1. ResultSet.getString(cover) returned https://image.aladin.co.kr/product/30413/19/cover/8934942959_1.jpg  com.zaxxer.hikari.pool.HikariProxyResultSet.getString(HikariProxyResultSet.java:-1) 
2022-11-04 23:59:24 DEBUG [jdbc.resultset] - 1. ResultSet.getString(publisher) returned 김영사  com.zaxxer.hikari.pool.HikariProxyResultSet.getString(HikariProxyResultSet.java:-1) 
2022-11-04 23:59:24 DEBUG [jdbc.resultset] - 1. ResultSet.isClosed() returned false  com.zaxxer.hikari.pool.HikariProxyResultSet.isClosed(HikariProxyResultSet.java:-1) 
2022-11-04 23:59:24 DEBUG [jdbc.resultset] - 1. ResultSet.next() returned true  com.zaxxer.hikari.pool.HikariProxyResultSet.next(HikariProxyResultSet.java:-1) 
2022-11-04 23:59:24 DEBUG [jdbc.resultset] - 1. ResultSet.getLong(bno) returned 993  com.zaxxer.hikari.pool.HikariProxyResultSet.getLong(HikariProxyResultSet.java:-1) 
2022-11-04 23:59:24 DEBUG [jdbc.resultset] - 1. ResultSet.getString(isbn) returned K262830267  com.zaxxer.hikari.pool.HikariProxyResultSet.getString(HikariProxyResultSet.java:-1) 
2022-11-04 23:59:24 DEBUG [jdbc.resultset] - 1. ResultSet.getString(title) returned 아이 마음을 다 안다는 착각 - 문제 행동 뒤에 가려진 간절한 마음신호를 알아채는 법  com.zaxxer.hikari.pool.HikariProxyResultSet.getString(HikariProxyResultSet.java:-1) 
2022-11-04 23:59:24 DEBUG [jdbc.resultset] - 1. ResultSet.getTimestamp(pubDate) returned 2022-11-02 00:00:00.0  com.zaxxer.hikari.pool.HikariProxyResultSet.getTimestamp(HikariProxyResultSet.java:-1) 
2022-11-04 23:59:24 DEBUG [jdbc.resultset] - 1. ResultSet.getString(author) returned 천근아 (지은이)  com.zaxxer.hikari.pool.HikariProxyResultSet.getString(HikariProxyResultSet.java:-1) 
2022-11-04 23:59:24 DEBUG [jdbc.resultset] - 1. ResultSet.getString(description) returned 소아정신과 대표 명의이자 육아 커뮤니티에서 수없이 거론되며 부모들이 가장 만나고 싶어 하는 의사로 손꼽히는, 연세대 세브란스 전문의 천근아 교수의 신작. 부모가 걱정하는 아이의 소아정신과 대표 질환과 반복되는 문제 행동을 다루는 법을 총망라한 책이다.  com.zaxxer.hikari.pool.HikariProxyResultSet.getString(HikariProxyResultSet.java:-1) 
2022-11-04 23:59:24 DEBUG [jdbc.resultset] - 1. ResultSet.getInt(price) returned 17000  com.zaxxer.hikari.pool.HikariProxyResultSet.getInt(HikariProxyResultSet.java:-1) 
2022-11-04 23:59:24 DEBUG [jdbc.resultset] - 1. ResultSet.getInt(mileage) returned 1700  com.zaxxer.hikari.pool.HikariProxyResultSet.getInt(HikariProxyResultSet.java:-1) 
2022-11-04 23:59:24 DEBUG [jdbc.resultset] - 1. ResultSet.getInt(stock) returned 84  com.zaxxer.hikari.pool.HikariProxyResultSet.getInt(HikariProxyResultSet.java:-1) 
2022-11-04 23:59:24 DEBUG [jdbc.resultset] - 1. ResultSet.getString(cover) returned https://image.aladin.co.kr/product/30413/19/cover/k262830267_1.jpg  com.zaxxer.hikari.pool.HikariProxyResultSet.getString(HikariProxyResultSet.java:-1) 
2022-11-04 23:59:24 DEBUG [jdbc.resultset] - 1. ResultSet.getString(publisher) returned 위즈덤하우스  com.zaxxer.hikari.pool.HikariProxyResultSet.getString(HikariProxyResultSet.java:-1) 
2022-11-04 23:59:24 DEBUG [jdbc.resultset] - 1. ResultSet.isClosed() returned false  com.zaxxer.hikari.pool.HikariProxyResultSet.isClosed(HikariProxyResultSet.java:-1) 
2022-11-04 23:59:24 DEBUG [jdbc.resultset] - 1. ResultSet.next() returned true  com.zaxxer.hikari.pool.HikariProxyResultSet.next(HikariProxyResultSet.java:-1) 
2022-11-04 23:59:24 DEBUG [jdbc.resultset] - 1. ResultSet.getLong(bno) returned 992  com.zaxxer.hikari.pool.HikariProxyResultSet.getLong(HikariProxyResultSet.java:-1) 
2022-11-04 23:59:24 DEBUG [jdbc.resultset] - 1. ResultSet.getString(isbn) returned K292830267  com.zaxxer.hikari.pool.HikariProxyResultSet.getString(HikariProxyResultSet.java:-1) 
2022-11-04 23:59:24 DEBUG [jdbc.resultset] - 1. ResultSet.getString(title) returned 자연과 조화로운 그린공원 - 개정8판  com.zaxxer.hikari.pool.HikariProxyResultSet.getString(HikariProxyResultSet.java:-1) 
2022-11-04 23:59:24 DEBUG [jdbc.resultset] - 1. ResultSet.getTimestamp(pubDate) returned 2023-02-10 00:00:00.0  com.zaxxer.hikari.pool.HikariProxyResultSet.getTimestamp(HikariProxyResultSet.java:-1) 
2022-11-04 23:59:24 DEBUG [jdbc.resultset] - 1. ResultSet.getString(author) returned 에코탑월드북 편집부 (지은이)  com.zaxxer.hikari.pool.HikariProxyResultSet.getString(HikariProxyResultSet.java:-1) 
2022-11-04 23:59:24 DEBUG [jdbc.resultset] - 1. ResultSet.getString(description) returned   com.zaxxer.hikari.pool.HikariProxyResultSet.getString(HikariProxyResultSet.java:-1) 
2022-11-04 23:59:24 DEBUG [jdbc.resultset] - 1. ResultSet.getInt(price) returned 99000  com.zaxxer.hikari.pool.HikariProxyResultSet.getInt(HikariProxyResultSet.java:-1) 
2022-11-04 23:59:24 DEBUG [jdbc.resultset] - 1. ResultSet.getInt(mileage) returned 9900  com.zaxxer.hikari.pool.HikariProxyResultSet.getInt(HikariProxyResultSet.java:-1) 
2022-11-04 23:59:24 DEBUG [jdbc.resultset] - 1. ResultSet.getInt(stock) returned 679  com.zaxxer.hikari.pool.HikariProxyResultSet.getInt(HikariProxyResultSet.java:-1) 
2022-11-04 23:59:24 DEBUG [jdbc.resultset] - 1. ResultSet.getString(cover) returned https://image.aladin.co.kr/product/30413/19/cover/k292830267_1.jpg  com.zaxxer.hikari.pool.HikariProxyResultSet.getString(HikariProxyResultSet.java:-1) 
2022-11-04 23:59:24 DEBUG [jdbc.resultset] - 1. ResultSet.getString(publisher) returned 에코탑월드북  com.zaxxer.hikari.pool.HikariProxyResultSet.getString(HikariProxyResultSet.java:-1) 
2022-11-04 23:59:24 DEBUG [jdbc.resultset] - 1. ResultSet.isClosed() returned false  com.zaxxer.hikari.pool.HikariProxyResultSet.isClosed(HikariProxyResultSet.java:-1) 
2022-11-04 23:59:24 INFO  [jdbc.resultsettable] - |-----|-----------|-----------------------------------------------------|----------------------|---------------------|-------------------------------------------------------------------------------------------------------------------------------------------------------|------|--------|------|-------------------------------------------------------------------|----------|------------||bno  |isbn       |title                                                |pubdate               |author               |description                                                                                                                                            |price |mileage |stock |cover                                                              |publisher |update_date ||-----|-----------|-----------------------------------------------------|----------------------|---------------------|-------------------------------------------------------------------------------------------------------------------------------------------------------|------|--------|------|-------------------------------------------------------------------|----------|------------||1000 |K962830267 |문화.예술 건축디자인모음집 - 개정판                                 |2023-02-10 00:00:00.0 |월드해피북스 편집부 (지은이)     |                                                                                                                                                       |99000 |9900    |506   |https://image.aladin.co.kr/product/30413/16/cover/k962830267_1.jpg |월드해피북스    |[null]      ||999  |8934966122 |Grammar Star 그래머 스타 기본편 Level 4 - 초등 영문법 교재 / 문법의 시작 |2022-11-01 00:00:00.0 |지식채널, 김영사영어연구소 (지은이) |쉬운 문법 설명과 실전에 필요한 실용 문제로 문법을 학습할 수 있다. 다양하고 많은 유형에 문제를 통해 실전 문법을 익히고 영어 교과과정 대비도 가능하다. 쉽게 제시한 문법 개념과 원리를 이해하고 핵심 문법 개념을 익히고 나선형으로 확장된 문제로 문법 완성하는 교재다. |14000 |1400    |244   |https://image.aladin.co.kr/product/30413/16/cover/8934966122_2.jpg |김영사       |[null]      ||998  |K952830267 |당신을 향한 좋아요 그리고 구독                                    |2022-11-01 00:00:00.0 |김금래 (지은이)            |4H 신문사의 요청으로 시작한 여행에세이인 이 글은 명승지나 유명 관광지를 중심으로 한 여행이 아닌 소박한 여행의 기록이다. 집 주변의 산책로를 걷거나 며칠씩 집을 비우는 여행까지를 망라한다. 삶과 여행, 자아와 세계인식의 확장을 가져오는 성찰의 도서이다.        |18000 |1800    |36    |https://image.aladin.co.kr/product/30413/16/cover/k952830267_1.jpg |이우        |[null]      ||997  |K992830267 |도심속 아름다운 자연의 조화 - 개정8판                               |2023-02-10 00:00:00.0 |에코탑월드북 편집부 (지은이)     |                                                                                                                                                       |99900 |9990    |432   |https://image.aladin.co.kr/product/30413/16/cover/k992830267_1.jpg |에코탑월드북    |[null]      ||996  |K932830267 |관공서중심의 공공디자인복합건축물 - 개정판                              |2023-02-10 00:00:00.0 |월드해피북스 편집부 (지은이)     |                                                                                                                                                       |99000 |9900    |767   |https://image.aladin.co.kr/product/30413/17/cover/k932830267_1.jpg |월드해피북스    |[null]      ||995  |K062830267 |문화.디자인.예술 복지공간시설 건축물 - 개정판                           |2023-02-10 00:00:00.0 |월드해피북스 편집부 (지은이)     |                                                                                                                                                       |99900 |9990    |186   |https://image.aladin.co.kr/product/30413/18/cover/k062830267_1.jpg |월드해피북스    |[null]      ||994  |8934942959 |Grammar Star 그래머 스타 기본편 Level 2 - 초등 영문법 교재 / 문법의 시작 |2022-11-01 00:00:00.0 |지식채널, 김영사영어연구소 (지은이) |쉬운 문법 설명과 실전에 필요한 실용 문제로 문법을 학습할 수 있다. 다양하고 많은 유형에 문제를 통해 실전 문법을 익히고 영어 교과과정 대비도 가능하다. 쉽게 제시한 문법 개념과 원리를 이해하고 핵심 문법 개념을 익히고 나선형으로 확장된 문제로 문법 완성하는 교재다. |14000 |1400    |432   |https://image.aladin.co.kr/product/30413/19/cover/8934942959_1.jpg |김영사       |[null]      ||993  |K262830267 |아이 마음을 다 안다는 착각 - 문제 행동 뒤에 가려진 간절한 마음신호를 알아채는 법      |2022-11-02 00:00:00.0 |천근아 (지은이)            |소아정신과 대표 명의이자 육아 커뮤니티에서 수없이 거론되며 부모들이 가장 만나고 싶어 하는 의사로 손꼽히는, 연세대 세브란스 전문의 천근아 교수의 신작. 부모가 걱정하는 아이의 소아정신과 대표 질환과 반복되는 문제 행동을 다루는 법을 총망라한 책이다.           |17000 |1700    |84    |https://image.aladin.co.kr/product/30413/19/cover/k262830267_1.jpg |위즈덤하우스    |[null]      ||992  |K292830267 |자연과 조화로운 그린공원 - 개정8판                                 |2023-02-10 00:00:00.0 |에코탑월드북 편집부 (지은이)     |                                                                                                                                                       |99000 |9900    |679   |https://image.aladin.co.kr/product/30413/19/cover/k292830267_1.jpg |에코탑월드북    |[null]      ||-----|-----------|-----------------------------------------------------|----------------------|---------------------|-------------------------------------------------------------------------------------------------------------------------------------------------------|------|--------|------|-------------------------------------------------------------------|----------|------------| 
2022-11-04 23:59:24 DEBUG [jdbc.resultset] - 1. ResultSet.next() returned false  com.zaxxer.hikari.pool.HikariProxyResultSet.next(HikariProxyResultSet.java:-1) 
2022-11-04 23:59:24 DEBUG [com.example.book.mapper.BookMapper.selectBooks] - <==      Total: 9 
2022-11-04 23:59:24 DEBUG [jdbc.resultset] - 1. ResultSet.close() returned void  com.zaxxer.hikari.pool.HikariProxyResultSet.close(HikariProxyResultSet.java:-1) 
2022-11-04 23:59:24 DEBUG [jdbc.audit] - 1. Connection.getMetaData() returned org.mariadb.jdbc.DatabaseMetaData@27fe9713  com.zaxxer.hikari.pool.ProxyConnection.getMetaData(ProxyConnection.java:370) 
2022-11-04 23:59:24 DEBUG [jdbc.audit] - 1. PreparedStatement.getMoreResults() returned false  com.zaxxer.hikari.pool.HikariProxyPreparedStatement.getMoreResults(HikariProxyPreparedStatement.java:-1) 
2022-11-04 23:59:24 DEBUG [jdbc.audit] - 1. PreparedStatement.getUpdateCount() returned -1  com.zaxxer.hikari.pool.HikariProxyPreparedStatement.getUpdateCount(HikariProxyPreparedStatement.java:-1) 
2022-11-04 23:59:24 DEBUG [jdbc.audit] - 1. PreparedStatement.close() returned   com.zaxxer.hikari.pool.ProxyStatement.close(ProxyStatement.java:75) 
2022-11-04 23:59:24 DEBUG [org.mybatis.spring.SqlSessionUtils] - Releasing transactional SqlSession [org.apache.ibatis.session.defaults.DefaultSqlSession@fe7b6b0] 
2022-11-04 23:59:24 DEBUG [org.mybatis.spring.SqlSessionUtils] - Fetched SqlSession [org.apache.ibatis.session.defaults.DefaultSqlSession@fe7b6b0] from current transaction 
2022-11-04 23:59:24 DEBUG [com.example.book.mapper.BookMapper.bookCnt] - ==>  Preparing: select count(*) from book 
2022-11-04 23:59:24 DEBUG [jdbc.audit] - 1. PreparedStatement.new PreparedStatement returned   com.zaxxer.hikari.pool.ProxyConnection.prepareStatement(ProxyConnection.java:327) 
2022-11-04 23:59:24 DEBUG [jdbc.audit] - 1. Connection.prepareStatement(select count(*) from book) returned net.sf.log4jdbc.sql.jdbcapi.PreparedStatementSpy@24841372  com.zaxxer.hikari.pool.ProxyConnection.prepareStatement(ProxyConnection.java:327) 
2022-11-04 23:59:24 DEBUG [com.example.book.mapper.BookMapper.bookCnt] - ==> Parameters:  
2022-11-04 23:59:24 DEBUG [jdbc.sqlonly] -  com.zaxxer.hikari.pool.ProxyPreparedStatement.execute(ProxyPreparedStatement.java:44)1. select count(*) from book  
2022-11-04 23:59:24 DEBUG [org.mariadb.jdbc.client.impl.StandardClient] - execute query: select count(*) from book 
2022-11-04 23:59:24 DEBUG [jdbc.sqltiming] -  com.zaxxer.hikari.pool.ProxyPreparedStatement.execute(ProxyPreparedStatement.java:44)1. select count(*) from book  {executed in 0 msec} 
2022-11-04 23:59:24 DEBUG [jdbc.audit] - 1. PreparedStatement.execute() returned true  com.zaxxer.hikari.pool.ProxyPreparedStatement.execute(ProxyPreparedStatement.java:44) 
2022-11-04 23:59:24 DEBUG [jdbc.resultset] - 1. ResultSet.new ResultSet returned   com.zaxxer.hikari.pool.ProxyStatement.getResultSet(ProxyStatement.java:213) 
2022-11-04 23:59:24 DEBUG [jdbc.audit] - 1. PreparedStatement.getResultSet() returned net.sf.log4jdbc.sql.jdbcapi.ResultSetSpy@77114efe  com.zaxxer.hikari.pool.ProxyStatement.getResultSet(ProxyStatement.java:213) 
2022-11-04 23:59:24 DEBUG [jdbc.resultset] - 1. ResultSet.getMetaData() returned org.mariadb.jdbc.client.result.ResultSetMetaData@79a7bfbc  com.zaxxer.hikari.pool.HikariProxyResultSet.getMetaData(HikariProxyResultSet.java:-1) 
2022-11-04 23:59:24 DEBUG [jdbc.resultset] - 1. ResultSet.getType() returned 1003  com.zaxxer.hikari.pool.HikariProxyResultSet.getType(HikariProxyResultSet.java:-1) 
2022-11-04 23:59:24 DEBUG [jdbc.resultset] - 1. ResultSet.isClosed() returned false  com.zaxxer.hikari.pool.HikariProxyResultSet.isClosed(HikariProxyResultSet.java:-1) 
2022-11-04 23:59:24 DEBUG [jdbc.resultset] - 1. ResultSet.next() returned true  com.zaxxer.hikari.pool.HikariProxyResultSet.next(HikariProxyResultSet.java:-1) 
2022-11-04 23:59:24 DEBUG [jdbc.resultset] - 1. ResultSet.getInt(count(*)) returned 1000  com.zaxxer.hikari.pool.HikariProxyResultSet.getInt(HikariProxyResultSet.java:-1) 
2022-11-04 23:59:24 DEBUG [jdbc.resultset] - 1. ResultSet.isClosed() returned false  com.zaxxer.hikari.pool.HikariProxyResultSet.isClosed(HikariProxyResultSet.java:-1) 
2022-11-04 23:59:24 INFO  [jdbc.resultsettable] - |---------||count(*) ||---------||1000     ||---------| 
2022-11-04 23:59:24 DEBUG [jdbc.resultset] - 1. ResultSet.next() returned false  com.zaxxer.hikari.pool.HikariProxyResultSet.next(HikariProxyResultSet.java:-1) 
2022-11-04 23:59:24 DEBUG [com.example.book.mapper.BookMapper.bookCnt] - <==      Total: 1 
2022-11-04 23:59:24 DEBUG [jdbc.resultset] - 1. ResultSet.close() returned void  com.zaxxer.hikari.pool.HikariProxyResultSet.close(HikariProxyResultSet.java:-1) 
2022-11-04 23:59:24 DEBUG [jdbc.audit] - 1. Connection.getMetaData() returned org.mariadb.jdbc.DatabaseMetaData@77f68df  com.zaxxer.hikari.pool.ProxyConnection.getMetaData(ProxyConnection.java:370) 
2022-11-04 23:59:24 DEBUG [jdbc.audit] - 1. PreparedStatement.getMoreResults() returned false  com.zaxxer.hikari.pool.HikariProxyPreparedStatement.getMoreResults(HikariProxyPreparedStatement.java:-1) 
2022-11-04 23:59:24 DEBUG [jdbc.audit] - 1. PreparedStatement.getUpdateCount() returned -1  com.zaxxer.hikari.pool.HikariProxyPreparedStatement.getUpdateCount(HikariProxyPreparedStatement.java:-1) 
2022-11-04 23:59:24 DEBUG [jdbc.audit] - 1. PreparedStatement.close() returned   com.zaxxer.hikari.pool.ProxyStatement.close(ProxyStatement.java:75) 
2022-11-04 23:59:24 DEBUG [org.mybatis.spring.SqlSessionUtils] - Releasing transactional SqlSession [org.apache.ibatis.session.defaults.DefaultSqlSession@fe7b6b0] 
2022-11-04 23:59:24 DEBUG [org.mybatis.spring.SqlSessionUtils] - Fetched SqlSession [org.apache.ibatis.session.defaults.DefaultSqlSession@fe7b6b0] from current transaction 
2022-11-04 23:59:24 DEBUG [org.mybatis.spring.SqlSessionUtils] - Releasing transactional SqlSession [org.apache.ibatis.session.defaults.DefaultSqlSession@fe7b6b0] 
2022-11-04 23:59:24 DEBUG [org.mybatis.spring.SqlSessionUtils] - Fetched SqlSession [org.apache.ibatis.session.defaults.DefaultSqlSession@fe7b6b0] from current transaction 
2022-11-04 23:59:24 DEBUG [org.mybatis.spring.SqlSessionUtils] - Releasing transactional SqlSession [org.apache.ibatis.session.defaults.DefaultSqlSession@fe7b6b0] 
2022-11-04 23:59:24 DEBUG [org.mybatis.spring.SqlSessionUtils] - Transaction synchronization deregistering SqlSession [org.apache.ibatis.session.defaults.DefaultSqlSession@fe7b6b0] 
2022-11-04 23:59:24 DEBUG [org.mybatis.spring.SqlSessionUtils] - Transaction synchronization closing SqlSession [org.apache.ibatis.session.defaults.DefaultSqlSession@fe7b6b0] 
2022-11-04 23:59:24 DEBUG [org.mariadb.jdbc.client.impl.StandardClient] - execute query: ROLLBACK 
2022-11-04 23:59:24 DEBUG [jdbc.audit] - 1. Connection.rollback() returned   com.zaxxer.hikari.pool.ProxyConnection.rollback(ProxyConnection.java:385) 
2022-11-04 23:59:24 DEBUG [org.mariadb.jdbc.client.impl.StandardClient] - execute query: set autocommit=1 
2022-11-04 23:59:24 DEBUG [org.mariadb.jdbc.message.server.OkPacket] - System variable change:  autocommit = ON 
2022-11-04 23:59:24 DEBUG [jdbc.audit] - 1. Connection.setAutoCommit(true) returned   com.zaxxer.hikari.pool.ProxyConnection.setAutoCommit(ProxyConnection.java:401) 
2022-11-04 23:59:24 DEBUG [jdbc.audit] - 1. Connection.clearWarnings() returned   com.zaxxer.hikari.pool.ProxyConnection.close(ProxyConnection.java:257) 
2022-11-04 23:59:24 INFO  [org.springframework.test.context.transaction.TransactionContext] - Rolled back transaction for test: [DefaultTestContext@2a367e93 testClass = BookServiceTest, testInstance = com.example.book.service.BookServiceTest@4f0cab0a, testMethod = getBooksTest@BookServiceTest, testException = [null], mergedContextConfiguration = [MergedContextConfiguration@1a6dc589 testClass = BookServiceTest, locations = '{file:src/main/webapp/WEB-INF/spring/root-context.xml}', classes = '{}', contextInitializerClasses = '[]', activeProfiles = '{}', propertySourceLocations = '{}', propertySourceProperties = '{}', contextCustomizers = set[[empty]], contextLoader = 'org.springframework.test.context.support.DelegatingSmartContextLoader', parent = [null]], attributes = map['org.springframework.test.context.event.ApplicationEventsTestExecutionListener.recordApplicationEvents' -> false]] 
2022-11-04 23:59:24 INFO  [org.springframework.test.context.transaction.TransactionContext] - Rolled back transaction for test: [DefaultTestContext@2a367e93 testClass = BookServiceTest, testInstance = com.example.book.service.BookServiceTest@4f0cab0a, testMethod = getBooksTest@BookServiceTest, testException = [null], mergedContextConfiguration = [MergedContextConfiguration@1a6dc589 testClass = BookServiceTest, locations = '{file:src/main/webapp/WEB-INF/spring/root-context.xml}', classes = '{}', contextInitializerClasses = '[]', activeProfiles = '{}', propertySourceLocations = '{}', propertySourceProperties = '{}', contextCustomizers = set[[empty]], contextLoader = 'org.springframework.test.context.support.DelegatingSmartContextLoader', parent = [null]], attributes = map['org.springframework.test.context.event.ApplicationEventsTestExecutionListener.recordApplicationEvents' -> false]] 
]]></system-out>
  <system-err><![CDATA[]]></system-err>
</testsuite>
